Starting Dynare (version 5.0).
Calling Dynare with arguments: none
Starting preprocessing of the model file ...
Found 35 equation(s).
Evaluating expressions...done
Computing static model derivatives (order 1).
Computing dynamic model derivatives (order 2).
Processing outputs ...
done
Preprocessing completed.


You did not declare endogenous variables after the estimation/calib_smoother command.

The posterior mode file NKlinear_Est_All_mode has been generated using another specification of the model or another model!
Your mode file contains estimates for 20 parameters, while you are attempting to estimate only 19 parameters:
--> Parameter chi is not estimated according to the current mod file.

Initial value of the log posterior (or likelihood): -55.0941
-----------------
f at the beginning of new iteration,        55.0940965734
Predicted improvement:        8.235019216
lambda =          1; f =           54.8442604
lambda =    0.33333; f =           51.8548635
Norm of dx   0.040583
----
Improvement on iteration 1 =        3.239233105
-----------------
f at the beginning of new iteration,        51.8548634681
Predicted improvement:        4.190716034
lambda =          1; f =           49.7966506
lambda =    0.33333; f =           49.4969871
lambda =    0.64439; f =           48.3126118
Norm of dx   0.037072
----
Improvement on iteration 2 =        3.542251641
-----------------
f at the beginning of new iteration,        48.3126118272
Predicted improvement:        1.316824912
lambda =          1; f =           47.2664589
Norm of dx   0.021617
----
Improvement on iteration 3 =        1.046152881
-----------------
f at the beginning of new iteration,        47.2664589463
Predicted improvement:        0.621539710
lambda =          1; f =           46.5193644
Norm of dx   0.015792
----
Improvement on iteration 4 =        0.747094503
-----------------
f at the beginning of new iteration,        46.5193644437
Predicted improvement:        0.338560175
lambda =          1; f =           46.0602194
Norm of dx   0.012194
----
Improvement on iteration 5 =        0.459145093
-----------------
f at the beginning of new iteration,        46.0602193505
Predicted improvement:        0.380080384
lambda =          1; f =           45.6327139
Norm of dx   0.018699
----
Improvement on iteration 6 =        0.427505418
-----------------
f at the beginning of new iteration,        45.6327139329
Predicted improvement:        0.067491018
lambda =          1; f =           45.5229785
lambda =     1.9332; f =           45.4643427
Norm of dx  0.0049316
----
Improvement on iteration 7 =        0.168371237
-----------------
f at the beginning of new iteration,        45.4643426958
Predicted improvement:        0.077757710
lambda =          1; f =           45.3418414
lambda =     1.9332; f =           45.2868818
Norm of dx  0.0079605
----
Improvement on iteration 8 =        0.177460906
-----------------
f at the beginning of new iteration,        45.2868817896
Predicted improvement:        0.067956169
lambda =          1; f =           45.1760188
lambda =     1.9332; f =           45.1190368
Norm of dx  0.0090725
----
Improvement on iteration 9 =        0.167845010
-----------------
f at the beginning of new iteration,        45.1190367794
Predicted improvement:        0.059079136
lambda =          1; f =           45.0369956
Norm of dx  0.0070111
----
Improvement on iteration 10 =        0.082041175
-----------------
f at the beginning of new iteration,        45.0369956047
Predicted improvement:        0.036151563
lambda =          1; f =           44.9871838
Norm of dx  0.0059369
----
Improvement on iteration 11 =        0.049811844
-----------------
f at the beginning of new iteration,        44.9871837608
Predicted improvement:        0.032752080
lambda =          1; f =           44.9332871
lambda =     1.9332; f =           44.9042230
Norm of dx  0.0072302
----
Improvement on iteration 12 =        0.082960733
-----------------
f at the beginning of new iteration,        44.9042230283
Predicted improvement:        0.052418992
lambda =          1; f =           44.8257426
lambda =     1.9332; f =           44.7986251
Norm of dx   0.011857
----
Improvement on iteration 13 =        0.105597935
-----------------
f at the beginning of new iteration,        44.7986250935
Predicted improvement:        0.021929581
lambda =          1; f =           44.7614966
lambda =     1.9332; f =           44.7387054
lambda =     3.7372; f =           44.7256987
Norm of dx  0.0029239
----
Improvement on iteration 14 =        0.072926359
-----------------
f at the beginning of new iteration,        44.7256987347
Predicted improvement:        0.027205456
lambda =          1; f =           44.6742842
lambda =     1.9332; f =           44.6317007
lambda =     3.7372; f =           44.5641295
lambda =     7.2247; f =           44.4885631
Norm of dx  0.0060308
----
Improvement on iteration 15 =        0.237135628
-----------------
f at the beginning of new iteration,        44.4885631072
Predicted improvement:        0.083879077
lambda =          1; f =           44.3747609
Norm of dx   0.028372
----
Improvement on iteration 16 =        0.113802210
-----------------
f at the beginning of new iteration,        44.3747608968
Predicted improvement:        0.026199234
lambda =          1; f =           44.3427500
Norm of dx   0.014943
----
Improvement on iteration 17 =        0.032010920
-----------------
f at the beginning of new iteration,        44.3427499768
Predicted improvement:        0.007585279
lambda =          1; f =           44.3296614
lambda =     1.9332; f =           44.3211286
lambda =     3.7372; f =           44.3144056
Norm of dx  0.0052022
----
Improvement on iteration 18 =        0.028344335
-----------------
f at the beginning of new iteration,        44.3144056416
Predicted improvement:        0.016963006
lambda =          1; f =           44.2822760
lambda =     1.9332; f =           44.2555435
lambda =     3.7372; f =           44.2128095
lambda =     7.2247; f =           44.1639646
Norm of dx  0.0044265
----
Improvement on iteration 19 =        0.150441061
-----------------
f at the beginning of new iteration,        44.1639645807
Predicted improvement:        0.024579122
lambda =          1; f =           44.1317997
Norm of dx   0.016947
----
Improvement on iteration 20 =        0.032164890
-----------------
f at the beginning of new iteration,        44.1317996910
Predicted improvement:        0.008209483
lambda =          1; f =           44.1204795
Norm of dx  0.0084643
----
Improvement on iteration 21 =        0.011320224
-----------------
f at the beginning of new iteration,        44.1204794671
Predicted improvement:        0.005913775
lambda =          1; f =           44.1107602
lambda =     1.9332; f =           44.1055290
Norm of dx  0.0059951
----
Improvement on iteration 22 =        0.014950498
-----------------
f at the beginning of new iteration,        44.1055289695
Predicted improvement:        0.011736102
lambda =          1; f =           44.0841449
lambda =     1.9332; f =           44.0679657
lambda =     3.7372; f =           44.0470698
Norm of dx  0.0089993
----
Improvement on iteration 23 =        0.058459136
-----------------
f at the beginning of new iteration,        44.0470698339
Predicted improvement:        0.046674199
lambda =          1; f =           43.9726594
lambda =     1.9332; f =           43.9381384
Norm of dx   0.027632
----
Improvement on iteration 24 =        0.108931393
-----------------
f at the beginning of new iteration,        43.9381384410
Predicted improvement:        0.026893099
lambda =          1; f =           43.9019916
Norm of dx   0.010733
----
Improvement on iteration 25 =        0.036146870
-----------------
f at the beginning of new iteration,        43.9019915713
Predicted improvement:        0.010780577
lambda =          1; f =           43.8865021
lambda =     1.9332; f =           43.8828856
Norm of dx  0.0060005
----
Improvement on iteration 26 =        0.019106003
-----------------
f at the beginning of new iteration,        43.8828855685
Predicted improvement:        0.007923809
lambda =          1; f =           43.8676019
lambda =     1.9332; f =           43.8543536
lambda =     3.7372; f =           43.8315370
lambda =     7.2247; f =           43.7980185
lambda =     13.967; f =           43.7741839
Norm of dx   0.004382
----
Improvement on iteration 27 =        0.108701642
-----------------
f at the beginning of new iteration,        43.7741839267
Predicted improvement:        0.051955529
lambda =          1; f =           43.7096317
Norm of dx   0.035712
----
Improvement on iteration 28 =        0.064552244
-----------------
f at the beginning of new iteration,        43.7096316822
Predicted improvement:        0.014952403
lambda =          1; f =           43.6951454
Norm of dx   0.021997
----
Improvement on iteration 29 =        0.014486305
-----------------
f at the beginning of new iteration,        43.6951453767
Predicted improvement:        0.001138729
lambda =          1; f =           43.6930382
lambda =     1.9332; f =           43.6913795
lambda =     3.7372; f =           43.6890120
lambda =     7.2247; f =           43.6875465
Norm of dx 0.00099316
----
Improvement on iteration 30 =        0.007598884
-----------------
f at the beginning of new iteration,        43.6875464930
Predicted improvement:        0.006298729
lambda =          1; f =           43.6752293
lambda =     1.9332; f =           43.6642422
lambda =     3.7372; f =           43.6443842
lambda =     7.2247; f =           43.6111259
lambda =     13.967; f =           43.5657944
Norm of dx  0.0032995
----
Improvement on iteration 31 =        0.121752082
-----------------
f at the beginning of new iteration,        43.5657944108
Predicted improvement:        0.121482797
lambda =          1; f =           43.3778031
lambda =     1.9332; f =           43.3127587
Norm of dx   0.094915
----
Improvement on iteration 32 =        0.253035724
-----------------
f at the beginning of new iteration,        43.3127586871
Predicted improvement:        0.078127194
lambda =          1; f =           43.2028581
lambda =     1.9332; f =           43.1855609
Norm of dx   0.084817
----
Improvement on iteration 33 =        0.127197782
-----------------
f at the beginning of new iteration,        43.1855609052
Predicted improvement:        0.007429055
lambda =          1; f =           43.1778926
Norm of dx   0.031393
----
Improvement on iteration 34 =        0.007668330
-----------------
f at the beginning of new iteration,        43.1778925752
Predicted improvement:        0.001213711
lambda =          1; f =           43.1759222
lambda =     1.9332; f =           43.1749121
Norm of dx  0.0021253
----
Improvement on iteration 35 =        0.002980462
-----------------
f at the beginning of new iteration,        43.1749121135
Predicted improvement:        0.003281085
lambda =          1; f =           43.1687959
lambda =     1.9332; f =           43.1638926
lambda =     3.7372; f =           43.1566182
lambda =     7.2247; f =           43.1508189
Norm of dx   0.002826
----
Improvement on iteration 36 =        0.024093245
-----------------
f at the beginning of new iteration,        43.1508188682
Predicted improvement:        0.015703540
lambda =          1; f =           43.1227724
lambda =     1.9332; f =           43.1024964
lambda =     3.7372; f =           43.0786520
Norm of dx   0.014274
----
Improvement on iteration 37 =        0.072166897
-----------------
f at the beginning of new iteration,        43.0786519711
Predicted improvement:        0.008716969
lambda =          1; f =           43.0680939
Norm of dx   0.024197
----
Improvement on iteration 38 =        0.010558109
-----------------
f at the beginning of new iteration,        43.0680938625
Predicted improvement:        0.001035374
lambda =          1; f =           43.0667220
Norm of dx  0.0075274
----
Improvement on iteration 39 =        0.001371889
-----------------
f at the beginning of new iteration,        43.0667219738
Predicted improvement:        0.000560380
lambda =          1; f =           43.0657847
lambda =     1.9332; f =           43.0652339
Norm of dx  0.0042958
----
Improvement on iteration 40 =        0.001488062
-----------------
f at the beginning of new iteration,        43.0652339119
Predicted improvement:        0.001387288
lambda =          1; f =           43.0627199
lambda =     1.9332; f =           43.0608323
lambda =     3.7372; f =           43.0584140
Norm of dx   0.006151
----
Improvement on iteration 41 =        0.006819905
-----------------
f at the beginning of new iteration,        43.0584140066
Predicted improvement:        0.006730691
lambda =          1; f =           43.0458214
lambda =     1.9332; f =           43.0355737
lambda =     3.7372; f =           43.0196510
lambda =     7.2247; f =           43.0021994
Norm of dx   0.017608
----
Improvement on iteration 42 =        0.056214627
-----------------
f at the beginning of new iteration,        43.0021993800
Predicted improvement:        0.040443500
lambda =          1; f =           42.9300740
lambda =     1.9332; f =           42.8827770
lambda =     3.7372; f =           42.8776581
Norm of dx   0.066914
----
Improvement on iteration 43 =        0.124541317
-----------------
f at the beginning of new iteration,        42.8776580628
Predicted improvement:        0.097450345
lambda =          1; f =           42.7881157
Norm of dx    0.11913
----
Improvement on iteration 44 =        0.089542326
-----------------
f at the beginning of new iteration,        42.7881157372
Predicted improvement:        0.013430230
lambda =          1; f =           42.7705522
Norm of dx   0.017308
----
Improvement on iteration 45 =        0.017563569
-----------------
f at the beginning of new iteration,        42.7705521678
Predicted improvement:        0.004160543
lambda =          1; f =           42.7649195
Norm of dx  0.0089629
----
Improvement on iteration 46 =        0.005632703
-----------------
f at the beginning of new iteration,        42.7649194643
Predicted improvement:        0.003029223
lambda =          1; f =           42.7597435
lambda =     1.9332; f =           42.7565081
lambda =     3.7372; f =           42.7546206
Norm of dx  0.0077429
----
Improvement on iteration 47 =        0.010298849
-----------------
f at the beginning of new iteration,        42.7546206153
Predicted improvement:        0.007141526
lambda =          1; f =           42.7407943
lambda =     1.9332; f =           42.7287096
lambda =     3.7372; f =           42.7075329
lambda =     7.2247; f =           42.6744488
lambda =     13.967; f =           42.6377965
Norm of dx  0.0041999
----
Improvement on iteration 48 =        0.116824153
-----------------
f at the beginning of new iteration,        42.6377964626
Predicted improvement:        0.059423979
lambda =          1; f =           42.5673561
Norm of dx    0.13804
----
Improvement on iteration 49 =        0.070440386
-----------------
f at the beginning of new iteration,        42.5673560770
Predicted improvement:        0.009559427
lambda =          1; f =           42.5577777
Norm of dx   0.026213
----
Improvement on iteration 50 =        0.009578329
-----------------
f at the beginning of new iteration,        42.5577777480
Predicted improvement:        0.000887307
lambda =          1; f =           42.5565978
Norm of dx  0.0041325
----
Improvement on iteration 51 =        0.001179982
-----------------
f at the beginning of new iteration,        42.5565977664
Predicted improvement:        0.000378799
lambda =          1; f =           42.5560275
lambda =     1.9332; f =           42.5558335
Norm of dx   0.005323
----
Improvement on iteration 52 =        0.000764301
-----------------
f at the beginning of new iteration,        42.5558334658
Predicted improvement:        0.000408657
lambda =          1; f =           42.5550263
lambda =     1.9332; f =           42.5542911
lambda =     3.7372; f =           42.5529191
lambda =     7.2247; f =           42.5504518
lambda =     13.967; f =           42.5463789
lambda =         27; f =           42.5411456
Norm of dx  0.0010477
----
Improvement on iteration 53 =        0.014687873
-----------------
f at the beginning of new iteration,        42.5411455923
Predicted improvement:        0.014988463
lambda =          1; f =           42.5172657
lambda =     1.9332; f =           42.5063502
Norm of dx    0.02465
----
Improvement on iteration 54 =        0.034795362
-----------------
f at the beginning of new iteration,        42.5063502301
Predicted improvement:        0.009143084
lambda =          1; f =           42.4947727
Norm of dx   0.019037
----
Improvement on iteration 55 =        0.011577558
-----------------
f at the beginning of new iteration,        42.4947726718
Predicted improvement:        0.001445096
lambda =          1; f =           42.4932495
Norm of dx  0.0054409
----
Improvement on iteration 56 =        0.001523169
-----------------
f at the beginning of new iteration,        42.4932495029
Predicted improvement:        0.000064682
lambda =          1; f =           42.4931454
lambda =     1.9332; f =           42.4930911
Norm of dx  0.0017211
----
Improvement on iteration 57 =        0.000158382
-----------------
f at the beginning of new iteration,        42.4930911206
Predicted improvement:        0.000096298
lambda =          1; f =           42.4929245
lambda =     1.9332; f =           42.4928133
lambda =     3.7372; f =           42.4927199
Norm of dx 0.00076358
----
Improvement on iteration 58 =        0.000371187
-----------------
f at the beginning of new iteration,        42.4927199334
Predicted improvement:        0.000262760
lambda =          1; f =           42.4922025
lambda =     1.9332; f =           42.4917346
lambda =     3.7372; f =           42.4908705
lambda =     7.2247; f =           42.4893523
lambda =     13.967; f =           42.4869871
lambda =         27; f =           42.4845547
Norm of dx 0.00095755
----
Improvement on iteration 59 =        0.008165253
-----------------
f at the beginning of new iteration,        42.4845546808
Predicted improvement:        0.006045616
lambda =          1; f =           42.4743501
lambda =     1.9332; f =           42.4682557
Norm of dx   0.019516
----
Improvement on iteration 60 =        0.016298943
-----------------
f at the beginning of new iteration,        42.4682557379
Predicted improvement:        0.006742824
lambda =          1; f =           42.4609740
Norm of dx    0.03052
----
Improvement on iteration 61 =        0.007281724
-----------------
f at the beginning of new iteration,        42.4609740139
Predicted improvement:        0.000259811
lambda =          1; f =           42.4607007
Norm of dx  0.0055793
----
Improvement on iteration 62 =        0.000273319
-----------------
f at the beginning of new iteration,        42.4607006953
Predicted improvement:        0.000026726
lambda =          1; f =           42.4606592
lambda =     1.9332; f =           42.4606419
Norm of dx 0.00078669
----
Improvement on iteration 63 =        0.000058794
-----------------
f at the beginning of new iteration,        42.4606419015
Predicted improvement:        0.000041914
lambda =          1; f =           42.4605608
lambda =     1.9332; f =           42.4604899
lambda =     3.7372; f =           42.4603663
lambda =     7.2247; f =           42.4601771
lambda =     13.967; f =           42.4599979
Norm of dx 0.00027482
----
Improvement on iteration 64 =        0.000643999
-----------------
f at the beginning of new iteration,        42.4599979026
Predicted improvement:        0.000595950
lambda =          1; f =           42.4588368
lambda =     1.9332; f =           42.4578112
lambda =     3.7372; f =           42.4559874
lambda =     7.2247; f =           42.4530555
lambda =     13.967; f =           42.4496098
Norm of dx  0.0032872
----
Improvement on iteration 65 =        0.010388143
-----------------
f at the beginning of new iteration,        42.4496097596
Predicted improvement:        0.006433177
lambda =          1; f =           42.4403521
lambda =     1.9332; f =           42.4383048
Norm of dx   0.041901
----
Improvement on iteration 66 =        0.011304929
-----------------
f at the beginning of new iteration,        42.4383048306
Predicted improvement:        0.001099793
lambda =          1; f =           42.4371109
Norm of dx   0.009548
----
Improvement on iteration 67 =        0.001193937
-----------------
f at the beginning of new iteration,        42.4371108938
Predicted improvement:        0.000063006
lambda =          1; f =           42.4370481
Norm of dx  0.0036808
----
Improvement on iteration 68 =        0.000062837
-----------------
f at the beginning of new iteration,        42.4370480566
Predicted improvement:        0.000002145
lambda =          1; f =           42.4370454
Norm of dx 0.00059841
----
Improvement on iteration 69 =        0.000002660
-----------------
f at the beginning of new iteration,        42.4370453969
Predicted improvement:        0.000000345
lambda =          1; f =           42.4370448
lambda =     1.9332; f =           42.4370446
Norm of dx 0.00016808
----
Improvement on iteration 70 =        0.000000806
-----------------
f at the beginning of new iteration,        42.4370445908
Predicted improvement:        0.000000492
lambda =          1; f =           42.4370436
lambda =     1.9332; f =           42.4370428
lambda =     3.7372; f =           42.4370413
lambda =     7.2247; f =           42.4370390
lambda =     13.967; f =           42.4370369
Norm of dx 6.1521e-05
----
Improvement on iteration 71 =        0.000007665
-----------------
f at the beginning of new iteration,        42.4370369254
Predicted improvement:        0.000006871
lambda =          1; f =           42.4370234
lambda =     1.9332; f =           42.4370111
lambda =     3.7372; f =           42.4369885
lambda =     7.2247; f =           42.4369485
lambda =     13.967; f =           42.4368853
lambda =         27; f =           42.4368167
Norm of dx 0.00025947
----
Improvement on iteration 72 =        0.000220233
-----------------
f at the beginning of new iteration,        42.4368166922
Predicted improvement:        0.000122228
lambda =          1; f =           42.4366407
lambda =     1.9332; f =           42.4365994
Norm of dx  0.0052504
----
Improvement on iteration 73 =        0.000217307
-----------------
f at the beginning of new iteration,        42.4365993856
Predicted improvement:        0.000016202
lambda =          1; f =           42.4365811
Norm of dx  0.0012531
----
Improvement on iteration 74 =        0.000018330
-----------------
f at the beginning of new iteration,        42.4365810560
Predicted improvement:        0.000000759
lambda =          1; f =           42.4365804
Norm of dx  0.0001423
----
Improvement on iteration 75 =        0.000000679
-----------------
f at the beginning of new iteration,        42.4365803769
Predicted improvement:        0.000000004
lambda =          1; f =           42.4365804
lambda =     1.9332; f =           42.4365804
Norm of dx 2.3292e-05
----
Improvement on iteration 76 =        0.000000007
improvement < crit termination

Final value of minus the log posterior (or likelihood):42.436580 

MODE CHECK

Fval obtained by the minimization routine (minus the posterior/likelihood)): 42.436580

RESULTS FROM POSTERIOR ESTIMATION
parameters
          prior mean     mode    s.d.  prior pstdev

rhoA          0.5000   0.8144  0.0577   beta 0.2000 
rhoG          0.5000   0.3980  0.2610   beta 0.2000 
rhoMS         0.5000   0.9826  0.0131   beta 0.2000 
hss           0.4000   0.4052  0.1264   beta 0.1000 
phiX          2.0000   0.8554  0.4671   norm 1.5000 
sigma_c       2.0000   1.9543  0.4668   gamm 0.5000 
xi            0.5000   0.7251  0.0402   beta 0.1000 
gammap        0.5000   0.2334  0.1185   beta 0.1500 
alp           0.7000   0.6903  0.0575   beta 0.0500 
theta_pie     2.0000   1.9916  0.2298   norm 0.2500 
rho_r         0.7500   0.7618  0.0315   beta 0.1000 
theta_y       0.1250   0.0036  0.0096   norm 0.0500 
conspie       0.6250   0.6384  0.0805   gamm 0.1000 
trend         0.4000   0.5956  0.0647   norm 0.1000 
consr         1.5000   1.3581  0.0843   norm 0.1000 

standard deviation of shocks
          prior mean     mode    s.d.  prior pstdev

epsA          0.1000   0.9295  0.1904   invg 2.0000 
epsG          0.1000   0.9575  0.3851   invg 2.0000 
epsM          0.1000   0.1700  0.0166   invg 2.0000 
epsMS         0.1000   2.0291  0.5074   invg 2.0000 


Log data density [Laplace approximation] is -76.343998.

Estimation::mcmc: Multiple chains mode.
Estimation::mcmc: Old mh-files successfully erased!
Estimation::mcmc: Old metropolis.log file successfully erased!
Estimation::mcmc: Creation of a new metropolis.log file.
Estimation::mcmc: Searching for initial values...
Estimation::mcmc: Initial values found!

Estimation::mcmc: Write details about the MCMC... Ok!
Estimation::mcmc: Details about the MCMC are available in NKlinear_Est_Indexing/metropolis/NKlinear_Est_Indexing_mh_history_0.mat


Estimation::mcmc: Number of mh files: 1 per block.
Estimation::mcmc: Total number of generated files: 2.
Estimation::mcmc: Total number of iterations: 10000.
Estimation::mcmc: Current acceptance ratio per chain: 
                                                       Chain  1: 15.85%
                                                       Chain  2: 12.65%
Estimation::mcmc: Total number of MH draws per chain: 10000.
Estimation::mcmc: Total number of generated MH files: 1.
Estimation::mcmc: I'll use mh-files 1 to 1.
Estimation::mcmc: In MH-file number 1 I'll start at line 2001.
Estimation::mcmc: Finally I keep 8000 draws per chain.



MCMC Inefficiency factors per block
Parameter       Block 1     Block 2
SE_epsA         345.632     326.304
SE_epsG         545.377     327.860
SE_epsM         260.049     178.410
SE_epsMS        271.120     278.336
rhoA            236.053     327.790
rhoG            266.847     308.400
rhoMS           289.847     245.999
hss             147.885     151.911
phiX            402.440     456.314
sigma_c         362.685     263.425
xi              245.109     421.041
gammap          174.240     314.810
alp             218.734     249.452
theta_pie       201.899     461.477
rho_r           228.431     231.602
theta_y         432.528     582.949
conspie         319.941     154.947
trend           382.682     272.745
consr           115.482     174.023

Estimation::mcmc::diagnostics: Univariate convergence diagnostic, Brooks and Gelman (1998):
    Parameter 1...  Done! 
    Parameter 2...  Done! 
    Parameter 3...  Done! 
    Parameter 4...  Done! 
    Parameter 5...  Done! 
    Parameter 6...  Done! 
    Parameter 7...  Done! 
    Parameter 8...  Done! 
    Parameter 9...  Done! 
    Parameter 10...  Done! 
    Parameter 11...  Done! 
    Parameter 12...  Done! 
    Parameter 13...  Done! 
    Parameter 14...  Done! 
    Parameter 15...  Done! 
    Parameter 16...  Done! 
    Parameter 17...  Done! 
    Parameter 18...  Done! 
    Parameter 19...  Done! 

Estimation::marginal density: I'm computing the posterior mean and covariance...  Done!
Estimation::marginal density: I'm computing the posterior log marginal density (modified harmonic mean)... Done!


ESTIMATION RESULTS

Log data density is -73.773259.

parameters
            prior mean   post. mean        90% HPD interval    prior       pstdev

rhoA             0.500       0.7591      0.6654      0.8523     beta       0.2000
rhoG             0.500       0.5195      0.1942      0.9157     beta       0.2000
rhoMS            0.500       0.9820      0.9640      0.9981     beta       0.2000
hss              0.400       0.3361      0.1986      0.4676     beta       0.1000
phiX             2.000       1.4666      0.4351      2.5927     norm       1.5000
sigma_c          2.000       2.2483      1.3569      3.1068     gamm       0.5000
xi               0.500       0.7067      0.6345      0.7997     beta       0.1000
gammap           0.500       0.2802      0.0985      0.4429     beta       0.1500
alp              0.700       0.7070      0.6403      0.7874     beta       0.0500
theta_pie        2.000       2.0281      1.6305      2.4138     norm       0.2500
rho_r            0.750       0.7719      0.7202      0.8229     beta       0.1000
theta_y          0.125      -0.0082     -0.0365      0.0246     norm       0.0500
conspie          0.625       0.6661      0.5366      0.8114     gamm       0.1000
trend            0.400       0.5347      0.4332      0.6469     norm       0.1000
consr            1.500       1.3511      1.2227      1.4767     norm       0.1000

standard deviation of shocks
            prior mean   post. mean        90% HPD interval    prior       pstdev

epsA             0.100       1.0249      0.6722      1.4166     invg       2.0000
epsG             0.100       0.2800      0.0194      0.8361     invg       2.0000
epsM             0.100       0.1766      0.1471      0.2049     invg       2.0000
epsMS            0.100       2.0655      1.3382      2.9044     invg       2.0000

ans =

    1.0249
    0.2800
    0.1766
    2.0655
    0.7591
    0.5195
    0.9820
    0.3361
    1.4666
    2.2483
    0.7067
    0.2802
    0.7070
    2.0281
    0.7719
   -0.0082
    0.6661
    0.5347
    1.3511


MODEL SUMMARY

  Number of variables:         35
  Number of stochastic shocks: 4
  Number of state variables:   13
  Number of jumpers:           8
  Number of static variables:  17


MATRIX OF COVARIANCE OF EXOGENOUS SHOCKS
Variables        epsA      epsG      epsM     epsMS
epsA         1.050460  0.000000  0.000000  0.000000
epsG         0.000000  0.078376  0.000000  0.000000
epsM         0.000000  0.000000  0.031200  0.000000
epsMS        0.000000  0.000000  0.000000  4.266141

POLICY AND TRANSITION FUNCTIONS
                                  dy         pinfobs            robs               Y               C               I             PIE              Rn
Constant                    0.534658        0.666094        1.351063               0               0               0               0               0
Y(-1)                      -1.000000               0               0               0               0               0               0               0
K(-1)                       0.196695       -0.018889       -0.009104        0.196695        0.386486       -0.152624       -0.018889       -0.009104
A(-1)                       0.142846       -0.145576       -0.067609        0.142846        0.120498        0.343093       -0.145576       -0.067609
G(-1)                       0.112417        0.020345        0.009202        0.112417        0.023284       -0.025123        0.020345        0.009202
Rn(-1)                     -1.048198       -0.588193        0.501766       -1.048198       -1.558489       -0.606759       -0.588193        0.501766
MS(-1)                     -0.308948        0.036087        0.017269       -0.308948       -0.286592       -0.668420        0.036087        0.017269
I(-1)                       0.172479        0.042382        0.019285        0.172479        0.019435        0.771504        0.042382        0.019285
PIE(-1)                    -0.172386        0.158019        0.073420       -0.172386       -0.249786       -0.118272        0.158019        0.073420
epsA                        0.188176       -0.191772       -0.089063        0.188176        0.158735        0.451968       -0.191772       -0.089063
epsG                        0.216415        0.039166        0.017715        0.216415        0.044825       -0.048364        0.039166        0.017715
epsM                       -1.357924       -0.761995        0.650031       -1.357924       -2.018998       -0.786047       -0.761995        0.650031
epsMS                      -0.314599        0.036747        0.017585       -0.314599       -0.291834       -0.680647        0.036747        0.017585


THEORETICAL MOMENTS
VARIABLE         MEAN  STD. DEV.   VARIANCE
dy             0.5347     0.8511     0.7244
pinfobs        0.6661     0.3972     0.1578
robs           1.3511     0.5003     0.2503
Y              0.0000     9.7134    94.3498
C              0.0000     9.1942    84.5337
I              0.0000    22.8857   523.7565
PIE            0.0000     0.3972     0.1578
Rn             0.0000     0.5003     0.2503



VARIANCE DECOMPOSITION (in percent)
             epsA    epsG    epsM   epsMS
dy          10.76    0.75   10.54   77.95
pinfobs     33.36    0.09   18.94   47.61
robs        17.70    0.03    6.16   76.11
Y            0.90    0.00    0.08   99.02
C            0.66    0.00    0.18   99.16
I            1.17    0.00    0.02   98.81
PIE         33.36    0.09   18.94   47.61
Rn          17.70    0.03    6.16   76.11



MATRIX OF CORRELATIONS
Variables         dy  pinfobs     robs        Y        C        I      PIE       Rn
dy            1.0000  -0.2027  -0.1855   0.0438   0.0033   0.0849  -0.2027  -0.1855
pinfobs      -0.2027   1.0000   0.5902   0.3597   0.1976   0.5062   1.0000   0.5902
robs         -0.1855   0.5902   1.0000   0.3788   0.1573   0.5912   0.5902   1.0000
Y             0.0438   0.3597   0.3788   1.0000   0.9572   0.9442   0.3597   0.3788
C             0.0033   0.1976   0.1573   0.9572   1.0000   0.8085   0.1976   0.1573
I             0.0849   0.5062   0.5912   0.9442   0.8085   1.0000   0.5062   0.5912
PIE          -0.2027   1.0000   0.5902   0.3597   0.1976   0.5062   1.0000   0.5902
Rn           -0.1855   0.5902   1.0000   0.3788   0.1573   0.5912   0.5902   1.0000



COEFFICIENTS OF AUTOCORRELATION
Order           1       2       3       4       5       6       7       8       9      10
dy         0.4228  0.2374  0.1342  0.0789  0.0485  0.0308  0.0196  0.0122  0.0070  0.0033
pinfobs    0.7072  0.4668  0.3393  0.2820  0.2571  0.2444  0.2351  0.2259  0.2161  0.2056
robs       0.9274  0.8442  0.7670  0.7008  0.6454  0.5986  0.5581  0.5222  0.4894  0.4590
Y          0.9962  0.9891  0.9802  0.9702  0.9597  0.9488  0.9376  0.9263  0.9149  0.9035
C          0.9962  0.9916  0.9871  0.9829  0.9790  0.9751  0.9713  0.9672  0.9629  0.9583
I          0.9952  0.9833  0.9663  0.9460  0.9236  0.9000  0.8757  0.8513  0.8270  0.8031
PIE        0.7072  0.4668  0.3393  0.2820  0.2571  0.2444  0.2351  0.2259  0.2161  0.2056
Rn         0.9274  0.8442  0.7670  0.7008  0.6454  0.5986  0.5581  0.5222  0.4894  0.4590

The posterior mode file NKlinear_Est_All_mode has been generated using another specification of the model or another model!
Your mode file contains estimates for 20 parameters, while you are attempting to estimate only 19 parameters:
--> Parameter chi is not estimated according to the current mod file.

Total computing time : 0h03m14s
