Starting Dynare (version 5.0).
Calling Dynare with arguments: none
Starting preprocessing of the model file ...
Found 35 equation(s).
Evaluating expressions...done
Computing static model derivatives (order 1).
Computing dynamic model derivatives (order 2).
Processing outputs ...
done
Preprocessing completed.


You did not declare endogenous variables after the estimation/calib_smoother command.

The posterior mode file NKlinear_Est_Indexing_mode has been generated using another specification of the model or another model!
Your mode file contains estimates for 19 parameters, while you are attempting to estimate only 18 parameters:
--> Parameter gammap is not estimated according to the current mod file.

Initial value of the log posterior (or likelihood): -41.6908
-----------------
f at the beginning of new iteration,        41.6907753374
Predicted improvement:        1.349381410
lambda =          1; f =           40.6630511
Norm of dx   0.016428
----
Improvement on iteration 1 =        1.027724264
-----------------
f at the beginning of new iteration,        40.6630510739
Predicted improvement:        0.398227659
lambda =          1; f =           40.1685000
Norm of dx   0.011264
----
Improvement on iteration 2 =        0.494551056
-----------------
f at the beginning of new iteration,        40.1685000174
Predicted improvement:        0.268667926
lambda =          1; f =           39.5413182
lambda =     1.9332; f =           40.1815055
lambda =     1.3017; f =           39.5615058
lambda =     1.6503; f =           39.8243654
Norm of dx    0.01029
----
Improvement on iteration 3 =        0.627181784
-----------------
f at the beginning of new iteration,        39.5413182338
Predicted improvement:        0.381825526
lambda =          1; f =           41.6095159
lambda =    0.33333; f =           39.7204065
lambda =    0.11111; f =           39.5032126
Norm of dx   0.017561
----
Improvement on iteration 4 =        0.038105683
-----------------
f at the beginning of new iteration,        39.5032125507
Predicted improvement:        0.064804400
lambda =          1; f =           39.4168857
Norm of dx   0.003353
----
Improvement on iteration 5 =        0.086326805
-----------------
f at the beginning of new iteration,        39.4168857453
Predicted improvement:        0.039197041
lambda =          1; f =           39.3728652
Norm of dx  0.0039011
----
Improvement on iteration 6 =        0.044020542
-----------------
f at the beginning of new iteration,        39.3728652035
Predicted improvement:        0.008780147
lambda =          1; f =           39.3585984
lambda =     1.9332; f =           39.3512658
Norm of dx  0.0020657
----
Improvement on iteration 7 =        0.021599441
-----------------
f at the beginning of new iteration,        39.3512657625
Predicted improvement:        0.008361920
lambda =          1; f =           39.3403570
Norm of dx   0.002537
----
Improvement on iteration 8 =        0.010908809
-----------------
f at the beginning of new iteration,        39.3403569539
Predicted improvement:        0.002227703
lambda =          1; f =           39.3374099
Norm of dx  0.0011458
----
Improvement on iteration 9 =        0.002947053
-----------------
f at the beginning of new iteration,        39.3374099012
Predicted improvement:        0.001212778
lambda =          1; f =           39.3353757
lambda =     1.9332; f =           39.3341826
Norm of dx 0.00092331
----
Improvement on iteration 10 =        0.003227340
-----------------
f at the beginning of new iteration,        39.3341825609
Predicted improvement:        0.002681665
lambda =          1; f =           39.3296262
lambda =     1.9332; f =           39.3268239
lambda =     3.7372; f =           39.3253223
Norm of dx   0.002273
----
Improvement on iteration 11 =        0.008860226
-----------------
f at the beginning of new iteration,        39.3253223347
Predicted improvement:        0.003765275
lambda =          1; f =           39.3192707
lambda =     1.9332; f =           39.3163240
Norm of dx  0.0010614
----
Improvement on iteration 12 =        0.008998288
-----------------
f at the beginning of new iteration,        39.3163240468
Predicted improvement:        0.001427830
lambda =          1; f =           39.3142046
lambda =     1.9332; f =           39.3135640
Norm of dx  0.0021841
----
Improvement on iteration 13 =        0.002760060
-----------------
f at the beginning of new iteration,        39.3135639863
Predicted improvement:        0.001253022
lambda =          1; f =           39.3111395
lambda =     1.9332; f =           39.3090270
lambda =     3.7372; f =           39.3053518
lambda =     7.2247; f =           39.2997645
lambda =     13.967; f =           39.2945687
Norm of dx  0.0011308
----
Improvement on iteration 14 =        0.018995245
-----------------
f at the beginning of new iteration,        39.2945687416
Predicted improvement:        0.001995051
lambda =          1; f =           39.2914485
lambda =     1.9332; f =           39.2901130
Norm of dx  0.0024659
----
Improvement on iteration 15 =        0.004455712
-----------------
f at the beginning of new iteration,        39.2901130292
Predicted improvement:        0.002046318
lambda =          1; f =           39.2863207
lambda =     1.9332; f =           39.2833283
lambda =     3.7372; f =           39.2790469
lambda =     7.2247; f =           39.2764372
Norm of dx  0.0023636
----
Improvement on iteration 16 =        0.013675869
-----------------
f at the beginning of new iteration,        39.2764371606
Predicted improvement:        0.004948061
lambda =          1; f =           39.2691189
lambda =     1.9332; f =           39.2669632
Norm of dx  0.0031411
----
Improvement on iteration 17 =        0.009473934
-----------------
f at the beginning of new iteration,        39.2669632264
Predicted improvement:        0.001596367
lambda =          1; f =           39.2639261
lambda =     1.9332; f =           39.2613810
lambda =     3.7372; f =           39.2572688
lambda =     7.2247; f =           39.2524424
Norm of dx  0.0029251
----
Improvement on iteration 18 =        0.014520838
-----------------
f at the beginning of new iteration,        39.2524423886
Predicted improvement:        0.013777953
lambda =          1; f =           39.2301377
lambda =     1.9332; f =           39.2186527
Norm of dx   0.020211
----
Improvement on iteration 19 =        0.033789695
-----------------
f at the beginning of new iteration,        39.2186526937
Predicted improvement:        0.007873869
lambda =          1; f =           39.2094372
Norm of dx  0.0098175
----
Improvement on iteration 20 =        0.009215533
-----------------
f at the beginning of new iteration,        39.2094371605
Predicted improvement:        0.001406976
lambda =          1; f =           39.2070161
lambda =     1.9332; f =           39.2054546
lambda =     3.7372; f =           39.2043364
Norm of dx   0.001888
----
Improvement on iteration 21 =        0.005100781
-----------------
f at the beginning of new iteration,        39.2043363800
Predicted improvement:        0.002950637
lambda =          1; f =           39.1988926
lambda =     1.9332; f =           39.1946358
lambda =     3.7372; f =           39.1886652
lambda =     7.2247; f =           39.1855993
Norm of dx  0.0015013
----
Improvement on iteration 22 =        0.018737122
-----------------
f at the beginning of new iteration,        39.1855992577
Predicted improvement:        0.002694314
lambda =          1; f =           39.1816745
lambda =     1.9332; f =           39.1805969
Norm of dx   0.011695
----
Improvement on iteration 23 =        0.005002308
-----------------
f at the beginning of new iteration,        39.1805969492
Predicted improvement:        0.001343335
lambda =          1; f =           39.1780383
lambda =     1.9332; f =           39.1758787
lambda =     3.7372; f =           39.1723365
lambda =     7.2247; f =           39.1679128
Norm of dx   0.002025
----
Improvement on iteration 24 =        0.012684168
-----------------
f at the beginning of new iteration,        39.1679127811
Predicted improvement:        0.007684732
lambda =          1; f =           39.1566738
lambda =     1.9332; f =           39.1539231
Norm of dx   0.012028
----
Improvement on iteration 25 =        0.013989695
-----------------
f at the beginning of new iteration,        39.1539230863
Predicted improvement:        0.002198069
lambda =          1; f =           39.1515832
Norm of dx  0.0033914
----
Improvement on iteration 26 =        0.002339848
-----------------
f at the beginning of new iteration,        39.1515832384
Predicted improvement:        0.000161527
lambda =          1; f =           39.1513682
Norm of dx  0.0019701
----
Improvement on iteration 27 =        0.000215088
-----------------
f at the beginning of new iteration,        39.1513681508
Predicted improvement:        0.000126835
lambda =          1; f =           39.1511445
lambda =     1.9332; f =           39.1509888
lambda =     3.7372; f =           39.1508332
Norm of dx   0.000989
----
Improvement on iteration 28 =        0.000534964
-----------------
f at the beginning of new iteration,        39.1508331872
Predicted improvement:        0.000425782
lambda =          1; f =           39.1500000
lambda =     1.9332; f =           39.1492546
lambda =     3.7372; f =           39.1479016
lambda =     7.2247; f =           39.1456156
lambda =     13.967; f =           39.1424308
lambda =         27; f =           39.1409122
Norm of dx 0.00096401
----
Improvement on iteration 29 =        0.009920956
-----------------
f at the beginning of new iteration,        39.1409122313
Predicted improvement:        0.005681393
lambda =          1; f =           39.1321665
lambda =     1.9332; f =           39.1286797
Norm of dx   0.015445
----
Improvement on iteration 30 =        0.012232535
-----------------
f at the beginning of new iteration,        39.1286796960
Predicted improvement:        0.000625830
lambda =          1; f =           39.1279866
Norm of dx  0.0086588
----
Improvement on iteration 31 =        0.000693132
-----------------
f at the beginning of new iteration,        39.1279865644
Predicted improvement:        0.000052218
lambda =          1; f =           39.1278946
lambda =     1.9332; f =           39.1278303
lambda =     3.7372; f =           39.1277650
Norm of dx  0.0015664
----
Improvement on iteration 32 =        0.000221591
-----------------
f at the beginning of new iteration,        39.1277649730
Predicted improvement:        0.000177429
lambda =          1; f =           39.1274190
lambda =     1.9332; f =           39.1271128
lambda =     3.7372; f =           39.1265659
lambda =     7.2247; f =           39.1256763
lambda =     13.967; f =           39.1245748
Norm of dx  0.0013985
----
Improvement on iteration 33 =        0.003190184
-----------------
f at the beginning of new iteration,        39.1245747890
Predicted improvement:        0.002496200
lambda =          1; f =           39.1205729
lambda =     1.9332; f =           39.1186209
Norm of dx  0.0099361
----
Improvement on iteration 34 =        0.005953874
-----------------
f at the beginning of new iteration,        39.1186209150
Predicted improvement:        0.001177008
lambda =          1; f =           39.1172142
Norm of dx  0.0080051
----
Improvement on iteration 35 =        0.001406706
-----------------
f at the beginning of new iteration,        39.1172142090
Predicted improvement:        0.000109480
lambda =          1; f =           39.1170651
Norm of dx  0.0028711
----
Improvement on iteration 36 =        0.000149126
-----------------
f at the beginning of new iteration,        39.1170650829
Predicted improvement:        0.000076673
lambda =          1; f =           39.1169320
lambda =     1.9332; f =           39.1168457
lambda =     3.7372; f =           39.1167833
Norm of dx  0.0015293
----
Improvement on iteration 37 =        0.000281830
-----------------
f at the beginning of new iteration,        39.1167832530
Predicted improvement:        0.000199824
lambda =          1; f =           39.1163882
lambda =     1.9332; f =           39.1160276
lambda =     3.7372; f =           39.1153528
lambda =     7.2247; f =           39.1141311
lambda =     13.967; f =           39.1120775
lambda =         27; f =           39.1092484
Norm of dx  0.0010319
----
Improvement on iteration 38 =        0.007534871
-----------------
f at the beginning of new iteration,        39.1092483823
Predicted improvement:        0.002011972
lambda =          1; f =           39.1071453
Norm of dx   0.016877
----
Improvement on iteration 39 =        0.002103077
-----------------
f at the beginning of new iteration,        39.1071453052
Predicted improvement:        0.000016336
lambda =          1; f =           39.1071236
Norm of dx 0.00080381
----
Improvement on iteration 40 =        0.000021707
-----------------
f at the beginning of new iteration,        39.1071235981
Predicted improvement:        0.000010250
lambda =          1; f =           39.1071070
lambda =     1.9332; f =           39.1070979
Norm of dx 0.00044504
----
Improvement on iteration 41 =        0.000025712
-----------------
f at the beginning of new iteration,        39.1070978864
Predicted improvement:        0.000022506
lambda =          1; f =           39.1070569
lambda =     1.9332; f =           39.1070250
lambda =     3.7372; f =           39.1069812
Norm of dx 0.00046261
----
Improvement on iteration 42 =        0.000116692
-----------------
f at the beginning of new iteration,        39.1069811942
Predicted improvement:        0.000136547
lambda =          1; f =           39.1067387
lambda =     1.9332; f =           39.1065658
lambda =     3.7372; f =           39.1063777
Norm of dx  0.0016025
----
Improvement on iteration 43 =        0.000603455
-----------------
f at the beginning of new iteration,        39.1063777388
Predicted improvement:        0.000398387
lambda =          1; f =           39.1056980
lambda =     1.9332; f =           39.1052742
lambda =     3.7372; f =           39.1050247
Norm of dx  0.0040177
----
Improvement on iteration 44 =        0.001352991
-----------------
f at the beginning of new iteration,        39.1050247475
Predicted improvement:        0.000144179
lambda =          1; f =           39.1048559
Norm of dx  0.0031291
----
Improvement on iteration 45 =        0.000168798
-----------------
f at the beginning of new iteration,        39.1048559491
Predicted improvement:        0.000005173
lambda =          1; f =           39.1048496
Norm of dx 0.00059323
----
Improvement on iteration 46 =        0.000006305
-----------------
f at the beginning of new iteration,        39.1048496440
Predicted improvement:        0.000000822
lambda =          1; f =           39.1048480
lambda =     1.9332; f =           39.1048467
lambda =     3.7372; f =           39.1048446
lambda =     7.2247; f =           39.1048425
Norm of dx 8.7429e-05
----
Improvement on iteration 47 =        0.000007118
-----------------
f at the beginning of new iteration,        39.1048425258
Predicted improvement:        0.000005714
lambda =          1; f =           39.1048312
lambda =     1.9332; f =           39.1048208
lambda =     3.7372; f =           39.1048015
lambda =     7.2247; f =           39.1047670
lambda =     13.967; f =           39.1047105
lambda =         27; f =           39.1046391
Norm of dx 0.00015594
----
Improvement on iteration 48 =        0.000203468
-----------------
f at the beginning of new iteration,        39.1046390579
Predicted improvement:        0.000120576
lambda =          1; f =           39.1044699
lambda =     1.9332; f =           39.1044422
Norm of dx  0.0033046
----
Improvement on iteration 49 =        0.000196835
-----------------
f at the beginning of new iteration,        39.1044422230
Predicted improvement:        0.000016964
lambda =          1; f =           39.1044243
Norm of dx  0.0016365
----
Improvement on iteration 50 =        0.000017886
-----------------
f at the beginning of new iteration,        39.1044243370
Predicted improvement:        0.000000394
lambda =          1; f =           39.1044240
Norm of dx 0.00026209
----
Improvement on iteration 51 =        0.000000296
-----------------
f at the beginning of new iteration,        39.1044240411
Predicted improvement:        0.000000062
lambda =          1; f =           39.1044239
lambda =     1.9332; f =           39.1044239
Norm of dx 4.6945e-05
----
Improvement on iteration 52 =        0.000000165
-----------------
f at the beginning of new iteration,        39.1044238764
Predicted improvement:        0.000000520
lambda =          1; f =           39.1044231
lambda =     1.9332; f =           39.1044227
Norm of dx 0.00020987
----
Improvement on iteration 53 =        0.000001131
-----------------
f at the beginning of new iteration,        39.1044227457
Predicted improvement:        0.000000987
lambda =          1; f =           39.1044209
lambda =     1.9332; f =           39.1044195
lambda =     3.7372; f =           39.1044172
lambda =     7.2247; f =           39.1044151
Norm of dx 0.00017106
----
Improvement on iteration 54 =        0.000007646
-----------------
f at the beginning of new iteration,        39.1044150999
Predicted improvement:        0.000006935
lambda =          1; f =           39.1044018
lambda =     1.9332; f =           39.1043903
lambda =     3.7372; f =           39.1043709
lambda =     7.2247; f =           39.1043432
lambda =     13.967; f =           39.1043270
Norm of dx 0.00055364
----
Improvement on iteration 55 =        0.000088108
-----------------
f at the beginning of new iteration,        39.1043269923
Predicted improvement:        0.000020117
lambda =          1; f =           39.1043016
Norm of dx   0.001924
----
Improvement on iteration 56 =        0.000025425
-----------------
f at the beginning of new iteration,        39.1043015675
Predicted improvement:        0.000001486
lambda =          1; f =           39.1042999
Norm of dx 0.00064015
----
Improvement on iteration 57 =        0.000001693
-----------------
f at the beginning of new iteration,        39.1042998746
Predicted improvement:        0.000000004
lambda =          1; f =           39.1042999
lambda =     1.9332; f =           39.1042999
lambda =     3.7372; f =           39.1042998
lambda =     7.2247; f =           39.1042998
lambda =     13.967; f =           39.1042998
lambda =         27; f =           39.1042998
Norm of dx 9.8178e-06
----
Improvement on iteration 58 =        0.000000088
improvement < crit termination

Final value of minus the log posterior (or likelihood):39.104300 

MODE CHECK

Fval obtained by the minimization routine (minus the posterior/likelihood)): 39.104300

RESULTS FROM POSTERIOR ESTIMATION
parameters
          prior mean     mode    s.d.  prior pstdev

rhoA          0.5000   0.8241  0.0543   beta 0.2000 
rhoG          0.5000   0.4031  0.2592   beta 0.2000 
rhoMS         0.5000   0.9854  0.0108   beta 0.2000 
hss           0.4000   0.3648  0.1101   beta 0.1000 
phiX          2.0000   1.1157  0.5259   norm 1.5000 
sigma_c       2.0000   1.9278  0.4731   gamm 0.5000 
xi            0.5000   0.7544  0.0339   beta 0.1000 
alp           0.7000   0.6929  0.0607   beta 0.0500 
theta_pie     2.0000   1.9328  0.2305   norm 0.2500 
rho_r         0.7500   0.7619  0.0307   beta 0.1000 
theta_y       0.1250   0.0026  0.0088   norm 0.0500 
conspie       0.6250   0.6359  0.0874   gamm 0.1000 
trend         0.4000   0.5861  0.0718   norm 0.1000 
consr         1.5000   1.3612  0.0849   norm 0.1000 

standard deviation of shocks
          prior mean     mode    s.d.  prior pstdev

epsA          0.1000   0.9572  0.2014   invg 2.0000 
epsG          0.1000   0.9502  0.4915   invg 2.0000 
epsM          0.1000   0.1696  0.0165   invg 2.0000 
epsMS         0.1000   1.9812  0.4485   invg 2.0000 


Log data density [Laplace approximation] is -71.743169.

Estimation::mcmc: Multiple chains mode.
Estimation::mcmc: Old mh-files successfully erased!
Estimation::mcmc: Old metropolis.log file successfully erased!
Estimation::mcmc: Creation of a new metropolis.log file.
Estimation::mcmc: Searching for initial values...
Estimation::mcmc: Initial values found!

Estimation::mcmc: Write details about the MCMC... Ok!
Estimation::mcmc: Details about the MCMC are available in NKlinear_Est_None/metropolis/NKlinear_Est_None_mh_history_0.mat


Estimation::mcmc: Number of mh files: 1 per block.
Estimation::mcmc: Total number of generated files: 2.
Estimation::mcmc: Total number of iterations: 10000.
Estimation::mcmc: Current acceptance ratio per chain: 
                                                       Chain  1: 13.08%
                                                       Chain  2: 9.31%
Estimation::mcmc: Total number of MH draws per chain: 10000.
Estimation::mcmc: Total number of generated MH files: 1.
Estimation::mcmc: I'll use mh-files 1 to 1.
Estimation::mcmc: In MH-file number 1 I'll start at line 2001.
Estimation::mcmc: Finally I keep 8000 draws per chain.



MCMC Inefficiency factors per block
Parameter       Block 1     Block 2
SE_epsA         529.732     138.974
SE_epsG         240.221     152.702
SE_epsM         176.373     201.875
SE_epsMS        259.603     182.988
rhoA            297.342     290.171
rhoG            148.765     293.659
rhoMS           436.327     169.295
hss             291.258     110.711
phiX            545.697     444.327
sigma_c         284.576     276.645
xi              345.722     210.642
alp             193.773      73.580
theta_pie       181.413     161.106
rho_r           240.298     160.210
theta_y         524.768     288.260
conspie         157.595     222.457
trend           182.878     280.958
consr           205.364     214.441

Estimation::mcmc::diagnostics: Univariate convergence diagnostic, Brooks and Gelman (1998):
    Parameter 1...  Done! 
    Parameter 2...  Done! 
    Parameter 3...  Done! 
    Parameter 4...  Done! 
    Parameter 5...  Done! 
    Parameter 6...  Done! 
    Parameter 7...  Done! 
    Parameter 8...  Done! 
    Parameter 9...  Done! 
    Parameter 10...  Done! 
    Parameter 11...  Done! 
    Parameter 12...  Done! 
    Parameter 13...  Done! 
    Parameter 14...  Done! 
    Parameter 15...  Done! 
    Parameter 16...  Done! 
    Parameter 17...  Done! 
    Parameter 18...  Done! 

Estimation::marginal density: I'm computing the posterior mean and covariance...  Done!
Estimation::marginal density: I'm computing the posterior log marginal density (modified harmonic mean)... Done!


ESTIMATION RESULTS

Log data density is -69.597176.

parameters
            prior mean   post. mean        90% HPD interval    prior       pstdev

rhoA             0.500       0.7689      0.6849      0.8357     beta       0.2000
rhoG             0.500       0.5156      0.1902      0.8477     beta       0.2000
rhoMS            0.500       0.9849      0.9697      0.9983     beta       0.2000
hss              0.400       0.2958      0.1725      0.4270     beta       0.1000
phiX             2.000       2.0564      0.7413      3.3977     norm       1.5000
sigma_c          2.000       1.9625      1.3632      2.6000     gamm       0.5000
xi               0.500       0.7521      0.6959      0.8222     beta       0.1000
alp              0.700       0.6954      0.6267      0.7561     beta       0.0500
theta_pie        2.000       2.0237      1.7428      2.3439     norm       0.2500
rho_r            0.750       0.7820      0.7453      0.8257     beta       0.1000
theta_y          0.125      -0.0157     -0.0398      0.0139     norm       0.0500
conspie          0.625       0.6903      0.5459      0.8438     gamm       0.1000
trend            0.400       0.5361      0.4454      0.6300     norm       0.1000
consr            1.500       1.3511      1.2149      1.4789     norm       0.1000

standard deviation of shocks
            prior mean   post. mean        90% HPD interval    prior       pstdev

epsA             0.100       1.1716      0.6741      1.7052     invg       2.0000
epsG             0.100       0.1260      0.0208      0.2217     invg       2.0000
epsM             0.100       0.1723      0.1474      0.1952     invg       2.0000
epsMS            0.100       2.0621      1.3248      2.8196     invg       2.0000

ans =

    1.1716
    0.1260
    0.1723
    2.0621
    0.7689
    0.5156
    0.9849
    0.2958
    2.0564
    1.9625
    0.7521
    0.6954
    2.0237
    0.7820
   -0.0157
    0.6903
    0.5361
    1.3511


MODEL SUMMARY

  Number of variables:         35
  Number of stochastic shocks: 4
  Number of state variables:   13
  Number of jumpers:           8
  Number of static variables:  17


MATRIX OF COVARIANCE OF EXOGENOUS SHOCKS
Variables        epsA      epsG      epsM     epsMS
epsA         1.372619  0.000000  0.000000  0.000000
epsG         0.000000  0.015870  0.000000  0.000000
epsM         0.000000  0.000000  0.029690  0.000000
epsMS        0.000000  0.000000  0.000000  4.252442

POLICY AND TRANSITION FUNCTIONS
                                  dy         pinfobs            robs               Y               C               I             PIE              Rn
Constant                    0.536052        0.690332        1.351148               0               0               0               0               0
Y(-1)                      -1.000000               0               0               0               0               0               0               0
K(-1)                       0.203883       -0.018745       -0.008968        0.203883        0.402949       -0.143209       -0.018745       -0.008968
A(-1)                       0.134878       -0.118953       -0.052940        0.134878        0.145375        0.231018       -0.118953       -0.052940
G(-1)                       0.110565        0.014625        0.006074        0.110565        0.017319       -0.012267        0.014625        0.006074
Rn(-1)                     -1.197962       -0.588727        0.526380       -1.197962       -1.807512       -0.664050       -0.588727        0.526380
MS(-1)                     -0.316412        0.018617        0.009297       -0.316412       -0.315360       -0.610964        0.018617        0.009297
I(-1)                       0.183760        0.038046        0.016156        0.183760        0.010707        0.818326        0.038046        0.016156
epsA                        0.175407       -0.154696       -0.068848        0.175407        0.189058        0.300435       -0.154696       -0.068848
epsG                        0.214423        0.028364        0.011779        0.214423        0.033587       -0.023790        0.028364        0.011779
epsM                       -1.531913       -0.752843        0.673117       -1.531913       -2.311384       -0.849164       -0.752843        0.673117
epsMS                      -0.321250        0.018902        0.009439       -0.321250       -0.320182       -0.620305        0.018902        0.009439


THEORETICAL MOMENTS
VARIABLE         MEAN  STD. DEV.   VARIANCE
dy             0.5361     0.8581     0.7364
pinfobs        0.6903     0.4113     0.1692
robs           1.3511     0.5376     0.2890
Y              0.0000    11.6165   134.9427
C              0.0000    11.0924   123.0420
I              0.0000    26.4572   699.9839
PIE            0.0000     0.4113     0.1692
Rn             0.0000     0.5376     0.2890



VARIANCE DECOMPOSITION (in percent)
             epsA    epsG    epsM   epsMS
dy           8.81    0.14   11.50   79.55
pinfobs     23.99    0.01   14.68   61.33
robs        12.13    0.00    6.18   81.69
Y            0.63    0.00    0.09   99.28
C            0.51    0.00    0.18   99.31
I            0.76    0.00    0.03   99.21
PIE         23.99    0.01   14.68   61.33
Rn          12.13    0.00    6.18   81.69



MATRIX OF CORRELATIONS
Variables         dy  pinfobs     robs        Y        C        I      PIE       Rn
dy            1.0000  -0.0366  -0.0832   0.0369  -0.0085   0.0843  -0.0366  -0.0832
pinfobs      -0.0366   1.0000   0.6684   0.5567   0.3840   0.6939   1.0000   0.6684
robs         -0.0832   0.6684   1.0000   0.4995   0.2723   0.7041   0.6684   1.0000
Y             0.0369   0.5567   0.4995   1.0000   0.9572   0.9453   0.5567   0.4995
C            -0.0085   0.3840   0.2723   0.9572   1.0000   0.8105   0.3840   0.2723
I             0.0843   0.6939   0.7041   0.9453   0.8105   1.0000   0.6939   0.7041
PIE          -0.0366   1.0000   0.6684   0.5567   0.3840   0.6939   1.0000   0.6684
Rn           -0.0832   0.6684   1.0000   0.4995   0.2723   0.7041   0.6684   1.0000



COEFFICIENTS OF AUTOCORRELATION
Order           1       2       3       4       5       6       7       8       9      10
dy         0.4025  0.2779  0.1961  0.1409  0.1028  0.0758  0.0563  0.0417  0.0308  0.0224
pinfobs    0.7779  0.6483  0.5699  0.5195  0.4843  0.4573  0.4346  0.4143  0.3954  0.3772
robs       0.9491  0.8953  0.8433  0.7947  0.7496  0.7079  0.6689  0.6322  0.5973  0.5640
Y          0.9973  0.9923  0.9859  0.9784  0.9701  0.9613  0.9520  0.9425  0.9327  0.9227
C          0.9970  0.9937  0.9904  0.9871  0.9839  0.9807  0.9775  0.9740  0.9704  0.9666
I          0.9966  0.9878  0.9749  0.9589  0.9408  0.9211  0.9004  0.8790  0.8574  0.8358
PIE        0.7779  0.6483  0.5699  0.5195  0.4843  0.4573  0.4346  0.4143  0.3954  0.3772
Rn         0.9491  0.8953  0.8433  0.7947  0.7496  0.7079  0.6689  0.6322  0.5973  0.5640

The posterior mode file NKlinear_Est_Indexing_mode has been generated using another specification of the model or another model!
Your mode file contains estimates for 19 parameters, while you are attempting to estimate only 18 parameters:
--> Parameter gammap is not estimated according to the current mod file.

Total computing time : 0h02m46s
