Starting Dynare (version 5.0).
Calling Dynare with arguments: none
Starting preprocessing of the model file ...
Found 72 equation(s).
Evaluating expressions...done
Computing static model derivatives (order 1).
Computing dynamic model derivatives (order 1).
Processing outputs ...
done
Preprocessing completed.


STEADY-STATE RESULTS:

U            		 -0.892082
UC           		 1.77213
UH           		 -2.49632
LAMBDA       		 0.99
R            		 1.0101
RK           		 1.0101
C            		 0.506878
W            		 1.40865
H            		 0.35
Y            		 0.821713
PWP          		 0.857143
K            		 6.0197
I            		 0.150493
tax          		 0.164343
A            		 1
G            		 0.164343
KY           		 7.3258
IY           		 0.183145
CY           		 0.616855
S            		 0
Sdash        		 0
Q            		 1
X            		 1
Rn           		 1.0101
ER           		 1.0101
PIE          		 1
MC           		 0.857143
JJ           		 5.65508
JJtilde      		 5.65508
J            		 5.65508
Jtilde       		 5.65508
PIEtilde     		 1
Delta        		 1
MS           		 1
UF           		 -0.892082
UCF          		 1.77213
UHF          		 -2.49632
RF           		 1.0101
GF           		 0.164343
PWPF         		 0.857143
HF           		 0.35
YF           		 0.821713
KF           		 6.0197
IF           		 0.150493
WF           		 1.40865
CF           		 0.506878
KYF          		 7.3258
IYF          		 0.183145
CYF          		 0.616855
taxF         		 0.164343
LAMBDAF      		 0.99
RKF          		 1.0101
SF           		 0
SdashF       		 0
QF           		 1
XF           		 1
OUTGAP       		 1
IS           		 1
PS           		 1
RR           		 1
RnRn         		 1
ERER         		 1
YY           		 1
CC           		 1
HH           		 1
WW           		 1
II           		 1
KK           		 1
QQ           		 1
PIEPIE       		 1
OUTGAPOUTGAP 		 1
varrho       		 0.857577

EIGENVALUES:
         Modulus             Real        Imaginary

       1.702e-17       -1.702e-17                0
       2.569e-17       -2.569e-17                0
       1.388e-16        1.388e-16                0
       4.607e-16       -4.607e-16                0
          0.5343           0.5343                0
          0.5562           0.5562                0
          0.5732            0.528           0.2232
          0.5732            0.528          -0.2232
            0.75             0.75                0
            0.75             0.75                0
            0.75             0.75                0
            0.75             0.75                0
            0.75             0.75                0
          0.8712           0.8712                0
          0.8732           0.8732                0
          0.9498           0.9498                0
          0.9529           0.9529                0
           0.999            0.999                0
           0.999            0.999                0
           1.057            1.057                0
           1.062            1.062                0
           1.125            1.125                0
           1.192            1.192                0
           1.278            1.271           0.1301
           1.278            1.271          -0.1301
           1.347            1.347                0
       6.663e+16        6.663e+16                0
       1.363e+17        1.363e+17                0
       2.674e+18       -2.674e+18                0
       3.531e+19       -3.531e+19                0
        1.33e+20        -1.33e+20                0
        4.51e+22        -4.51e+22                0
             Inf              Inf                0


There are 14 eigenvalue(s) larger than 1 in modulus 
for 14 forward-looking variable(s)

The rank condition is verified.


MODEL SUMMARY

  Number of variables:         72
  Number of stochastic shocks: 6
  Number of state variables:   19
  Number of jumpers:           14
  Number of static variables:  42


MATRIX OF COVARIANCE OF EXOGENOUS SHOCKS
Variables        epsA      epsG     epsMS      epsM     epsIS     epsPS
epsA         0.000000  0.000000  0.000000  0.000000  0.000000  0.000000
epsG         0.000000  0.000000  0.000000  0.000000  0.000000  0.000000
epsMS        0.000000  0.000000  0.000000  0.000000  0.000000  0.000000
epsM         0.000000  0.000000  0.000000  0.000000  0.000000  0.000000
epsIS        0.000000  0.000000  0.000000  0.000000  1.000000  0.000000
epsPS        0.000000  0.000000  0.000000  0.000000  0.000000  1.000000

POLICY AND TRANSITION FUNCTIONS
                                  YY              CC              II              HH              WW              RR            ERER              QQ            RnRn          PIEPIE
Constant                    1.000000        1.000000        1.000000        1.000000        1.000000        1.000000        1.000000        1.000000        1.000000        1.000000
C(-1)                       0.799599        1.351657       -0.186611        1.142285        0.517254       -0.093036        0.047894       -0.499635        0.113830        0.093036
K(-1)                       0.003550        0.010797       -0.016979       -0.066123        0.000385        0.019507        0.014992       -0.044146       -0.008459       -0.019507
I(-1)                       0.955246       -0.101786        5.558618        1.364637        0.395519       -0.059431        0.092755       -1.254931        0.112716        0.059431
A(-1)                       0.011385       -0.020401        0.130876       -0.733736       -0.463092        0.203691        0.112205        0.160068       -0.090636       -0.203691
G(-1)                       0.840838       -0.050092       -0.223814        1.201197        0.479825       -0.094467        0.048375       -0.559605        0.118186        0.094467
Rn(-1)                     -0.268459       -0.381718       -0.180154       -0.383513       -1.478902        1.256174        0.812814       -1.350107        0.549060       -0.266174
Delta(-1)                   0.011331        0.053694       -0.118977        1.087616        0.764619       -0.186113       -0.101697       -0.115132        0.084771        0.186113
MS(-1)                     -0.027596       -0.024550       -0.067990       -0.039422       -0.103059       -0.104874       -0.058596       -0.113536        0.044710        0.104874
IS(-1)                      0.009622        0.064852       -0.165892        0.013746        0.223576       -0.069677       -0.053257       -0.071056        0.032221        0.069677
PS(-1)                      0.001000        0.004301       -0.009027        0.001428        0.015106       -0.005500       -0.004394       -0.002080        0.002565        0.005500
PIE(-1)                    -0.081934       -0.107847       -0.084128       -0.117048       -0.422517       -0.364603        0.071483       -0.395667        0.156697        0.364603
epsA                        0.015180       -0.027201        0.174502       -0.978314       -0.617456        0.271588        0.149607        0.213424       -0.120849       -0.271588
epsG                        0.184247       -0.010976       -0.049043        0.263210        0.105141       -0.020700        0.010600       -0.122623        0.025897        0.020700
epsMS                      -0.036794       -0.032733       -0.090653       -0.052563       -0.137412       -0.139833       -0.078129       -0.151382        0.059613        0.139833
epsM                       -0.387387       -0.550820       -0.259962       -0.553410       -2.134058        0.384090        1.172891       -1.948206        0.792295       -0.384090
epsIS                       0.009632        0.064917       -0.166058        0.013760        0.223800       -0.069747       -0.053310       -0.071128        0.032253        0.069747
epsPS                       0.001001        0.004305       -0.009036        0.001430        0.015121       -0.005506       -0.004398       -0.002082        0.002568        0.005506


THEORETICAL MOMENTS
VARIABLE         MEAN  STD. DEV.   VARIANCE
YY             1.0000     3.3037    10.9143
CC             1.0000     2.2378     5.0076
II             1.0000    25.3593   643.0942
HH             1.0000     3.4844    12.1410
WW             1.0000     0.5664     0.3208
RR             1.0000     0.1019     0.0104
ERER           1.0000     0.0741     0.0055
QQ             1.0000     0.3826     0.1464
RnRn           1.0000     1.9676     3.8714
PIEPIE         1.0000     1.9724     3.8903



VARIANCE DECOMPOSITION (in percent)
            epsA    epsG   epsMS    epsM   epsIS   epsPS
YY          0.00    0.00    0.00    0.00   99.14    0.86
CC          0.00    0.00    0.00    0.00   98.99    1.01
II          0.00    0.00    0.00    0.00   99.86    0.14
HH          0.00    0.00    0.00    0.00   99.98    0.02
WW          0.00    0.00    0.00    0.00   80.79   19.21
RR          0.00    0.00    0.00    0.00   94.85    5.15
ERER        0.00    0.00    0.00    0.00   90.80    9.20
QQ          0.00    0.00    0.00    0.00   99.65    0.35
RnRn        0.00    0.00    0.00    0.00   98.40    1.60
PIEPIE      0.00    0.00    0.00    0.00   98.68    1.32



MATRIX OF CORRELATIONS
Variables        YY      CC      II      HH      WW      RR    ERER      QQ    RnRn  PIEPIE
YY           1.0000 -0.9595  0.9965  0.9929 -0.4876  0.0303  0.0442  0.0648 -0.9971 -0.9969
CC          -0.9595  1.0000 -0.9797 -0.9854  0.6918 -0.1050 -0.1110 -0.1961  0.9564  0.9587
II           0.9965 -0.9797  1.0000  0.9991 -0.5525  0.0528  0.0645  0.1043 -0.9935 -0.9941
HH           0.9929 -0.9854  0.9991  1.0000 -0.5693  0.0393  0.0562  0.1127 -0.9889 -0.9893
WW          -0.4876  0.6918 -0.5525 -0.5693  1.0000 -0.5082 -0.4386 -0.5596  0.5015  0.5149
RR           0.0303 -0.1050  0.0528  0.0393 -0.5082  1.0000  0.9064  0.1321 -0.0430 -0.0727
ERER         0.0442 -0.1110  0.0645  0.0562 -0.4386  0.9064  1.0000 -0.1879 -0.0290 -0.0595
QQ           0.0648 -0.1961  0.1043  0.1127 -0.5596  0.1321 -0.1879  1.0000 -0.1294 -0.1249
RnRn        -0.9971  0.9564 -0.9935 -0.9889  0.5015 -0.0430 -0.0290 -0.1294  1.0000  0.9995
PIEPIE      -0.9969  0.9587 -0.9941 -0.9893  0.5149 -0.0727 -0.0595 -0.1249  0.9995  1.0000



COEFFICIENTS OF AUTOCORRELATION
Order          1       2       3       4       5
YY        0.9999  0.9997  0.9994  0.9990  0.9986
CC        0.9994  0.9984  0.9971  0.9956  0.9940
II        0.9999  0.9996  0.9992  0.9987  0.9980
HH        0.9998  0.9993  0.9985  0.9975  0.9964
WW        0.9078  0.8476  0.8148  0.7995  0.7927
RR        0.6589  0.2597 -0.0076 -0.1333 -0.1625
ERER      0.5646  0.2269  0.0366 -0.0398 -0.0497
QQ        0.9600  0.8656  0.7501  0.6360  0.5345
RnRn      0.9997  0.9990  0.9981  0.9972  0.9964
PIEPIE    0.9993  0.9983  0.9974  0.9967  0.9961
Total computing time : 0h00m05s
