Starting Dynare (version 5.0).
Calling Dynare with arguments: none
Starting preprocessing of the model file ...
Found 32 equation(s).
Evaluating expressions...done
Computing static model derivatives (order 1).
Computing dynamic model derivatives (order 2).
Processing outputs ...
done
Preprocessing completed.


MODEL SUMMARY

  Number of variables:         32
  Number of stochastic shocks: 4
  Number of state variables:   12
  Number of jumpers:           8
  Number of static variables:  15


MATRIX OF COVARIANCE OF EXOGENOUS SHOCKS
Variables        epsA      epsG     epsMS      epsM
epsA         1.000000  0.000000  0.000000  0.000000
epsG         0.000000  1.000000  0.000000  0.000000
epsMS        0.000000  0.000000  1.000000  0.000000
epsM         0.000000  0.000000  0.000000  1.000000

POLICY AND TRANSITION FUNCTIONS
                                   Y               C               I               H               W               R              ER               Q              Rn             PIE
K(-1)                       0.072352        0.179774       -0.210444       -0.325211        0.004660        0.071970        0.084008       -0.353102       -0.025875       -0.071970
A(-1)                      -0.030845       -0.105328        0.186339       -0.794064       -0.532901        0.150389        0.117968        0.033446       -0.070451       -0.150389
G(-1)                       0.121343       -0.030145       -0.054943        0.173346        0.063196       -0.009697        0.005877       -0.068806        0.015285        0.009697
Rn(-1)                     -0.849018       -1.274259       -0.343907       -1.212883       -1.927350        1.232621        0.785525       -1.311446        0.518909       -0.232621
MS(-1)                     -0.036576       -0.026594       -0.110137       -0.052251       -0.054729       -0.080259       -0.068780       -0.044596        0.032825        0.080259
I(-1)                       0.120341       -0.038644        0.787237        0.171915        0.053926       -0.007458        0.008416       -0.140971        0.014187        0.007458
PIE(-1)                    -0.393583       -0.526665       -0.375152       -0.562262       -0.829421       -0.618865       -0.081262       -0.574093        0.243067        0.618865
epsA                       -0.041127       -0.140437        0.248452       -1.058753       -0.710535        0.200519        0.157291        0.044595       -0.093935       -0.200519
epsG                        0.161790       -0.040193       -0.073258        0.231129        0.084261       -0.012930        0.007836       -0.091741        0.020380        0.012930
epsMS                      -0.048768       -0.035459       -0.146850       -0.069668       -0.072973       -0.107012       -0.091706       -0.059461        0.043766        0.107012
epsM                       -1.212883       -1.820371       -0.491296       -1.732690       -2.753358        0.332316        1.122179       -1.873494        0.741298       -0.332316


THEORETICAL MOMENTS
VARIABLE         MEAN  STD. DEV.   VARIANCE
Y              0.0000     1.6319     2.6630
C              0.0000     2.1517     4.6297
I              0.0000     2.5827     6.6701
H              0.0000     2.3899     5.7116
W              0.0000     3.2901    10.8249
R              0.0000     1.3881     1.9268
ER             0.0000     1.3283     1.7645
Q              0.0000     2.1502     4.6233
Rn             0.0000     0.9386     0.8810
PIE            0.0000     0.8391     0.7041



VARIANCE DECOMPOSITION (in percent)
         epsA    epsG   epsMS    epsM
Y       21.21    1.42    8.22   69.15
C        9.45    0.38    4.09   86.08
I       66.18    2.47   20.73   10.62
H       26.28    1.35    6.48   65.89
W        9.42    0.11    5.14   85.33
R        4.47    0.12    1.29   94.12
ER       2.60    0.12    0.76   96.52
Q        7.31    0.60    2.33   89.76
Rn      20.06    0.37    5.01   74.55
PIE     32.44    0.09    9.71   57.77



MATRIX OF CORRELATIONS
Variables         Y       C       I       H       W       R      ER       Q      Rn     PIE
Y            1.0000  0.9565  0.6969  0.7722  0.9275 -0.5131 -0.8497  0.9014 -0.9611  0.1998
C            0.9565  1.0000  0.5274  0.8197  0.9746 -0.5269 -0.9285  0.9642 -0.9663  0.3218
I            0.6969  0.5274  1.0000  0.2940  0.4599 -0.3005 -0.3442  0.4514 -0.6397 -0.2286
H            0.7722  0.8197  0.2940  1.0000  0.9272 -0.5784 -0.8602  0.7573 -0.6740  0.5606
W            0.9275  0.9746  0.4599  0.9272  1.0000 -0.5708 -0.9436  0.9267 -0.8955  0.4298
R           -0.5131 -0.5269 -0.3005 -0.5784 -0.5708  1.0000  0.7067 -0.4631  0.4377 -0.7512
ER          -0.8497 -0.9285 -0.3442 -0.8602 -0.9436  0.7067  1.0000 -0.9119  0.8436 -0.6371
Q            0.9014  0.9642  0.4514  0.7573  0.9267 -0.4631 -0.9119  1.0000 -0.9580  0.3002
Rn          -0.9611 -0.9663 -0.6397 -0.6740 -0.8955  0.4377  0.8436 -0.9580  1.0000 -0.1402
PIE          0.1998  0.3218 -0.2286  0.5606  0.4298 -0.7512 -0.6371  0.3002 -0.1402  1.0000



COEFFICIENTS OF AUTOCORRELATION
Order          1       2       3       4       5
Y         0.5845  0.3238  0.1801  0.1116  0.0846
C         0.4585  0.1569  0.0194 -0.0225 -0.0181
I         0.9528  0.8575  0.7432  0.6265  0.5165
H         0.4768  0.1603 -0.0009 -0.0640 -0.0741
W         0.4431  0.1268 -0.0198 -0.0654 -0.0611
R         0.6763  0.2846  0.0597 -0.0441 -0.0747
ER        0.5037  0.1873  0.0183 -0.0519 -0.0663
Q         0.4136  0.0932 -0.0504 -0.0931 -0.0879
Rn        0.5220  0.2447  0.1052  0.0480  0.0330
PIE       0.8518  0.6188  0.4053  0.2482  0.1488
Total computing time : 0h00m09s
