Starting Dynare (version 5.0).
Calling Dynare with arguments: none
Starting preprocessing of the model file ...
Found 26 equation(s).
Evaluating expressions...done
Computing static model derivatives (order 1).
Computing dynamic model derivatives (order 1).
Processing outputs ...
done
Preprocessing completed.


STEADY-STATE RESULTS:

U      		 -0.654216
UC     		 0.998994
UH     		 -1.7539
LAMBDA 		 0.99
R      		 1.0101
RK     		 1.0101
C      		 0.5147
W      		 1.75566
H      		 0.35
Y      		 0.877832
K      		 7.50263
I      		 0.187566
A      		 1
G      		 0.175566
KY     		 8.54676
IY     		 0.213669
CY     		 0.586331
y      		 0
c      		 0
h      		 0
w      		 0
i      		 0
k      		 0
r      		 0
a      		 0
g      		 0

EIGENVALUES:
         Modulus             Real        Imaginary

            0.75             0.75                0
            0.75             0.75                0
          0.9599           0.9599                0
           1.052            1.052                0
       4.261e+19        4.261e+19                0


There are 2 eigenvalue(s) larger than 1 in modulus 
for 2 forward-looking variable(s)

The rank condition is verified.


MODEL SUMMARY

  Number of variables:         26
  Number of stochastic shocks: 2
  Number of state variables:   3
  Number of jumpers:           2
  Number of static variables:  21


MATRIX OF COVARIANCE OF EXOGENOUS SHOCKS
Variables        epsA      epsG
epsA         1.000000  0.000000
epsG         0.000000  1.000000

POLICY AND TRANSITION FUNCTIONS
                                   Y               y               C               c               I               i               H               h               W               w               R               r               K               k               A               a               G               g
Constant                    0.877832               0        0.514700               0        0.187566               0        0.350000               0        1.755665               0        1.010101               0        7.502625               0        1.000000               0        0.175566               0
K(-1)                       0.017691        0.020153        0.032808        0.063741       -0.015116       -0.080592       -0.009916       -0.028332        0.085125        0.048486       -0.003812       -0.003774        0.959884        0.127940               0               0               0               0
A(-1)                       0.688053        0.783809        0.110660        0.214998        0.577393        3.078351        0.129404        0.369727        0.726989        0.414082        0.018341        0.018158        0.577393        0.076959        0.750000        0.750000               0               0
G(-1)                       0.099963        0.113874       -0.070205       -0.136399       -0.579833       -3.091359        0.056937        0.162678       -0.085682       -0.048803        0.005300        0.005247       -0.579833       -0.077284               0               0        0.750000        4.271886
epsA                        0.917403        1.045078        0.147546        0.286665        0.769857        4.104468        0.172539        0.492969        0.969319        0.552109        0.024455        0.024211        0.769857        0.102612        1.000000        1.000000               0               0
epsG                        0.023400        0.026657       -0.016434       -0.031929       -0.135732       -0.723652        0.013328        0.038081       -0.020057       -0.011424        0.001241        0.001228       -0.135732       -0.018091               0               0        0.175566        1.000000


THEORETICAL MOMENTS
VARIABLE         MEAN  STD. DEV.   VARIANCE
Y              0.8778     1.4531     2.1114
y              0.0000     1.6553     2.7400
C              0.5147     0.4629     0.2143
c              0.0000     0.8994     0.8090
I              0.1876     1.1440     1.3087
i              0.0000     6.0990    37.1980
H              0.3500     0.2515     0.0633
h              0.0000     0.7187     0.5165
W              1.7557     1.9286     3.7195
w              0.0000     1.0985     1.2067
R              1.0101     0.0457     0.0021
r              0.0000     0.0452     0.0020
K              7.5026    10.4448   109.0933
k              0.0000     1.3921     1.9381
A              1.0000     1.5119     2.2857
a              0.0000     1.5119     2.2857
G              0.1756     0.2654     0.0705
g              0.0000     1.5119     2.2857



VARIANCE DECOMPOSITION (in percent)
       epsA    epsG
Y     99.92    0.08
y     99.92    0.08
C     97.64    2.36
c     97.64    2.36
I     96.99    3.01
i     96.99    3.01
H     98.50    1.50
h     98.50    1.50
W     99.26    0.74
w     99.26    0.74
R     97.16    2.84
r     97.16    2.84
K     96.99    3.01
k     96.99    3.01
A    100.00    0.00
a    100.00    0.00
G      0.00  100.00
g      0.00  100.00



MATRIX OF CORRELATIONS
Variables         Y       y       C       c       I       i       H       h       W       w       R       r       K       k       A       a       G       g
Y            1.0000  1.0000  0.7813  0.7813  0.9499  0.9499  0.8615  0.8615  0.9432  0.9432  0.4462  0.4462  0.5045  0.5045  0.9925  0.9925  0.0177  0.0177
y            1.0000  1.0000  0.7813  0.7813  0.9499  0.9499  0.8615  0.8615  0.9432  0.9432  0.4462  0.4462  0.5045  0.5045  0.9925  0.9925  0.0177  0.0177
C            0.7813  0.7813  1.0000  1.0000  0.6092  0.6092  0.3562  0.3562  0.9443  0.9443 -0.2080 -0.2080  0.9314  0.9314  0.7027  0.7027 -0.0926 -0.0926
c            0.7813  0.7813  1.0000  1.0000  0.6092  0.6092  0.3562  0.3562  0.9443  0.9443 -0.2080 -0.2080  0.9314  0.9314  0.7027  0.7027 -0.0926 -0.0926
I            0.9499  0.9499  0.6092  0.6092  1.0000  1.0000  0.9265  0.9265  0.8252  0.8252  0.6308  0.6308  0.2802  0.2802  0.9763  0.9763 -0.1721 -0.1721
i            0.9499  0.9499  0.6092  0.6092  1.0000  1.0000  0.9265  0.9265  0.8252  0.8252  0.6308  0.6308  0.2802  0.2802  0.9763  0.9763 -0.1721 -0.1721
H            0.8615  0.8615  0.3562  0.3562  0.9265  0.9265  1.0000  1.0000  0.6439  0.6439  0.8373  0.8373 -0.0024 -0.0024  0.9142  0.9142  0.1018  0.1018
h            0.8615  0.8615  0.3562  0.3562  0.9265  0.9265  1.0000  1.0000  0.6439  0.6439  0.8373  0.8373 -0.0024 -0.0024  0.9142  0.9142  0.1018  0.1018
W            0.9432  0.9432  0.9443  0.9443  0.8252  0.8252  0.6439  0.6439  1.0000  1.0000  0.1246  0.1246  0.7617  0.7617  0.8974  0.8974 -0.0400 -0.0400
w            0.9432  0.9432  0.9443  0.9443  0.8252  0.8252  0.6439  0.6439  1.0000  1.0000  0.1246  0.1246  0.7617  0.7617  0.8974  0.8974 -0.0400 -0.0400
R            0.4462  0.4462 -0.2080 -0.2080  0.6308  0.6308  0.8373  0.8373  0.1246  0.1246  1.0000  1.0000 -0.5476 -0.5476  0.5495  0.5495  0.0870  0.0870
r            0.4462  0.4462 -0.2080 -0.2080  0.6308  0.6308  0.8373  0.8373  0.1246  0.1246  1.0000  1.0000 -0.5476 -0.5476  0.5495  0.5495  0.0870  0.0870
K            0.5045  0.5045  0.9314  0.9314  0.2802  0.2802 -0.0024 -0.0024  0.7617  0.7617 -0.5476 -0.5476  1.0000  1.0000  0.3979  0.3979 -0.0701 -0.0701
k            0.5045  0.5045  0.9314  0.9314  0.2802  0.2802 -0.0024 -0.0024  0.7617  0.7617 -0.5476 -0.5476  1.0000  1.0000  0.3979  0.3979 -0.0701 -0.0701
A            0.9925  0.9925  0.7027  0.7027  0.9763  0.9763  0.9142  0.9142  0.8974  0.8974  0.5495  0.5495  0.3979  0.3979  1.0000  1.0000  0.0000  0.0000
a            0.9925  0.9925  0.7027  0.7027  0.9763  0.9763  0.9142  0.9142  0.8974  0.8974  0.5495  0.5495  0.3979  0.3979  1.0000  1.0000  0.0000  0.0000
G            0.0177  0.0177 -0.0926 -0.0926 -0.1721 -0.1721  0.1018  0.1018 -0.0400 -0.0400  0.0870  0.0870 -0.0701 -0.0701  0.0000  0.0000  1.0000  1.0000
g            0.0177  0.0177 -0.0926 -0.0926 -0.1721 -0.1721  0.1018  0.1018 -0.0400 -0.0400  0.0870  0.0870 -0.0701 -0.0701  0.0000  0.0000  1.0000  1.0000



COEFFICIENTS OF AUTOCORRELATION
Order          1       2       3       4       5
Y         0.7750  0.6052  0.4769  0.3798  0.3061
y         0.7750  0.6052  0.4769  0.3798  0.3061
C         0.9471  0.8995  0.8562  0.8165  0.7797
c         0.9471  0.8995  0.8562  0.8165  0.7797
I         0.7294  0.5274  0.3766  0.2643  0.1808
i         0.7294  0.5274  0.3766  0.2643  0.1808
H         0.7181  0.5079  0.3515  0.2354  0.1495
h         0.7181  0.5079  0.3515  0.2354  0.1495
W         0.8631  0.7559  0.6711  0.6034  0.5485
w         0.8631  0.7559  0.6711  0.6034  0.5485
R         0.8138  0.6717  0.5626  0.4784  0.4130
r         0.8138  0.6717  0.5626  0.4784  0.4130
K         0.9942  0.9800  0.9600  0.9359  0.9092
k         0.9942  0.9800  0.9600  0.9359  0.9092
A         0.7500  0.5625  0.4219  0.3164  0.2373
a         0.7500  0.5625  0.4219  0.3164  0.2373
G         0.7500  0.5625  0.4219  0.3164  0.2373
g         0.7500  0.5625  0.4219  0.3164  0.2373
Total computing time : 0h00m13s
