Starting Dynare (version 5.0).
Calling Dynare with arguments: none
Starting preprocessing of the model file ...
Found 11 equation(s).
Evaluating expressions...done
Computing static model derivatives (order 1).
Computing dynamic model derivatives (order 2).
Processing outputs ...
done
Preprocessing completed.


STEADY-STATE RESULTS:

uc 		 0
ul 		 0
r  		 0
h  		 0
w  		 0
y  		 0
k  		 0
i  		 0
c  		 0
a  		 0
g  		 0

EIGENVALUES:
         Modulus             Real        Imaginary

       8.557e-17       -8.557e-17                0
            0.75             0.75                0
            0.75             0.75                0
          0.9599           0.9599                0
           1.052            1.052                0
       1.575e+16        1.575e+16                0


There are 2 eigenvalue(s) larger than 1 in modulus 
for 2 forward-looking variable(s)

The rank condition is verified.


MODEL SUMMARY

  Number of variables:         11
  Number of stochastic shocks: 2
  Number of state variables:   4
  Number of jumpers:           2
  Number of static variables:  5


MATRIX OF COVARIANCE OF EXOGENOUS SHOCKS
Variables        epsA      epsG
epsA         1.000000  0.000000
epsG         0.000000  1.000000

POLICY AND TRANSITION FUNCTIONS
                                   y               c               i               h               w               r
k(-1)                       0.151204        0.478228       -0.604654       -0.212566        0.363770       -0.028312
a(-1)                       0.783809        0.214999        3.078352        0.369727        0.414082        0.018158
g(-1)                       0.019993       -0.023947       -0.542739        0.028561       -0.008568        0.000921
epsA                        1.045079        0.286665        4.104470        0.492969        0.552109        0.024211
epsG                        0.026657       -0.031929       -0.723652        0.038081       -0.011424        0.001228


THEORETICAL MOMENTS
VARIABLE         MEAN  STD. DEV.   VARIANCE
y              0.0000     1.6553     2.7400
c              0.0000     0.8994     0.8090
i              0.0000     6.0990    37.1980
h              0.0000     0.7187     0.5165
w              0.0000     1.0985     1.2067
r              0.0000     0.0452     0.0020



VARIANCE DECOMPOSITION (in percent)
       epsA    epsG
y     99.92    0.08
c     97.64    2.36
i     96.99    3.01
h     98.50    1.50
w     99.26    0.74
r     97.16    2.84



MATRIX OF CORRELATIONS
Variables         y       c       i       h       w       r
y            1.0000  0.7813  0.9499  0.8615  0.9432  0.4462
c            0.7813  1.0000  0.6092  0.3562  0.9443 -0.2080
i            0.9499  0.6092  1.0000  0.9265  0.8252  0.6308
h            0.8615  0.3562  0.9265  1.0000  0.6439  0.8373
w            0.9432  0.9443  0.8252  0.6439  1.0000  0.1246
r            0.4462 -0.2080  0.6308  0.8373  0.1246  1.0000



COEFFICIENTS OF AUTOCORRELATION
Order          1       2       3       4       5
y         0.7750  0.6052  0.4769  0.3798  0.3061
c         0.9471  0.8995  0.8562  0.8165  0.7797
i         0.7294  0.5274  0.3766  0.2643  0.1807
h         0.7181  0.5079  0.3515  0.2354  0.1495
w         0.8631  0.7559  0.6711  0.6034  0.5485
r         0.8138  0.6717  0.5626  0.4784  0.4130
Total computing time : 0h00m05s
