Starting Dynare (version 5.0).
Calling Dynare with arguments: none
Starting preprocessing of the model file ...
WARNING: RBC_JR_1.mod:91.5-75: Symbol epsA declared twice.
WARNING: RBC_JR_1.mod:91.5-92.77: Symbol epsG declared twice.
Found 31 equation(s).
Evaluating expressions...done
Computing static model derivatives (order 1).
Computing dynamic model derivatives (order 2).
Processing outputs ...
done
Preprocessing completed.


STEADY-STATE RESULTS:

U      		 -2.37807
UC     		 11.4113
UH     		 -12.0923
UXi    		 -5.38924
lam    		 6.46709
mu     		 49.4426
LAMBDA 		 0.99
R      		 1.0101
RK     		 1.0101
C      		 0.560945
Xi     		 0.560945
W      		 1.86982
H      		 0.35
Y      		 0.934908
K      		 9.25559
I      		 0.186982
A      		 1
G      		 0.186982
tax    		 0.285714
X      		 1
Q      		 1
KY     		 9.9
IY     		 0.2
CY     		 0.6
RR     		 1
YY     		 1
CC     		 1
HH     		 1
WW     		 1
II     		 1
KK     		 1

EIGENVALUES:
         Modulus             Real        Imaginary

       7.634e-19       -7.634e-19                0
       1.863e-15       -1.863e-15                0
          0.6553           0.6553                0
            0.75             0.75                0
            0.75             0.75                0
           0.878            0.878                0
           0.975            0.975                0
           1.036            1.036                0
            1.15             1.15                0
           1.542            1.542                0
       6.874e+15       -6.874e+15                0
       3.886e+16        3.886e+16                0
       2.531e+17       -2.531e+17                0
       8.212e+17        8.212e+17                0


There are 7 eigenvalue(s) larger than 1 in modulus 
for 7 forward-looking variable(s)

The rank condition is verified.


MODEL SUMMARY

  Number of variables:         31
  Number of stochastic shocks: 2
  Number of state variables:   7
  Number of jumpers:           7
  Number of static variables:  19


MATRIX OF COVARIANCE OF EXOGENOUS SHOCKS
Variables        epsA      epsG
epsA         1.000000  0.000000
epsG         0.000000  1.000000

POLICY AND TRANSITION FUNCTIONS
                                  YY              CC              II              HH              WW              RR               Q
Constant                    0.997834        0.995131        1.003776        0.996905        1.000928        0.998616        1.003316
(correction)               -0.002166       -0.004869        0.003776       -0.003095        0.000928       -0.001384        0.003316
K(-1)                       0.036601        0.049753        0.033746        0.005983        0.030618       -0.029371        0.067773
I(-1)                       0.984122        0.498465        3.425218        1.405889       -0.421767        1.017749       -2.734833
A(-1)                       0.253737        0.139272        0.850867       -0.387519        0.641256       -0.998996        2.112848
G(-1)                       0.886779        0.455177       -0.942728        1.266827       -0.380048        0.982928       -2.138580
Xi(-1)                     -0.494589       -0.326058       -1.494773       -0.706556        0.211967        1.114975       -2.850904
epsA                        0.003383        0.001857        0.011345       -0.005167        0.008550       -0.013320        0.028171
epsG                        0.002211        0.001135       -0.002350        0.003158       -0.000947        0.002451       -0.005332
K(-1),K(-1)                -0.001407       -0.001148       -0.003589       -0.000447       -0.001143        0.002941       -0.001340
I(-1),K(-1)                 0.065747        0.002584        0.320980        0.050878       -0.025654       -0.118942       -0.222949
I(-1),I(-1)                -1.845226       -0.118199       -8.871531       -2.339558        1.087290        1.147013        9.853796
A(-1),K(-1)                -0.025543       -0.013388       -0.087551       -0.052075        0.034561        0.062927        0.162895
A(-1),I(-1)                 2.328471        1.115168        8.296851        2.424852       -1.161359       -2.496704       -8.364552
A(-1),A(-1)                -0.699970       -0.607745       -1.676613       -0.595859        0.144388        1.473990        1.284263
G(-1),K(-1)                 0.028386        0.002118        0.135576        0.001764       -0.009892       -0.107563       -0.072270
G(-1),I(-1)                -1.896128       -0.312015       -8.544597       -2.174449        1.346932        1.745517        9.897759
G(-1),A(-1)                 0.993569        0.569301        3.259943        0.607025       -0.573091       -2.681530       -3.366964
G(-1),G(-1)                -0.613510        0.108342       -0.711104       -0.635716        0.503661        0.971998        3.390297
Xi(-1),K(-1)                0.039728        0.023445        0.128304        0.078387       -0.018294       -0.075173       -0.244719
Xi(-1),I(-1)               -3.565488       -1.616495      -12.977958       -5.391557        1.230065        3.267988       12.416148
Xi(-1),A(-1)                1.745686        1.579848        3.988886        2.946920       -0.666010       -2.296109       -6.873966
Xi(-1),G(-1)               -1.664501       -1.017060       -5.271322       -2.646383        0.444832        3.258295        4.830827
Xi(-1),Xi(-1)              -0.873478       -0.861704       -1.782279       -1.172942        0.449231        0.381908        7.580908
epsA,epsA                  -0.000102       -0.000096       -0.000222       -0.000140        0.000083        0.000173        0.000416
epsG,epsA                   0.000033        0.000019        0.000108        0.000020       -0.000019       -0.000089       -0.000112
epsG,epsG                   0.000011        0.000008       -0.000020        0.000017       -0.000003        0.000022       -0.000014
K(-1),epsA                 -0.000341       -0.000179       -0.001167       -0.000694        0.000461        0.000839        0.002172
K(-1),epsG                  0.000071        0.000005        0.000338        0.000004       -0.000025       -0.000268       -0.000180
I(-1),epsA                  0.031046        0.014869        0.110625        0.032331       -0.015485       -0.033289       -0.111527
I(-1),epsG                 -0.004727       -0.000778       -0.021302       -0.005421        0.003358        0.004352        0.024676
A(-1),epsA                 -0.015283       -0.014350       -0.033365       -0.021056        0.012400        0.025986        0.062418
A(-1),epsG                  0.002477        0.001419        0.008127        0.001513       -0.001429       -0.006685       -0.008394
G(-1),epsA                  0.013248        0.007591        0.043466        0.008094       -0.007641       -0.035754       -0.044893
G(-1),epsG                  0.008765        0.006609       -0.016115        0.013721       -0.002556        0.017952       -0.011610
Xi(-1),epsA                 0.023276        0.021065        0.053185        0.039292       -0.008880       -0.030615       -0.091653
Xi(-1),epsG                -0.004150       -0.002536       -0.013142       -0.006598        0.001109        0.008123        0.012044


APPROXIMATED THEORETICAL MOMENTS
VARIABLE         MEAN  STD. DEV.   VARIANCE
YY             1.0052     0.0116     0.0001
CC             1.0032     0.0076     0.0001
II             1.0161     0.0371     0.0014
HH             1.0006     0.0079     0.0001
WW             1.0046     0.0123     0.0002
RR             0.9997     0.0165     0.0003
Q              1.0005     0.0338     0.0011



APPROXIMATED VARIANCE DECOMPOSITION (in percent)
        epsA    epsG
YY     94.26    5.74
CC     94.05    5.95
II     94.18    5.82
HH     77.07   22.93
WW     98.62    1.38
RR     96.61    3.39
Q      96.41    3.59



APPROXIMATED MATRIX OF CORRELATIONS
Variables        YY      CC      II      HH      WW      RR       Q
YY           1.0000  0.9458  0.9069  0.2451  0.7853 -0.5798  0.4790
CC           0.9458  1.0000  0.8116  0.1728  0.7805 -0.4903  0.3876
II           0.9069  0.8116  1.0000  0.1109  0.7833 -0.6758  0.5805
HH           0.2451  0.1728  0.1109  1.0000 -0.4077  0.5792 -0.6554
WW           0.7853  0.7805  0.7833 -0.4077  1.0000 -0.9159  0.8696
RR          -0.5798 -0.4903 -0.6758  0.5792 -0.9159  1.0000 -0.9919
Q            0.4790  0.3876  0.5805 -0.6554  0.8696 -0.9919  1.0000



APPROXIMATED COEFFICIENTS OF AUTOCORRELATION
Order          1       2       3       4       5
YY        0.9193  0.8004  0.6738  0.5550  0.4508
CC        0.9473  0.8705  0.7881  0.7097  0.6395
II        0.9336  0.8089  0.6674  0.5308  0.4092
HH        0.4882  0.1952  0.0350 -0.0459 -0.0807
WW        0.7082  0.5267  0.4140  0.3439  0.2998
RR        0.5738  0.3158  0.1625  0.0740  0.0248
Q         0.5236  0.2449  0.0872  0.0026 -0.0388
Total computing time : 0h00m05s
Note: 2 warning(s) encountered in the preprocessor
