Starting Dynare (version 5.0).
Calling Dynare with arguments: none
Starting preprocessing of the model file ...
Found 36 equation(s).
Evaluating expressions...done
Computing static model derivatives (order 1).
Computing dynamic model derivatives (order 2).
Processing outputs ...
done
Preprocessing completed.


You did not declare endogenous variables after the estimation/calib_smoother command.

The posterior mode file NKlinear_Est_compute_6_mode has been generated using another specification of the model or another model!
Your mode file contains estimates for 20 parameters, while you are attempting to estimate 21 parameters:
--> Estimated parameter ctrend is not present in the loaded mode file (prior mean will be used, if possible).

Initial value of the log posterior (or likelihood): -19203.7465
-----------------
f at the beginning of new iteration,     19203.7465450035
Predicted improvement: 15152853.681245731
lambda =          1; f =        21153.5615421
lambda =    0.33333; f =        19397.9575887
lambda =    0.11111; f =        19219.4662507
lambda =   0.037037; f =        19204.6861507
lambda =   0.012346; f =        19203.7770752
lambda =  0.0041152; f =         2415.1264188
lambda =  0.0013717; f =         5704.3889311
Norm of dx     55.051
----
Improvement on iteration 1 =    16788.620126223
-----------------
f at the beginning of new iteration,      2415.1264187800
Predicted improvement:    71105.958144514
lambda =          1; f =         2417.1430902
lambda =    0.33333; f =         2415.1794212
lambda =    0.11111; f =         2415.1272394
lambda =   0.037037; f =          635.2655959
Norm of dx     3.7798
----
Improvement on iteration 2 =     1779.860822833
-----------------
f at the beginning of new iteration,       635.2655959475
Predicted improvement:     3012.639677397
lambda =          1; f =          635.2758676
lambda =    0.33333; f =         1435.3778212
lambda =    0.11111; f =          408.6689113
Norm of dx    0.79248
----
Improvement on iteration 3 =      226.596684641
-----------------
f at the beginning of new iteration,       408.6689113068
Predicted improvement:      812.264843364
lambda =          1; f =          408.7041691
lambda =    0.33333; f =          408.6701952
lambda =    0.11111; f =          285.5520269
Norm of dx    0.44488
----
Improvement on iteration 4 =      123.116884431
-----------------
f at the beginning of new iteration,       285.5520268757
Predicted improvement:       50.147313132
lambda =          1; f =          285.5520768
lambda =    0.33333; f =          285.5520271
lambda =    0.11111; f =          274.9545133
lambda =     0.2148; f =          266.4259179
lambda =    0.41524; f =          285.5520286
lambda =     0.2796; f =          263.5835576
lambda =    0.35448; f =          285.5520274
lambda =    0.30744; f =          285.5520269
lambda =    0.28227; f =          263.7546062
lambda =    0.29711; f =          285.5520269
lambda =    0.28812; f =          285.5520269
lambda =    0.28285; f =          263.8070581
lambda =      0.286; f =          285.5520269
Norm of dx   0.088334
Cliff.  Perturbing search direction.
Predicted improvement:      131.600296608
lambda =          1; f =          285.5526706
lambda =    0.33333; f =          252.6190025
Norm of dx    0.14543

badg2 =

     0

----
Improvement on iteration 5 =       32.933024418
-----------------
f at the beginning of new iteration,       252.6190024573
Predicted improvement:       81.611250591
lambda =          1; f =          312.1170516
lambda =    0.33333; f =          244.7574681
lambda =    0.11111; f =          246.3026375
Norm of dx    0.13214
----
Improvement on iteration 6 =        7.861534395
-----------------
f at the beginning of new iteration,       244.7574680622
Predicted improvement:       54.389090442
lambda =          1; f =          244.7577559
lambda =    0.33333; f =          217.0340295
lambda =    0.64439; f =          244.7574691
lambda =     0.4339; f =          211.9103646
Norm of dx    0.10241
----
Improvement on iteration 7 =       32.847103494
-----------------
f at the beginning of new iteration,       211.9103645684
Predicted improvement:       11.805677303
lambda =          1; f =          195.7515721
Norm of dx   0.032921
----
Improvement on iteration 8 =       16.158792428
-----------------
f at the beginning of new iteration,       195.7515721408
Predicted improvement:        6.742349411
lambda =          1; f =          185.1258430
lambda =     1.9332; f =          180.2798213
Norm of dx   0.040979
----
Improvement on iteration 9 =       15.471750806
-----------------
f at the beginning of new iteration,       180.2798213353
Predicted improvement:        4.326818357
lambda =          1; f =          174.0440496
lambda =     1.9332; f =          180.2798223
lambda =     1.3017; f =          180.2798214
lambda =     1.0267; f =          174.0313549
lambda =     1.1838; f =          180.2798213
lambda =     1.0869; f =          174.1249309
Norm of dx   0.045084
----
Improvement on iteration 10 =        6.248466446
warning: possible inaccuracy in H matrix
-----------------
f at the beginning of new iteration,       174.0313548897
Predicted improvement:       42.901161403
lambda =          1; f =          207.2319320
lambda =    0.33333; f =          160.4817850
Norm of dx    0.39242
----
Improvement on iteration 11 =       13.549569851
-----------------
f at the beginning of new iteration,       160.4817850391
Predicted improvement:       10.859718710
lambda =          1; f =          147.9125415
Norm of dx    0.10589
----
Improvement on iteration 12 =       12.569243507
-----------------
f at the beginning of new iteration,       147.9125415320
Predicted improvement:        4.076409155
lambda =          1; f =          141.5527658
lambda =     1.9332; f =          145.3354330
lambda =     1.3017; f =          140.2995135
lambda =     1.6503; f =          139.3944225
Norm of dx    0.12149
----
Improvement on iteration 13 =        8.518119009
-----------------
f at the beginning of new iteration,       139.3944225228
Predicted improvement:        0.678776229
lambda =          1; f =          139.7512092
lambda =    0.33333; f =          139.0244944
lambda =    0.64439; f =          138.9230869
Norm of dx   0.034226
----
Improvement on iteration 14 =        0.471335577
-----------------
f at the beginning of new iteration,       138.9230869461
Predicted improvement:        2.577751839
lambda =          1; f =          138.8606493
lambda =    0.33333; f =          137.6853626
lambda =    0.64439; f =          137.5089797
Norm of dx   0.039394
----
Improvement on iteration 15 =        1.414107257
-----------------
f at the beginning of new iteration,       137.5089796894
Predicted improvement:        0.428866733
lambda =          1; f =          136.8216460
lambda =     1.9332; f =          136.4358933
Norm of dx  0.0071386
----
Improvement on iteration 16 =        1.073086391
-----------------
f at the beginning of new iteration,       136.4358932981
Predicted improvement:        1.094853887
lambda =          1; f =          134.4793589
lambda =     1.9332; f =          133.0151487
lambda =     3.7372; f =          130.9862370
Norm of dx   0.037569
----
Improvement on iteration 17 =        5.449656284
-----------------
f at the beginning of new iteration,       130.9862370146
Predicted improvement:        1.584903463
lambda =          1; f =          128.8444667
Norm of dx    0.10761
----
Improvement on iteration 18 =        2.141770322
-----------------
f at the beginning of new iteration,       128.8444666921
Predicted improvement:        0.782293816
lambda =          1; f =          127.6106115
lambda =     1.9332; f =          127.0899872
Norm of dx   0.068661
----
Improvement on iteration 19 =        1.754479443
-----------------
f at the beginning of new iteration,       127.0899872493
Predicted improvement:        1.552185192
lambda =          1; f =          125.2739675
Norm of dx   0.073601
----
Improvement on iteration 20 =        1.816019753
-----------------
f at the beginning of new iteration,       125.2739674965
Predicted improvement:        0.748705188
lambda =          1; f =          123.9962827
lambda =     1.9332; f =          123.2090706
lambda =     3.7372; f =          123.0802068
Norm of dx   0.033045
----
Improvement on iteration 21 =        2.193760722
-----------------
f at the beginning of new iteration,       123.0802067742
Predicted improvement:        3.199755416
lambda =          1; f =          122.2289617
lambda =    0.33333; f =          121.9206298
Norm of dx   0.068391
----
Improvement on iteration 22 =        1.159576927
-----------------
f at the beginning of new iteration,       121.9206298469
Predicted improvement:        0.336543481
lambda =          1; f =          121.4423413
lambda =     1.9332; f =          121.3506751
Norm of dx   0.026041
----
Improvement on iteration 23 =        0.569954753
-----------------
f at the beginning of new iteration,       121.3506750936
Predicted improvement:        0.169153599
lambda =          1; f =          121.0756996
lambda =     1.9332; f =          120.9402326
Norm of dx   0.024909
----
Improvement on iteration 24 =        0.410442478
-----------------
f at the beginning of new iteration,       120.9402326160
Predicted improvement:        0.155638163
lambda =          1; f =          120.6751775
lambda =     1.9332; f =          120.5155274
lambda =     3.7372; f =          120.4841177
Norm of dx   0.017922
----
Improvement on iteration 25 =        0.456114960
-----------------
f at the beginning of new iteration,       120.4841176562
Predicted improvement:        0.445136790
lambda =          1; f =          119.8084626
lambda =     1.9332; f =          119.4891491
Norm of dx   0.018433
----
Improvement on iteration 26 =        0.994968525
-----------------
f at the beginning of new iteration,       119.4891491315
Predicted improvement:        0.382363473
lambda =          1; f =          118.8926817
lambda =     1.9332; f =          118.6464590
Norm of dx   0.040269
----
Improvement on iteration 27 =        0.842690167
-----------------
f at the beginning of new iteration,       118.6464589647
Predicted improvement:        0.269212091
lambda =          1; f =          118.1864074
lambda =     1.9332; f =          117.9122816
lambda =     3.7372; f =          117.9114167
Norm of dx   0.044766
----
Improvement on iteration 28 =        0.735042304
-----------------
f at the beginning of new iteration,       117.9114166608
Predicted improvement:        0.548262121
lambda =          1; f =          117.4188039
Norm of dx   0.061453
----
Improvement on iteration 29 =        0.492612771
-----------------
f at the beginning of new iteration,       117.4188038894
Predicted improvement:        0.076448911
lambda =          1; f =          117.3018055
lambda =     1.9332; f =          117.2587391
Norm of dx  0.0069501
----
Improvement on iteration 30 =        0.160064825
-----------------
f at the beginning of new iteration,       117.2587390641
Predicted improvement:        0.074173165
lambda =          1; f =          117.1323691
lambda =     1.9332; f =          117.0543181
lambda =     3.7372; f =          117.0145060
Norm of dx   0.011615
----
Improvement on iteration 31 =        0.244233093
-----------------
f at the beginning of new iteration,       117.0145059712
Predicted improvement:        0.094767033
lambda =          1; f =          116.8791348
lambda =     1.9332; f =          116.8459675
Norm of dx   0.022999
----
Improvement on iteration 32 =        0.168538493
-----------------
f at the beginning of new iteration,       116.8459674785
Predicted improvement:        0.042561748
lambda =          1; f =          116.7702169
lambda =     1.9332; f =          116.7172366
lambda =     3.7372; f =          116.6681146
Norm of dx  0.0069594
----
Improvement on iteration 33 =        0.177852911
-----------------
f at the beginning of new iteration,       116.6681145674
Predicted improvement:        0.083687104
lambda =          1; f =          116.5405872
lambda =     1.9332; f =          116.4956456
Norm of dx   0.030317
----
Improvement on iteration 34 =        0.172468968
-----------------
f at the beginning of new iteration,       116.4956455996
Predicted improvement:        0.027163845
lambda =          1; f =          116.4634770
Norm of dx    0.01466
----
Improvement on iteration 35 =        0.032168563
-----------------
f at the beginning of new iteration,       116.4634770367
Predicted improvement:        0.009213718
lambda =          1; f =          116.4476702
lambda =     1.9332; f =          116.4376682
lambda =     3.7372; f =          116.4314443
Norm of dx  0.0043672
----
Improvement on iteration 36 =        0.032032745
-----------------
f at the beginning of new iteration,       116.4314442916
Predicted improvement:        0.021868073
lambda =          1; f =          116.3911041
lambda =     1.9332; f =          116.3596096
lambda =     3.7372; f =          116.3157644
lambda =     7.2247; f =          116.2962506
Norm of dx   0.005626
----
Improvement on iteration 37 =        0.135193732
-----------------
f at the beginning of new iteration,       116.2962505592
Predicted improvement:        0.050986212
lambda =          1; f =          116.2395915
Norm of dx  0.0081164
----
Improvement on iteration 38 =        0.056659067
-----------------
f at the beginning of new iteration,       116.2395914919
Predicted improvement:        0.011801026
lambda =          1; f =          116.2203752
lambda =     1.9332; f =          116.2104646
Norm of dx  0.0049437
----
Improvement on iteration 39 =        0.029126875
-----------------
f at the beginning of new iteration,       116.2104646172
Predicted improvement:        0.019110558
lambda =          1; f =          116.1756293
lambda =     1.9332; f =          116.1492799
lambda =     3.7372; f =          116.1155387
Norm of dx  0.0075945
----
Improvement on iteration 40 =        0.094925912
-----------------
f at the beginning of new iteration,       116.1155387053
Predicted improvement:        0.083652502
lambda =          1; f =          115.9760642
lambda =     1.9332; f =          115.8969912
Norm of dx   0.029281
----
Improvement on iteration 41 =        0.218547550
-----------------
f at the beginning of new iteration,       115.8969911556
Predicted improvement:        0.088746899
lambda =          1; f =          115.7882156
Norm of dx   0.027957
----
Improvement on iteration 42 =        0.108775572
-----------------
f at the beginning of new iteration,       115.7882155836
Predicted improvement:        0.015671276
lambda =          1; f =          115.7660790
lambda =     1.9332; f =          115.7623929
Norm of dx  0.0042482
----
Improvement on iteration 43 =        0.025822677
-----------------
f at the beginning of new iteration,       115.7623929068
Predicted improvement:        0.011725392
lambda =          1; f =          115.7403801
lambda =     1.9332; f =          115.7223885
lambda =     3.7372; f =          115.6943963
lambda =     7.2247; f =          115.6646076
Norm of dx  0.0031834
----
Improvement on iteration 44 =        0.097785258
-----------------
f at the beginning of new iteration,       115.6646076489
Predicted improvement:        0.073101848
lambda =          1; f =          115.5313903
lambda =     1.9332; f =          115.4305371
lambda =     3.7372; f =          115.3005644
Norm of dx   0.030664
----
Improvement on iteration 45 =        0.364043274
-----------------
f at the beginning of new iteration,       115.3005643747
Predicted improvement:        0.142566754
lambda =          1; f =          115.1339391
Norm of dx   0.090909
----
Improvement on iteration 46 =        0.166625251
-----------------
f at the beginning of new iteration,       115.1339391240
Predicted improvement:        0.014787672
lambda =          1; f =          115.1164834
Norm of dx  0.0061828
----
Improvement on iteration 47 =        0.017455749
-----------------
f at the beginning of new iteration,       115.1164833747
Predicted improvement:        0.007991943
lambda =          1; f =          115.1017052
lambda =     1.9332; f =          115.0900976
lambda =     3.7372; f =          115.0736802
lambda =     7.2247; f =          115.0647473
Norm of dx  0.0034364
----
Improvement on iteration 48 =        0.051736115
-----------------
f at the beginning of new iteration,       115.0647472594
Predicted improvement:        0.039343680
lambda =          1; f =          114.9926123
lambda =     1.9332; f =          114.9372197
lambda =     3.7372; f =          114.8634586
Norm of dx   0.012663
----
Improvement on iteration 49 =        0.201288621
-----------------
f at the beginning of new iteration,       114.8634586384
Predicted improvement:        0.080327169
lambda =          1; f =          114.7812482
Norm of dx   0.053537
----
Improvement on iteration 50 =        0.082210450
-----------------
f at the beginning of new iteration,       114.7812481883
Predicted improvement:        0.006570695
lambda =          1; f =          114.7735957
Norm of dx  0.0059446
----
Improvement on iteration 51 =        0.007652513
-----------------
f at the beginning of new iteration,       114.7735956749
Predicted improvement:        0.002925107
lambda =          1; f =          114.7688484
lambda =     1.9332; f =          114.7663952
Norm of dx  0.0032902
----
Improvement on iteration 52 =        0.007200513
-----------------
f at the beginning of new iteration,       114.7663951623
Predicted improvement:        0.006376898
lambda =          1; f =          114.7546583
lambda =     1.9332; f =          114.7455353
lambda =     3.7372; f =          114.7329196
lambda =     7.2247; f =          114.7273878
Norm of dx  0.0059251
----
Improvement on iteration 53 =        0.039007340
-----------------
f at the beginning of new iteration,       114.7273878225
Predicted improvement:        0.031381225
lambda =          1; f =          114.6711765
lambda =     1.9332; f =          114.6305969
lambda =     3.7372; f =          114.5850914
Norm of dx    0.01052
----
Improvement on iteration 54 =        0.142296461
-----------------
f at the beginning of new iteration,       114.5850913617
Predicted improvement:        0.061413159
lambda =          1; f =          114.5216507
Norm of dx   0.059604
----
Improvement on iteration 55 =        0.063440668
-----------------
f at the beginning of new iteration,       114.5216506936
Predicted improvement:        0.007470949
lambda =          1; f =          114.5140802
Norm of dx   0.015465
----
Improvement on iteration 56 =        0.007570530
-----------------
f at the beginning of new iteration,       114.5140801631
Predicted improvement:        0.000806267
lambda =          1; f =          114.5126842
lambda =     1.9332; f =          114.5117784
lambda =     3.7372; f =          114.5111269
Norm of dx 0.00064164
----
Improvement on iteration 57 =        0.002953258
-----------------
f at the beginning of new iteration,       114.5111269049
Predicted improvement:        0.002331125
lambda =          1; f =          114.5065771
lambda =     1.9332; f =          114.5025342
lambda =     3.7372; f =          114.4952719
lambda =     7.2247; f =          114.4832894
lambda =     13.967; f =          114.4677315
Norm of dx  0.0024454
----
Improvement on iteration 58 =        0.043395440
-----------------
f at the beginning of new iteration,       114.4677314647
Predicted improvement:        0.020823635
lambda =          1; f =          114.4435071
Norm of dx   0.023273
----
Improvement on iteration 59 =        0.024224384
-----------------
f at the beginning of new iteration,       114.4435070805
Predicted improvement:        0.001856011
lambda =          1; f =          114.4412594
Norm of dx  0.0082246
----
Improvement on iteration 60 =        0.002247727
-----------------
f at the beginning of new iteration,       114.4412593536
Predicted improvement:        0.000458912
lambda =          1; f =          114.4404755
lambda =     1.9332; f =          114.4399866
lambda =     3.7372; f =          114.4397053
Norm of dx  0.0018954
----
Improvement on iteration 61 =        0.001554036
-----------------
f at the beginning of new iteration,       114.4397053173
Predicted improvement:        0.001072124
lambda =          1; f =          114.4376009
lambda =     1.9332; f =          114.4357077
lambda =     3.7372; f =          114.4322409
lambda =     7.2247; f =          114.4262624
lambda =     13.967; f =          114.4174178
lambda =         27; f =          114.4105287
Norm of dx 0.00078994
----
Improvement on iteration 62 =        0.029176611
-----------------
f at the beginning of new iteration,       114.4105287059
Predicted improvement:        0.014037226
lambda =          1; f =          114.3887865
lambda =     1.9332; f =          114.3797531
Norm of dx    0.02343
----
Improvement on iteration 63 =        0.030775578
-----------------
f at the beginning of new iteration,       114.3797531279
Predicted improvement:        0.001207577
lambda =          1; f =          114.3783685
Norm of dx  0.0078829
----
Improvement on iteration 64 =        0.001384654
-----------------
f at the beginning of new iteration,       114.3783684739
Predicted improvement:        0.000137429
lambda =          1; f =          114.3781359
lambda =     1.9332; f =          114.3779964
lambda =     3.7372; f =          114.3779393
Norm of dx 0.00094042
----
Improvement on iteration 65 =        0.000429151
-----------------
f at the beginning of new iteration,       114.3779393226
Predicted improvement:        0.000292049
lambda =          1; f =          114.3773798
lambda =     1.9332; f =          114.3769007
lambda =     3.7372; f =          114.3760921
lambda =     7.2247; f =          114.3749668
lambda =     13.967; f =          114.3744184
Norm of dx  0.0009609
----
Improvement on iteration 66 =        0.003520895
-----------------
f at the beginning of new iteration,       114.3744184281
Predicted improvement:        0.002377489
lambda =          1; f =          114.3703632
lambda =     1.9332; f =          114.3678395
lambda =     3.7372; f =          114.3664116
Norm of dx  0.0074345
----
Improvement on iteration 67 =        0.008006779
-----------------
f at the beginning of new iteration,       114.3664116486
Predicted improvement:        0.000711040
lambda =          1; f =          114.3656231
Norm of dx  0.0019834
----
Improvement on iteration 68 =        0.000788557
-----------------
f at the beginning of new iteration,       114.3656230913
Predicted improvement:        0.000040169
lambda =          1; f =          114.3655679
Norm of dx  0.0014184
----
Improvement on iteration 69 =        0.000055142
-----------------
f at the beginning of new iteration,       114.3655679494
Predicted improvement:        0.000036906
lambda =          1; f =          114.3655058
lambda =     1.9332; f =          114.3654680
lambda =     3.7372; f =          114.3654500
Norm of dx  0.0011849
----
Improvement on iteration 70 =        0.000117998
-----------------
f at the beginning of new iteration,       114.3654499509
Predicted improvement:        0.000086027
lambda =          1; f =          114.3652805
lambda =     1.9332; f =          114.3651275
lambda =     3.7372; f =          114.3648461
lambda =     7.2247; f =          114.3643555
lambda =     13.967; f =          114.3636073
lambda =         27; f =          114.3629123
Norm of dx 0.00041742
----
Improvement on iteration 71 =        0.002537604
-----------------
f at the beginning of new iteration,       114.3629123468
Predicted improvement:        0.001870075
lambda =          1; f =          114.3596596
lambda =     1.9332; f =          114.3575116
lambda =     3.7372; f =          114.3558261
Norm of dx  0.0092731
----
Improvement on iteration 72 =        0.007086292
-----------------
f at the beginning of new iteration,       114.3558260548
Predicted improvement:        0.000207439
lambda =          1; f =          114.3556115
Norm of dx  0.0025055
----
Improvement on iteration 73 =        0.000214574
-----------------
f at the beginning of new iteration,       114.3556114813
Predicted improvement:        0.000007683
lambda =          1; f =          114.3555982
lambda =     1.9332; f =          114.3555889
lambda =     3.7372; f =          114.3555797
Norm of dx 0.00013934
----
Improvement on iteration 74 =        0.000031760
-----------------
f at the beginning of new iteration,       114.3555797212
Predicted improvement:        0.000027974
lambda =          1; f =          114.3555254
lambda =     1.9332; f =          114.3554771
lambda =     3.7372; f =          114.3553906
lambda =     7.2247; f =          114.3552484
lambda =     13.967; f =          114.3550669
Norm of dx 0.00022883
----
Improvement on iteration 75 =        0.000512803
-----------------
f at the beginning of new iteration,       114.3550669180
Predicted improvement:        0.000474948
lambda =          1; f =          114.3542797
lambda =     1.9332; f =          114.3538345
Norm of dx  0.0039936
----
Improvement on iteration 76 =        0.001232398
-----------------
f at the beginning of new iteration,       114.3538345204
Predicted improvement:        0.000424335
lambda =          1; f =          114.3533302
Norm of dx  0.0056886
----
Improvement on iteration 77 =        0.000504287
-----------------
f at the beginning of new iteration,       114.3533302330
Predicted improvement:        0.000036555
lambda =          1; f =          114.3532850
Norm of dx  0.0012652
----
Improvement on iteration 78 =        0.000045225
-----------------
f at the beginning of new iteration,       114.3532850084
Predicted improvement:        0.000009353
lambda =          1; f =          114.3532684
lambda =     1.9332; f =          114.3532573
lambda =     3.7372; f =          114.3532478
Norm of dx 0.00033403
----
Improvement on iteration 79 =        0.000037255
-----------------
f at the beginning of new iteration,       114.3532477537
Predicted improvement:        0.000026244
lambda =          1; f =          114.3531957
lambda =     1.9332; f =          114.3531478
lambda =     3.7372; f =          114.3530573
lambda =     7.2247; f =          114.3528897
lambda =     13.967; f =          114.3525936
lambda =         27; f =          114.3521253
lambda =     52.196; f =          114.3516086
Norm of dx 0.00021538
----
Improvement on iteration 80 =        0.001639146
-----------------
f at the beginning of new iteration,       114.3516086077
Predicted improvement:        0.000384430
lambda =          1; f =          114.3511388
Norm of dx    0.00715
----
Improvement on iteration 81 =        0.000469811
-----------------
f at the beginning of new iteration,       114.3511387969
Predicted improvement:        0.000041394
lambda =          1; f =          114.3510908
Norm of dx   0.002307
----
Improvement on iteration 82 =        0.000047985
-----------------
f at the beginning of new iteration,       114.3510908118
Predicted improvement:        0.000008635
lambda =          1; f =          114.3510756
lambda =     1.9332; f =          114.3510647
lambda =     3.7372; f =          114.3510527
Norm of dx 0.00060004
----
Improvement on iteration 83 =        0.000038155
-----------------
f at the beginning of new iteration,       114.3510526568
Predicted improvement:        0.000032863
lambda =          1; f =          114.3509891
lambda =     1.9332; f =          114.3509333
lambda =     3.7372; f =          114.3508353
lambda =     7.2247; f =          114.3506820
lambda =     13.967; f =          114.3505191
Norm of dx 0.00089318
----
Improvement on iteration 84 =        0.000533513
-----------------
f at the beginning of new iteration,       114.3505191435
Predicted improvement:        0.000458777
lambda =          1; f =          114.3496664
lambda =     1.9332; f =          114.3489895
lambda =     3.7372; f =          114.3480077
lambda =     7.2247; f =          114.3473416
Norm of dx  0.0061536
----
Improvement on iteration 85 =        0.003177517
-----------------
f at the beginning of new iteration,       114.3473416269
Predicted improvement:        0.000641106
lambda =          1; f =          114.3465456
Norm of dx  0.0092013
----
Improvement on iteration 86 =        0.000796060
-----------------
f at the beginning of new iteration,       114.3465455669
Predicted improvement:        0.000044441
lambda =          1; f =          114.3465009
Norm of dx  0.0019302
----
Improvement on iteration 87 =        0.000044694
-----------------
f at the beginning of new iteration,       114.3465008733
Predicted improvement:        0.000001564
lambda =          1; f =          114.3464979
lambda =     1.9332; f =          114.3464952
lambda =     3.7372; f =          114.3464902
lambda =     7.2247; f =          114.3464817
lambda =     13.967; f =          114.3464693
lambda =         27; f =          114.3464601
Norm of dx 8.4855e-05
----
Improvement on iteration 88 =        0.000040745
-----------------
f at the beginning of new iteration,       114.3464601281
Predicted improvement:        0.000041295
lambda =          1; f =          114.3463781
lambda =     1.9332; f =          114.3463024
lambda =     3.7372; f =          114.3461584
lambda =     7.2247; f =          114.3458889
lambda =     13.967; f =          114.3454010
lambda =         27; f =          114.3445827
lambda =     52.196; f =          114.3434712
Norm of dx 0.00069061
----
Improvement on iteration 89 =        0.002988908
-----------------
f at the beginning of new iteration,       114.3434712200
Predicted improvement:        0.001934605
lambda =          1; f =          114.3411375
Norm of dx   0.040784
----
Improvement on iteration 90 =        0.002333769
-----------------
f at the beginning of new iteration,       114.3411374512
Predicted improvement:        0.000193475
lambda =          1; f =          114.3409319
Norm of dx  0.0077563
----
Improvement on iteration 91 =        0.000205578
-----------------
f at the beginning of new iteration,       114.3409318735
Predicted improvement:        0.000002258
lambda =          1; f =          114.3409296
Norm of dx 0.00036993
----
Improvement on iteration 92 =        0.000002299
-----------------
f at the beginning of new iteration,       114.3409295746
Predicted improvement:        0.000000006
lambda =          1; f =          114.3409296
lambda =     1.9332; f =          114.3409295
lambda =     3.7372; f =          114.3409296
Norm of dx 6.5841e-05
----
Improvement on iteration 93 =        0.000000032
improvement < crit termination

Final value of minus the log posterior (or likelihood):114.340930 

MODE CHECK

Fval obtained by the minimization routine (minus the posterior/likelihood)): 114.340930

RESULTS FROM POSTERIOR ESTIMATION
parameters
          prior mean     mode    s.d.  prior pstdev

rhoA          0.5000   0.7913  0.0461   beta 0.2000 
rhoG          0.5000   0.9925  0.0066   beta 0.2000 
rhoMS         0.5000   0.9918  0.0077   beta 0.2000 
hss           0.4000   0.2970  0.0693   beta 0.1000 
phiX          2.0000   1.8438  0.9065   norm 1.5000 
sigma_c       2.0000   2.1985  0.4063   gamm 0.5000 
chi           0.7000   0.3293  0.0822   beta 0.1000 
xi            0.5000   0.7110  0.0439   beta 0.1000 
gammap        0.5000   0.1688  0.0845   beta 0.1500 
alp           0.7000   0.7880  0.0351   beta 0.0500 
theta_pie     2.0000   1.9427  0.2265   norm 0.2500 
rho_r         0.7500   0.7822  0.0285   beta 0.1000 
theta_y       0.1250  -0.0281  0.0144   norm 0.0500 
conspie       0.6250   0.7250  0.0988   gamm 0.1000 
trend         0.4000   0.4943  0.0545   norm 0.1000 
ctrend        0.4000   0.4639  0.0654   norm 0.1000 
consr         1.5000   1.3558  0.0831   norm 0.1000 

standard deviation of shocks
          prior mean     mode    s.d.  prior pstdev

epsA          0.1000   0.8584  0.1787   invg 2.0000 
epsG          0.1000   2.2151  0.1845   invg 2.0000 
epsM          0.1000   0.1673  0.0157   invg 2.0000 
epsMS         0.1000   1.9901  0.3912   invg 2.0000 


Log data density [Laplace approximation] is -157.069422.

Estimation::mcmc: Multiple chains mode.
Estimation::mcmc: Old mh-files successfully erased!
Estimation::mcmc: Old metropolis.log file successfully erased!
Estimation::mcmc: Creation of a new metropolis.log file.
Estimation::mcmc: Searching for initial values...
Estimation::mcmc: Initial values found!

Estimation::mcmc: Write details about the MCMC... Ok!
Estimation::mcmc: Details about the MCMC are available in NKlinear_Est2/metropolis/NKlinear_Est2_mh_history_0.mat


Estimation::mcmc: Number of mh files: 1 per block.
Estimation::mcmc: Total number of generated files: 2.
Estimation::mcmc: Total number of iterations: 100000.
Estimation::mcmc: Current acceptance ratio per chain: 
                                                       Chain  1: 27.052%
                                                       Chain  2: 25.756%
Estimation::mcmc: Total number of MH draws per chain: 100000.
Estimation::mcmc: Total number of generated MH files: 1.
Estimation::mcmc: I'll use mh-files 1 to 1.
Estimation::mcmc: In MH-file number 1 I'll start at line 20001.
Estimation::mcmc: Finally I keep 80000 draws per chain.



MCMC Inefficiency factors per block
Parameter       Block 1     Block 2
SE_epsA         496.438     378.834
SE_epsG         124.240     131.205
SE_epsM         123.753     122.381
SE_epsMS        462.280     422.424
rhoA            154.939     134.429
rhoG            352.331     525.674
rhoMS           485.024     473.138
hss             164.532     159.857
phiX            208.385     192.269
sigma_c         184.755     163.426
chi             203.360     185.429
xi              370.422     331.365
gammap          248.776     203.458
alp             230.175     225.012
theta_pie       280.467     291.920
rho_r           156.019     137.979
theta_y         339.339     319.931
conspie         118.825     131.231
trend           264.630     217.253
ctrend          173.593     156.170
consr           136.860     108.720

Estimation::mcmc::diagnostics: Univariate convergence diagnostic, Brooks and Gelman (1998):
    Parameter 1...  Done! 
    Parameter 2...  Done! 
    Parameter 3...  Done! 
    Parameter 4...  Done! 
    Parameter 5...  Done! 
    Parameter 6...  Done! 
    Parameter 7...  Done! 
    Parameter 8...  Done! 
    Parameter 9...  Done! 
    Parameter 10...  Done! 
    Parameter 11...  Done! 
    Parameter 12...  Done! 
    Parameter 13...  Done! 
    Parameter 14...  Done! 
    Parameter 15...  Done! 
    Parameter 16...  Done! 
    Parameter 17...  Done! 
    Parameter 18...  Done! 
    Parameter 19...  Done! 
    Parameter 20...  Done! 
    Parameter 21...  Done! 

Estimation::marginal density: I'm computing the posterior mean and covariance...  Done!
Estimation::marginal density: I'm computing the posterior log marginal density (modified harmonic mean)... Done!


ESTIMATION RESULTS

Log data density is -154.341715.

parameters
            prior mean   post. mean        90% HPD interval    prior       pstdev

rhoA             0.500       0.7597      0.6816      0.8365     beta       0.2000
rhoG             0.500       0.9802      0.9627      0.9987     beta       0.2000
rhoMS            0.500       0.9674      0.9404      0.9971     beta       0.2000
hss              0.400       0.2948      0.1825      0.3988     beta       0.1000
phiX             2.000       2.5442      0.9685      3.9456     norm       1.5000
sigma_c          2.000       2.3054      1.6811      2.9361     gamm       0.5000
chi              0.700       0.3658      0.2446      0.4890     beta       0.1000
xi               0.500       0.7781      0.7095      0.8506     beta       0.1000
gammap           0.500       0.2441      0.0704      0.4105     beta       0.1500
alp              0.700       0.7859      0.7235      0.8519     beta       0.0500
theta_pie        2.000       2.1781      1.7781      2.5484     norm       0.2500
rho_r            0.750       0.7910      0.7484      0.8365     beta       0.1000
theta_y          0.125      -0.0007     -0.0362      0.0319     norm       0.0500
conspie          0.625       0.6588      0.5274      0.7928     gamm       0.1000
trend            0.400       0.4501      0.3383      0.5568     norm       0.1000
ctrend           0.400       0.4318      0.3265      0.5363     norm       0.1000
consr            1.500       1.3757      1.2361      1.5119     norm       0.1000

standard deviation of shocks
            prior mean   post. mean        90% HPD interval    prior       pstdev

epsA             0.100       1.3473      0.8640      1.8704     invg       2.0000
epsG             0.100       2.2757      1.9481      2.5846     invg       2.0000
epsM             0.100       0.1681      0.1426      0.1937     invg       2.0000
epsMS            0.100       2.7494      1.6394      3.8409     invg       2.0000

MODEL SUMMARY

  Number of variables:         36
  Number of stochastic shocks: 4
  Number of state variables:   13
  Number of jumpers:           8
  Number of static variables:  18


MATRIX OF COVARIANCE OF EXOGENOUS SHOCKS
Variables        epsA      epsG      epsM     epsMS
epsA         1.815170  0.000000  0.000000  0.000000
epsG         0.000000  5.178610  0.000000  0.000000
epsM         0.000000  0.000000  0.028262  0.000000
epsMS        0.000000  0.000000  0.000000  7.559092

POLICY AND TRANSITION FUNCTIONS
                                  dy         pinfobs            robs               Y               C               I             PIE              Rn
Constant                    0.450115        0.658758        1.375723               0               0               0               0               0
Y(-1)                      -1.000000               0               0               0               0               0               0               0
K(-1)                       0.075852       -0.015348       -0.006999        0.075852        0.160588       -0.184401       -0.015348       -0.006999
C(-1)                       0.269644        0.022872        0.010376        0.269644        0.421091       -0.019686        0.022872        0.010376
A(-1)                       0.057539       -0.112824       -0.051379        0.057539        0.035747        0.225499       -0.112824       -0.051379
G(-1)                       0.164040        0.007852        0.003552        0.164040       -0.050972        0.006622        0.007852        0.003552
Rn(-1)                     -0.882873       -0.435128        0.592959       -0.882873       -1.229374       -0.569631       -0.435128        0.592959
MS(-1)                     -0.226276        0.040242        0.018354       -0.226276       -0.227628       -0.517250        0.040242        0.018354
I(-1)                       0.138048        0.020172        0.009165        0.138048        0.014857        0.842028        0.020172        0.009165
PIE(-1)                    -0.126856        0.168122        0.076567       -0.126856       -0.173246       -0.096268        0.168122        0.076567
epsA                        0.075740       -0.148514       -0.067632        0.075740        0.047054        0.296831       -0.148514       -0.067632
epsG                        0.167360        0.008011        0.003624        0.167360       -0.052003        0.006756        0.008011        0.003624
epsM                       -1.116208       -0.550128        0.749673       -1.116208       -1.554287       -0.720179       -0.550128        0.749673
epsMS                      -0.233908        0.041599        0.018973       -0.233908       -0.235305       -0.534695        0.041599        0.018973


THEORETICAL MOMENTS
VARIABLE         MEAN  STD. DEV.   VARIANCE
dy             0.4501     0.9864     0.9729
pinfobs        0.6588     0.3454     0.1193
robs           1.3757     0.4146     0.1719
Y              0.0000     8.5317    72.7897
C              0.0000     8.1389    66.2409
I              0.0000    23.5332   553.8097
PIE            0.0000     0.3454     0.1193
Rn             0.0000     0.4146     0.1719



VARIANCE DECOMPOSITION (in percent)
             epsA    epsG    epsM   epsMS
dy           5.82   15.32    4.32   74.54
pinfobs     53.32    1.52   15.28   29.89
robs        41.48    3.83   12.13   42.57
Y            1.26    3.41    0.14   95.20
C            1.12    2.06    0.27   96.55
I            1.43    0.01    0.02   98.54
PIE         53.32    1.52   15.28   29.89
Rn          41.48    3.83   12.13   42.57



MATRIX OF CORRELATIONS
Variables         dy  pinfobs     robs        Y        C        I      PIE       Rn
dy            1.0000  -0.3599  -0.3478   0.0578   0.0294   0.0741  -0.3599  -0.3478
pinfobs      -0.3599   1.0000   0.4661   0.0582  -0.0671   0.1622   1.0000   0.4661
robs         -0.3478   0.4661   1.0000  -0.0249  -0.2266   0.1490   0.4661   1.0000
Y             0.0578   0.0582  -0.0249   1.0000   0.9150   0.9157   0.0582  -0.0249
C             0.0294  -0.0671  -0.2266   0.9150   1.0000   0.7980  -0.0671  -0.2266
I             0.0741   0.1622   0.1490   0.9157   0.7980   1.0000   0.1622   0.1490
PIE          -0.3599   1.0000   0.4661   0.0582  -0.0671   0.1622   1.0000   0.4661
Rn           -0.3478   0.4661   1.0000  -0.0249  -0.2266   0.1490   0.4661   1.0000



COEFFICIENTS OF AUTOCORRELATION
Order           1       2       3       4       5       6       7       8       9      10
dy         0.5201  0.3128  0.1800  0.1001  0.0535  0.0263  0.0098 -0.0011 -0.0088 -0.0148
pinfobs    0.6528  0.3392  0.1547  0.0656  0.0302  0.0206  0.0215  0.0255  0.0296  0.0329
robs       0.8849  0.7443  0.6114  0.4996  0.4113  0.3437  0.2927  0.2544  0.2254  0.2033
Y          0.9933  0.9797  0.9619  0.9416  0.9201  0.8978  0.8752  0.8524  0.8297  0.8071
C          0.9943  0.9828  0.9689  0.9544  0.9403  0.9266  0.9136  0.9009  0.8885  0.8763
I          0.9938  0.9774  0.9533  0.9231  0.8885  0.8509  0.8112  0.7704  0.7291  0.6878
PIE        0.6528  0.3392  0.1547  0.0656  0.0302  0.0206  0.0215  0.0255  0.0296  0.0329
Rn         0.8849  0.7443  0.6114  0.4996  0.4113  0.3437  0.2927  0.2544  0.2254  0.2033
Total computing time : 0h37m24s
