Starting Dynare (version 5.0).
Calling Dynare with arguments: none
Starting preprocessing of the model file ...
Found 35 equation(s).
Evaluating expressions...done
Computing static model derivatives (order 1).
Computing dynamic model derivatives (order 2).
Processing outputs ...
done
Preprocessing completed.


You did not declare endogenous variables after the estimation/calib_smoother command.

Initial value of the log posterior (or likelihood): -34.2611
-----------------
f at the beginning of new iteration,        34.2611485767
Predicted improvement:        0.033461156
lambda =          1; f =           34.3573754
lambda =    0.33333; f =           34.2601965
lambda =    0.11111; f =           34.2562131
Norm of dx  0.0025869
----
Improvement on iteration 1 =        0.004935433
-----------------
f at the beginning of new iteration,        34.2562131441
Predicted improvement:        0.005095651
lambda =          1; f =           34.2490777
lambda =     1.9332; f =           34.2479349
Norm of dx  0.0010651
----
Improvement on iteration 2 =        0.008278276
-----------------
f at the beginning of new iteration,        34.2479348678
Predicted improvement:        0.003365735
lambda =          1; f =           34.2428755
lambda =     1.9332; f =           34.2412562
Norm of dx 0.00087636
----
Improvement on iteration 3 =        0.006678711
-----------------
f at the beginning of new iteration,        34.2412561563
Predicted improvement:        0.008561401
lambda =          1; f =           34.2257363
lambda =     1.9332; f =           34.2141490
lambda =     3.7372; f =           34.1997147
Norm of dx  0.0027525
----
Improvement on iteration 4 =        0.041541459
-----------------
f at the beginning of new iteration,        34.1997146975
Predicted improvement:        0.031746175
lambda =          1; f =           34.1506587
lambda =     1.9332; f =           34.1307744
Norm of dx   0.015378
----
Improvement on iteration 5 =        0.068940323
-----------------
f at the beginning of new iteration,        34.1307743749
Predicted improvement:        0.012692280
lambda =          1; f =           34.1110607
lambda =     1.9332; f =           34.1027137
Norm of dx  0.0066772
----
Improvement on iteration 6 =        0.028060674
-----------------
f at the beginning of new iteration,        34.1027137012
Predicted improvement:        0.008757957
lambda =          1; f =           34.0881089
lambda =     1.9332; f =           34.0796697
Norm of dx    0.00364
----
Improvement on iteration 7 =        0.023043982
-----------------
f at the beginning of new iteration,        34.0796697197
Predicted improvement:        0.009409175
lambda =          1; f =           34.0659587
lambda =     1.9332; f =           34.0622857
Norm of dx  0.0056536
----
Improvement on iteration 8 =        0.017383996
-----------------
f at the beginning of new iteration,        34.0622857241
Predicted improvement:        0.005967511
lambda =          1; f =           34.0508475
lambda =     1.9332; f =           34.0410741
lambda =     3.7372; f =           34.0246723
lambda =     7.2247; f =           34.0024557
Norm of dx  0.0019244
----
Improvement on iteration 9 =        0.059830030
-----------------
f at the beginning of new iteration,        34.0024556943
Predicted improvement:        0.032623611
lambda =          1; f =           33.9575536
Norm of dx   0.024875
----
Improvement on iteration 10 =        0.044902096
-----------------
f at the beginning of new iteration,        33.9575535984
Predicted improvement:        0.014686091
lambda =          1; f =           33.9392931
Norm of dx   0.017491
----
Improvement on iteration 11 =        0.018260506
-----------------
f at the beginning of new iteration,        33.9392930924
Predicted improvement:        0.004337623
lambda =          1; f =           33.9322425
lambda =     1.9332; f =           33.9285480
Norm of dx  0.0048193
----
Improvement on iteration 12 =        0.010745062
-----------------
f at the beginning of new iteration,        33.9285480300
Predicted improvement:        0.006409747
lambda =          1; f =           33.9174038
lambda =     1.9332; f =           33.9100070
lambda =     3.7372; f =           33.9038123
Norm of dx  0.0041951
----
Improvement on iteration 13 =        0.024735741
-----------------
f at the beginning of new iteration,        33.9038122887
Predicted improvement:        0.010080710
lambda =          1; f =           33.8863563
lambda =     1.9332; f =           33.8750325
lambda =     3.7372; f =           33.8673102
Norm of dx  0.0034764
----
Improvement on iteration 14 =        0.036502133
-----------------
f at the beginning of new iteration,        33.8673101553
Predicted improvement:        0.003783166
lambda =          1; f =           33.8615706
lambda =     1.9332; f =           33.8595318
Norm of dx  0.0029265
----
Improvement on iteration 15 =        0.007778326
-----------------
f at the beginning of new iteration,        33.8595318292
Predicted improvement:        0.002881399
lambda =          1; f =           33.8541020
lambda =     1.9332; f =           33.8496394
lambda =     3.7372; f =           33.8426722
lambda =     7.2247; f =           33.8354399
Norm of dx  0.0037591
----
Improvement on iteration 16 =        0.024091903
-----------------
f at the beginning of new iteration,        33.8354399257
Predicted improvement:        0.019530462
lambda =          1; f =           33.8015887
lambda =     1.9332; f =           33.7795767
lambda =     3.7372; f =           33.7645236
Norm of dx   0.013912
----
Improvement on iteration 17 =        0.070916322
-----------------
f at the beginning of new iteration,        33.7645236040
Predicted improvement:        0.015410800
lambda =          1; f =           33.7455107
Norm of dx  0.0092865
----
Improvement on iteration 18 =        0.019012891
-----------------
f at the beginning of new iteration,        33.7455107128
Predicted improvement:        0.003350462
lambda =          1; f =           33.7406395
lambda =     1.9332; f =           33.7394114
Norm of dx  0.0024763
----
Improvement on iteration 19 =        0.006099324
-----------------
f at the beginning of new iteration,        33.7394113887
Predicted improvement:        0.003032804
lambda =          1; f =           33.7335918
lambda =     1.9332; f =           33.7286050
lambda =     3.7372; f =           33.7201763
lambda =     7.2247; f =           33.7083940
lambda =     13.967; f =           33.7023691
Norm of dx  0.0024254
----
Improvement on iteration 20 =        0.037042286
-----------------
f at the beginning of new iteration,        33.7023691024
Predicted improvement:        0.011681264
lambda =          1; f =           33.6870037
Norm of dx  0.0050048
----
Improvement on iteration 21 =        0.015365451
-----------------
f at the beginning of new iteration,        33.6870036517
Predicted improvement:        0.003131680
lambda =          1; f =           33.6828001
Norm of dx  0.0051587
----
Improvement on iteration 22 =        0.004203561
-----------------
f at the beginning of new iteration,        33.6828000902
Predicted improvement:        0.002422770
lambda =          1; f =           33.6786108
lambda =     1.9332; f =           33.6758816
lambda =     3.7372; f =           33.6738496
Norm of dx  0.0038985
----
Improvement on iteration 23 =        0.008950470
-----------------
f at the beginning of new iteration,        33.6738496201
Predicted improvement:        0.005888264
lambda =          1; f =           33.6627479
lambda =     1.9332; f =           33.6536159
lambda =     3.7372; f =           33.6393341
lambda =     7.2247; f =           33.6244006
Norm of dx  0.0039917
----
Improvement on iteration 24 =        0.049449022
-----------------
f at the beginning of new iteration,        33.6244005980
Predicted improvement:        0.003207626
lambda =          1; f =           33.6212106
Norm of dx   0.006657
----
Improvement on iteration 25 =        0.003189964
-----------------
f at the beginning of new iteration,        33.6212106345
Predicted improvement:        0.000031303
lambda =          1; f =           33.6211663
lambda =     1.9332; f =           33.6211580
Norm of dx 0.00078596
----
Improvement on iteration 26 =        0.000052644
-----------------
f at the beginning of new iteration,        33.6211579901
Predicted improvement:        0.000028956
lambda =          1; f =           33.6211024
lambda =     1.9332; f =           33.6210545
lambda =     3.7372; f =           33.6209728
lambda =     7.2247; f =           33.6208558
lambda =     13.967; f =           33.6207813
Norm of dx 0.00037224
----
Improvement on iteration 27 =        0.000376723
-----------------
f at the beginning of new iteration,        33.6207812666
Predicted improvement:        0.000333218
lambda =          1; f =           33.6201477
lambda =     1.9332; f =           33.6196176
lambda =     3.7372; f =           33.6187597
lambda =     7.2247; f =           33.6177264
Norm of dx  0.0014489
----
Improvement on iteration 28 =        0.003054829
-----------------
f at the beginning of new iteration,        33.6177264379
Predicted improvement:        0.000473233
lambda =          1; f =           33.6172074
Norm of dx  0.0047966
----
Improvement on iteration 29 =        0.000519033
-----------------
f at the beginning of new iteration,        33.6172074053
Predicted improvement:        0.000041759
lambda =          1; f =           33.6171296
lambda =     1.9332; f =           33.6170674
lambda =     3.7372; f =           33.6169757
lambda =     7.2247; f =           33.6169052
Norm of dx 0.00062209
----
Improvement on iteration 30 =        0.000302242
-----------------
f at the beginning of new iteration,        33.6169051632
Predicted improvement:        0.000236380
lambda =          1; f =           33.6164518
lambda =     1.9332; f =           33.6160641
lambda =     3.7372; f =           33.6154110
lambda =     7.2247; f =           33.6145075
lambda =     13.967; f =           33.6140911
Norm of dx 0.00088559
----
Improvement on iteration 31 =        0.002814099
-----------------
f at the beginning of new iteration,        33.6140910641
Predicted improvement:        0.000099220
lambda =          1; f =           33.6139752
Norm of dx  0.0013006
----
Improvement on iteration 32 =        0.000115890
-----------------
f at the beginning of new iteration,        33.6139751741
Predicted improvement:        0.000022786
lambda =          1; f =           33.6139335
lambda =     1.9332; f =           33.6139015
lambda =     3.7372; f =           33.6138586
Norm of dx 0.00020024
----
Improvement on iteration 33 =        0.000116614
-----------------
f at the beginning of new iteration,        33.6138585599
Predicted improvement:        0.000127451
lambda =          1; f =           33.6136266
lambda =     1.9332; f =           33.6134517
lambda =     3.7372; f =           33.6132278
Norm of dx 0.00067433
----
Improvement on iteration 34 =        0.000630787
-----------------
f at the beginning of new iteration,        33.6132277726
Predicted improvement:        0.000527203
lambda =          1; f =           33.6123454
lambda =     1.9332; f =           33.6118334
Norm of dx  0.0040518
----
Improvement on iteration 35 =        0.001394363
-----------------
f at the beginning of new iteration,        33.6118334095
Predicted improvement:        0.000581222
lambda =          1; f =           33.6111257
Norm of dx  0.0064147
----
Improvement on iteration 36 =        0.000707672
-----------------
f at the beginning of new iteration,        33.6111257377
Predicted improvement:        0.000066486
lambda =          1; f =           33.6110463
Norm of dx  0.0013473
----
Improvement on iteration 37 =        0.000079424
-----------------
f at the beginning of new iteration,        33.6110463133
Predicted improvement:        0.000013617
lambda =          1; f =           33.6110225
lambda =     1.9332; f =           33.6110065
lambda =     3.7372; f =           33.6109927
Norm of dx 0.00023565
----
Improvement on iteration 38 =        0.000053658
-----------------
f at the beginning of new iteration,        33.6109926550
Predicted improvement:        0.000038711
lambda =          1; f =           33.6109156
lambda =     1.9332; f =           33.6108445
lambda =     3.7372; f =           33.6107094
lambda =     7.2247; f =           33.6104567
lambda =     13.967; f =           33.6100005
lambda =         27; f =           33.6092385
lambda =     52.196; f =           33.6082134
Norm of dx 0.00025787
----
Improvement on iteration 39 =        0.002779240
-----------------
f at the beginning of new iteration,        33.6082134147
Predicted improvement:        0.001685729
lambda =          1; f =           33.6059865
Norm of dx   0.018749
----
Improvement on iteration 40 =        0.002226875
-----------------
f at the beginning of new iteration,        33.6059865393
Predicted improvement:        0.000394660
lambda =          1; f =           33.6055459
Norm of dx  0.0092742
----
Improvement on iteration 41 =        0.000440608
-----------------
f at the beginning of new iteration,        33.6055459315
Predicted improvement:        0.000031859
lambda =          1; f =           33.6054900
lambda =     1.9332; f =           33.6054522
lambda =     3.7372; f =           33.6054181
Norm of dx 0.00097585
----
Improvement on iteration 42 =        0.000127795
-----------------
f at the beginning of new iteration,        33.6054181366
Predicted improvement:        0.000087978
lambda =          1; f =           33.6052470
lambda =     1.9332; f =           33.6050958
lambda =     3.7372; f =           33.6048272
lambda =     7.2247; f =           33.6043950
lambda =     13.967; f =           33.6038827
Norm of dx 0.00063232
----
Improvement on iteration 43 =        0.001535459
-----------------
f at the beginning of new iteration,        33.6038826780
Predicted improvement:        0.000416149
lambda =          1; f =           33.6033877
Norm of dx   0.005706
----
Improvement on iteration 44 =        0.000494984
-----------------
f at the beginning of new iteration,        33.6033876943
Predicted improvement:        0.000026346
lambda =          1; f =           33.6033581
Norm of dx  0.0017307
----
Improvement on iteration 45 =        0.000029615
-----------------
f at the beginning of new iteration,        33.6033580795
Predicted improvement:        0.000001962
lambda =          1; f =           33.6033544
lambda =     1.9332; f =           33.6033515
lambda =     3.7372; f =           33.6033476
lambda =     7.2247; f =           33.6033462
Norm of dx 0.00023971
----
Improvement on iteration 46 =        0.000011892
-----------------
f at the beginning of new iteration,        33.6033461872
Predicted improvement:        0.000009693
lambda =          1; f =           33.6033278
lambda =     1.9332; f =           33.6033121
lambda =     3.7372; f =           33.6032856
lambda =     7.2247; f =           33.6032492
Norm of dx 0.00024862
----
Improvement on iteration 47 =        0.000097036
-----------------
f at the beginning of new iteration,        33.6032491509
Predicted improvement:        0.000097738
lambda =          1; f =           33.6030967
lambda =     1.9332; f =           33.6030293
Norm of dx   0.001464
----
Improvement on iteration 48 =        0.000219875
-----------------
f at the beginning of new iteration,        33.6030292754
Predicted improvement:        0.000054439
lambda =          1; f =           33.6029581
Norm of dx  0.0023925
----
Improvement on iteration 49 =        0.000071220
-----------------
f at the beginning of new iteration,        33.6029580558
Predicted improvement:        0.000010845
lambda =          1; f =           33.6029456
Norm of dx  0.0011833
----
Improvement on iteration 50 =        0.000012449
-----------------
f at the beginning of new iteration,        33.6029456070
Predicted improvement:        0.000001715
lambda =          1; f =           33.6029424
lambda =     1.9332; f =           33.6029397
lambda =     3.7372; f =           33.6029358
lambda =     7.2247; f =           33.6029325
Norm of dx 0.00019581
----
Improvement on iteration 51 =        0.000013124
-----------------
f at the beginning of new iteration,        33.6029324830
Predicted improvement:        0.000010968
lambda =          1; f =           33.6029106
lambda =     1.9332; f =           33.6028904
lambda =     3.7372; f =           33.6028517
lambda =     7.2247; f =           33.6027786
lambda =     13.967; f =           33.6026434
lambda =         27; f =           33.6024052
lambda =     52.196; f =           33.6020315
lambda =      100.9; f =           33.6016332
Norm of dx 0.00022519
----
Improvement on iteration 52 =        0.001299303
-----------------
f at the beginning of new iteration,        33.6016331804
Predicted improvement:        0.000241552
lambda =          1; f =           33.6013612
Norm of dx  0.0070162
----
Improvement on iteration 53 =        0.000272021
-----------------
f at the beginning of new iteration,        33.6013611596
Predicted improvement:        0.000007054
lambda =          1; f =           33.6013535
Norm of dx 0.00083398
----
Improvement on iteration 54 =        0.000007684
-----------------
f at the beginning of new iteration,        33.6013534756
Predicted improvement:        0.000001302
lambda =          1; f =           33.6013511
lambda =     1.9332; f =           33.6013491
lambda =     3.7372; f =           33.6013462
lambda =     7.2247; f =           33.6013437
Norm of dx 0.00013114
----
Improvement on iteration 55 =        0.000009804
-----------------
f at the beginning of new iteration,        33.6013436720
Predicted improvement:        0.000008877
lambda =          1; f =           33.6013261
lambda =     1.9332; f =           33.6013098
lambda =     3.7372; f =           33.6012789
lambda =     7.2247; f =           33.6012211
lambda =     13.967; f =           33.6011163
lambda =         27; f =           33.6009402
lambda =     52.196; f =           33.6006989
Norm of dx 0.00024074
----
Improvement on iteration 56 =        0.000644794
-----------------
f at the beginning of new iteration,        33.6006988780
Predicted improvement:        0.000586736
lambda =          1; f =           33.5998479
lambda =     1.9332; f =           33.5996414
Norm of dx   0.018241
----
Improvement on iteration 57 =        0.001057471
-----------------
f at the beginning of new iteration,        33.5996414070
Predicted improvement:        0.000119864
lambda =          1; f =           33.5994952
Norm of dx  0.0045067
----
Improvement on iteration 58 =        0.000146175
-----------------
f at the beginning of new iteration,        33.5994952323
Predicted improvement:        0.000007794
lambda =          1; f =           33.5994869
Norm of dx  0.0007641
----
Improvement on iteration 59 =        0.000008287
-----------------
f at the beginning of new iteration,        33.5994869455
Predicted improvement:        0.000000174
lambda =          1; f =           33.5994866
lambda =     1.9332; f =           33.5994863
lambda =     3.7372; f =           33.5994858
lambda =     7.2247; f =           33.5994849
lambda =     13.967; f =           33.5994836
Norm of dx 2.2786e-05
----
Improvement on iteration 60 =        0.000003385
-----------------
f at the beginning of new iteration,        33.5994835610
Predicted improvement:        0.000005460
lambda =          1; f =           33.5994739
lambda =     1.9332; f =           33.5994669
lambda =     3.7372; f =           33.5994588
Norm of dx 0.00035606
----
Improvement on iteration 61 =        0.000024714
-----------------
f at the beginning of new iteration,        33.5994588465
Predicted improvement:        0.000021732
lambda =          1; f =           33.5994188
lambda =     1.9332; f =           33.5993870
lambda =     3.7372; f =           33.5993409
lambda =     7.2247; f =           33.5993093
Norm of dx  0.0011279
----
Improvement on iteration 62 =        0.000149568
-----------------
f at the beginning of new iteration,        33.5993092783
Predicted improvement:        0.000065631
lambda =          1; f =           33.5992102
lambda =     1.9332; f =           33.5991772
Norm of dx  0.0025809
----
Improvement on iteration 63 =        0.000132104
-----------------
f at the beginning of new iteration,        33.5991771747
Predicted improvement:        0.000000288
lambda =          1; f =           33.5991769
Norm of dx 0.00036859
----
Improvement on iteration 64 =        0.000000294
-----------------
f at the beginning of new iteration,        33.5991768808
Predicted improvement:        0.000000000
lambda =          1; f =           33.5991769
lambda =     1.9332; f =           33.5991769
lambda =     3.7372; f =           33.5991769
lambda =     7.2247; f =           33.5991769
lambda =     13.967; f =           33.5991769
lambda =     9.4043; f =           33.5991769
lambda =     11.923; f =           33.5991769
Norm of dx 8.6725e-06
----
Improvement on iteration 65 =        0.000000014
improvement < crit termination

Final value of minus the log posterior (or likelihood):33.599177 

MODE CHECK

Fval obtained by the minimization routine (minus the posterior/likelihood)): 33.599177

RESULTS FROM POSTERIOR ESTIMATION
parameters
          prior mean     mode    s.d.  prior pstdev

rhoA          0.5000   0.8429  0.0458   beta 0.2000 
rhoG          0.5000   0.2520  0.1738   beta 0.2000 
rhoMS         0.5000   0.9870  0.0098   beta 0.2000 
hss           0.4000   0.3412  0.1230   beta 0.1000 
phiX          2.0000   1.8240  0.9202   norm 1.5000 
sigma_c       2.0000   1.6299  0.4284   gamm 0.5000 
chi           0.7000   0.8762  0.0633   beta 0.1000 
xi            0.5000   0.7823  0.0432   beta 0.1000 
gammap        0.5000   0.1649  0.0802   beta 0.1500 
alp           0.7000   0.6919  0.0487   beta 0.0500 
theta_pie     2.0000   2.0483  0.2205   norm 0.2500 
rho_r         0.7500   0.8213  0.0259   beta 0.1000 
theta_y       0.1250   0.0048  0.0094   norm 0.0500 
conspie       0.6250   0.6646  0.1022   gamm 0.1000 
trend         0.4000   0.5016  0.1054   norm 0.1000 
consr         1.5000   1.3586  0.0861   norm 0.1000 

standard deviation of shocks
          prior mean     mode    s.d.  prior pstdev

epsA          0.1000   1.2140  0.2535   invg 2.0000 
epsG          0.1000   1.1985  0.1881   invg 2.0000 
epsM          0.1000   0.1518  0.0135   invg 2.0000 
epsMS         0.1000   2.0859  0.5036   invg 2.0000 


Log data density [Laplace approximation] is -68.806082.

Estimation::mcmc: Multiple chains mode.
Estimation::mcmc: Old mh-files successfully erased!
Estimation::mcmc: Old metropolis.log file successfully erased!
Estimation::mcmc: Creation of a new metropolis.log file.
Estimation::mcmc: Searching for initial values...
Estimation::mcmc: Initial values found!

Estimation::mcmc: Write details about the MCMC... Ok!
Estimation::mcmc: Details about the MCMC are available in NKlinear_Est/metropolis/NKlinear_Est_mh_history_0.mat


Estimation::mcmc: Number of mh files: 1 per block.
Estimation::mcmc: Total number of generated files: 2.
Estimation::mcmc: Total number of iterations: 10000.
Estimation::mcmc: Current acceptance ratio per chain: 
                                                       Chain  1: 12.49%
                                                       Chain  2: 21.77%
Estimation::mcmc: Total number of MH draws per chain: 10000.
Estimation::mcmc: Total number of generated MH files: 1.
Estimation::mcmc: I'll use mh-files 1 to 1.
Estimation::mcmc: In MH-file number 1 I'll start at line 2001.
Estimation::mcmc: Finally I keep 8000 draws per chain.



MCMC Inefficiency factors per block
Parameter       Block 1     Block 2
SE_epsA         252.789     371.290
SE_epsG         400.901     464.998
SE_epsM         296.442     137.862
SE_epsMS        562.763     422.632
rhoA            472.765     368.558
rhoG            374.354     240.244
rhoMS           533.876     522.681
hss             342.491     450.066
phiX            382.875     448.813
sigma_c         244.099     251.261
chi             249.612     143.721
xi              465.242     292.526
gammap          269.270     280.929
alp             396.367     182.193
theta_pie       190.951     189.356
rho_r           389.970     546.039
theta_y         662.774     586.122
conspie         306.598      81.465
trend           336.968     127.560
consr           428.464     300.468

Estimation::mcmc::diagnostics: Univariate convergence diagnostic, Brooks and Gelman (1998):
    Parameter 1...  Done! 
    Parameter 2...  Done! 
    Parameter 3...  Done! 
    Parameter 4...  Done! 
    Parameter 5...  Done! 
    Parameter 6...  Done! 
    Parameter 7...  Done! 
    Parameter 8...  Done! 
    Parameter 9...  Done! 
    Parameter 10...  Done! 
    Parameter 11...  Done! 
    Parameter 12...  Done! 
    Parameter 13...  Done! 
    Parameter 14...  Done! 
    Parameter 15...  Done! 
    Parameter 16...  Done! 
    Parameter 17...  Done! 
    Parameter 18...  Done! 
    Parameter 19...  Done! 
    Parameter 20...  Done! 

Estimation::marginal density: I'm computing the posterior mean and covariance...  Done!
Estimation::marginal density: I'm computing the posterior log marginal density (modified harmonic mean)... 
Estimation::marginal density: The support of the weighting density function is not large enough...
Estimation::marginal density: I increase the variance of this distribution.
Done!


ESTIMATION RESULTS

Log data density is -68.778572.

parameters
            prior mean   post. mean        90% HPD interval    prior       pstdev

rhoA             0.500       0.8667      0.7784      0.9612     beta       0.2000
rhoG             0.500       0.3750      0.0666      0.6572     beta       0.2000
rhoMS            0.500       0.9495      0.9199      0.9809     beta       0.2000
hss              0.400       0.5899      0.3841      0.7614     beta       0.1000
phiX             2.000       0.9132      0.1500      1.9625     norm       1.5000
sigma_c          2.000       2.2155      1.5484      3.0593     gamm       0.5000
chi              0.700       0.8499      0.7675      0.9398     beta       0.1000
xi               0.500       0.8129      0.7697      0.8608     beta       0.1000
gammap           0.500       0.2561      0.0588      0.4165     beta       0.1500
alp              0.700       0.6351      0.5300      0.7113     beta       0.0500
theta_pie        2.000       2.0466      1.7265      2.3310     norm       0.2500
rho_r            0.750       0.7893      0.7303      0.8534     beta       0.1000
theta_y          0.125       0.0633      0.0201      0.1403     norm       0.0500
conspie          0.625       0.7178      0.5645      0.8523     gamm       0.1000
trend            0.400       0.5783      0.5002      0.6900     norm       0.1000
consr            1.500       1.3816      1.2342      1.5511     norm       0.1000

standard deviation of shocks
            prior mean   post. mean        90% HPD interval    prior       pstdev

epsA             0.100       0.9680      0.5664      1.3502     invg       2.0000
epsG             0.100       1.1018      0.7202      1.5033     invg       2.0000
epsM             0.100       0.1554      0.1365      0.1807     invg       2.0000
epsMS            0.100       4.2391      2.3402      6.4772     invg       2.0000

MODEL SUMMARY

  Number of variables:         35
  Number of stochastic shocks: 4
  Number of state variables:   13
  Number of jumpers:           8
  Number of static variables:  17


MATRIX OF COVARIANCE OF EXOGENOUS SHOCKS
Variables         epsA       epsG       epsM      epsMS
epsA          0.937023   0.000000   0.000000   0.000000
epsG          0.000000   1.214055   0.000000   0.000000
epsM          0.000000   0.000000   0.024155   0.000000
epsMS         0.000000   0.000000   0.000000  17.970071

POLICY AND TRANSITION FUNCTIONS
                                  dy         pinfobs            robs               Y               C               I             PIE              Rn
Constant                    0.578325        0.717795        1.381599               0               0               0               0               0
Y(-1)                      -1.000000               0               0               0               0               0               0               0
K(-1)                       0.048227       -0.116790       -0.049706        0.048227        0.029270        0.124738       -0.116790       -0.049706
C(-1)                       0.388094        0.108666        0.052024        0.388094        0.908168       -0.394094        0.108666        0.052024
A(-1)                       0.114265       -0.174342       -0.073637        0.114265       -0.064546        0.573815       -0.174342       -0.073637
G(-1)                       0.075925        0.015826        0.007836        0.075925        0.017774       -0.033388        0.015826        0.007836
Rn(-1)                     -0.459651       -0.487475        0.573063       -0.459651       -0.331889       -1.078907       -0.487475        0.573063
MS(-1)                     -0.093270        0.033437        0.013171       -0.093270        0.000346       -0.359607        0.033437        0.013171
I(-1)                       0.192286        0.058168        0.027642        0.192286        0.039221        0.658372        0.058168        0.027642
PIE(-1)                    -0.069962        0.169682        0.072219       -0.069962       -0.045802       -0.174015        0.169682        0.072219
epsA                        0.131843       -0.201163       -0.084965        0.131843       -0.074475        0.662090       -0.201163       -0.084965
epsG                        0.202461        0.042202        0.020894        0.202461        0.047396       -0.089032        0.042202        0.020894
epsM                       -0.582317       -0.617565        0.725994       -0.582317       -0.420459       -1.366831       -0.617565        0.725994
epsMS                      -0.098226        0.035213        0.013871       -0.098226        0.000364       -0.378714        0.035213        0.013871


THEORETICAL MOMENTS
VARIABLE         MEAN  STD. DEV.   VARIANCE
dy             0.5783     0.7093     0.5031
pinfobs        0.7178     0.4008     0.1606
robs           1.3816     0.4600     0.2116
Y             -0.0000     5.2225    27.2748
C             -0.0000     4.9859    24.8595
I             -0.0000    11.9624   143.0988
PIE           -0.0000     0.4008     0.1606
Rn            -0.0000     0.4600     0.2116



VARIANCE DECOMPOSITION (in percent)
             epsA    epsG    epsM   epsMS
dy          10.48   15.35    2.14   72.02
pinfobs     39.26    1.67   14.08   44.99
robs        25.37    0.76    7.44   66.43
Y            5.99    0.21    0.14   93.66
C            4.19    0.04    0.28   95.49
I           10.03    0.08    0.12   89.77
PIE         39.26    1.67   14.08   44.99
Rn          25.37    0.76    7.44   66.43



MATRIX OF CORRELATIONS
Variables         dy  pinfobs     robs        Y        C        I      PIE       Rn
dy            1.0000  -0.2548  -0.3464   0.0679  -0.1626   0.2394  -0.2548  -0.3464
pinfobs      -0.2548   1.0000   0.4316  -0.1507  -0.2781  -0.0211   1.0000   0.4316
robs         -0.3464   0.4316   1.0000   0.2820   0.1256   0.3595   0.4316   1.0000
Y             0.0679  -0.1507   0.2820   1.0000   0.8826   0.9119  -0.1507   0.2820
C            -0.1626  -0.2781   0.1256   0.8826   1.0000   0.6154  -0.2781   0.1256
I             0.2394  -0.0211   0.3595   0.9119   0.6154   1.0000  -0.0211   0.3595
PIE          -0.2548   1.0000   0.4316  -0.1507  -0.2781  -0.0211   1.0000   0.4316
Rn           -0.3464   0.4316   1.0000   0.2820   0.1256   0.3595   0.4316   1.0000



COEFFICIENTS OF AUTOCORRELATION
Order           1       2       3       4       5       6       7       8       9      10
dy         0.5545  0.3400  0.1625  0.0409 -0.0298 -0.0632 -0.0732 -0.0708 -0.0633 -0.0550
pinfobs    0.6639  0.3489  0.1679  0.0954  0.0859  0.1045  0.1298  0.1513  0.1657  0.1731
robs       0.9024  0.7679  0.6374  0.5297  0.4485  0.3899  0.3478  0.3162  0.2908  0.2686
Y          0.9908  0.9713  0.9456  0.9169  0.8874  0.8585  0.8308  0.8043  0.7793  0.7553
C          0.9982  0.9935  0.9866  0.9781  0.9684  0.9578  0.9464  0.9344  0.9219  0.9089
I          0.9808  0.9371  0.8808  0.8203  0.7609  0.7052  0.6542  0.6079  0.5658  0.5275
PIE        0.6639  0.3489  0.1679  0.0954  0.0859  0.1045  0.1298  0.1513  0.1657  0.1731
Rn         0.9024  0.7679  0.6374  0.5297  0.4485  0.3899  0.3478  0.3162  0.2908  0.2686
Total computing time : 0h03m25s
