Starting Dynare (version 5.0).
Calling Dynare with arguments: none
Starting preprocessing of the model file ...
WARNING: RBC_JR_4.mod:91.5-75: Symbol epsA declared twice.
WARNING: RBC_JR_4.mod:91.5-92.77: Symbol epsG declared twice.
Found 31 equation(s).
Evaluating expressions...done
Computing static model derivatives (order 1).
Computing dynamic model derivatives (order 2).
Processing outputs ...
done
Preprocessing completed.


STEADY-STATE RESULTS:

U      		 -9.27575
UC     		 105.591
UH     		 -195.82
UXi    		 -87.2724
lam    		 104.727
mu     		 8641.69
LAMBDA 		 0.99
R      		 1.0101
RK     		 1.0101
C      		 0.560945
Xi     		 0.560945
W      		 1.86982
H      		 0.35
Y      		 0.934908
K      		 9.25559
I      		 0.186982
A      		 1
G      		 0.186982
tax    		 0.285714
X      		 1
Q      		 1
KY     		 9.9
IY     		 0.2
CY     		 0.6
RR     		 1
YY     		 1
CC     		 1
HH     		 1
WW     		 1
II     		 1
KK     		 1

EIGENVALUES:
         Modulus             Real        Imaginary

       1.429e-20       -1.429e-20                0
       1.143e-13        1.143e-13                0
          0.3835           0.3835                0
            0.75             0.75                0
            0.75             0.75                0
          0.9961           0.9961                0
          0.9995           0.9995                0
           1.011            1.011                0
           1.014            1.014                0
           2.634            2.634                0
       8.601e+15        8.601e+15                0
       1.197e+17        1.197e+17                0
       1.679e+17        1.679e+17                0
       1.896e+20       -1.896e+20                0


There are 7 eigenvalue(s) larger than 1 in modulus 
for 7 forward-looking variable(s)

The rank condition is verified.


MODEL SUMMARY

  Number of variables:         31
  Number of stochastic shocks: 2
  Number of state variables:   7
  Number of jumpers:           7
  Number of static variables:  19


MATRIX OF COVARIANCE OF EXOGENOUS SHOCKS
Variables        epsA      epsG
epsA         1.000000  0.000000
epsG         0.000000  1.000000

POLICY AND TRANSITION FUNCTIONS
                                  YY              CC              II              HH              WW              RR               Q
Constant                    0.999987        0.999539        1.001318        0.999981        1.000006        0.996940        1.002538
(correction)               -0.000013       -0.000461        0.001318       -0.000019        0.000006       -0.003060        0.002538
K(-1)                       0.063362        0.088211        0.052176        0.044213        0.019149       -0.083186        0.130349
I(-1)                       0.060920       -0.593251        2.084353        0.087028       -0.026109        5.086454       -8.098534
A(-1)                       1.021412        1.252891        1.348385        0.709160        0.312252       -3.177970        4.595491
G(-1)                       0.054153       -0.571561       -2.025641        0.077362       -0.023209        4.809755       -6.903492
Xi(-1)                     -1.799943       -2.788873       -0.633094       -2.571347        0.771404        0.907234       -1.531472
epsA                        0.013619        0.016705        0.017978        0.009455        0.004163       -0.042373        0.061273
epsG                        0.000135       -0.001425       -0.005050        0.000193       -0.000058        0.011991       -0.017211
K(-1),K(-1)                -0.001529       -0.000347       -0.006601       -0.001572       -0.000803        0.012413        0.001709
I(-1),K(-1)                 0.018476       -0.163827        0.583858        0.024727       -0.006764       -0.533459       -1.647203
I(-1),I(-1)                -0.585123        4.494815      -16.410058       -0.834754        0.251903       -5.744298       81.987653
A(-1),K(-1)                 0.057601        0.151344       -0.166028        0.021186        0.009030        0.248486        0.911217
A(-1),I(-1)                 0.532791       -3.756102       13.932262        0.733955       -0.209824       -1.306976      -72.511017
A(-1),A(-1)                -0.093449        0.761708       -2.752367       -0.252246       -0.062639        2.773171       15.678143
G(-1),K(-1)                 0.012284       -0.106616        0.381270        0.016068       -0.004239       -0.700287       -0.912684
G(-1),I(-1)                -0.778359        5.680585      -20.933550       -1.109922        0.335602        2.626435      108.593991
G(-1),A(-1)                 0.342967       -2.178547        8.250476        0.465797       -0.130527      -10.326345      -45.748584
G(-1),G(-1)                -0.272947        1.969284       -4.591114       -0.389027        0.117875        7.673019       37.059211
Xi(-1),K(-1)               -0.121208       -0.257009        0.164989       -0.123915        0.017840       -0.500976        0.144943
Xi(-1),I(-1)                0.162998        4.123717      -11.556162        0.165720       -0.136990       25.911265       -2.250174
Xi(-1),A(-1)               -1.947566       -4.325132        3.237567       -1.979328        0.287622      -12.122701       -2.033550
Xi(-1),G(-1)                0.201475        3.202559       -8.600302        0.228145       -0.146024       27.065055       -9.671563
Xi(-1),Xi(-1)               3.127050        4.729324        1.447277        5.458988       -0.348391        0.584277        3.994162
epsA,epsA                   0.000074        0.000247       -0.000369        0.000018        0.000017        0.000211        0.003196
epsG,epsA                   0.000011       -0.000072        0.000274        0.000015       -0.000004       -0.000343       -0.001521
epsG,epsG                          0        0.000003       -0.000062       -0.000001               0        0.000128        0.000116
K(-1),epsA                  0.000768        0.002018       -0.002214        0.000282        0.000120        0.003313        0.012150
K(-1),epsG                  0.000031       -0.000266        0.000951        0.000040       -0.000011       -0.001746       -0.002275
I(-1),epsA                  0.007104       -0.050081        0.185763        0.009786       -0.002798       -0.017426       -0.966814
I(-1),epsG                 -0.001941        0.014162       -0.052189       -0.002767        0.000837        0.006548        0.270734
A(-1),epsA                  0.011127        0.037017       -0.055418        0.002729        0.002493        0.031578        0.479357
A(-1),epsG                  0.000855       -0.005431        0.020569        0.001161       -0.000325       -0.025744       -0.114055
G(-1),epsA                  0.004573       -0.029047        0.110006        0.006211       -0.001740       -0.137685       -0.609981
G(-1),epsG                 -0.000639        0.002198       -0.049901       -0.000908        0.000278        0.102389        0.092737
Xi(-1),epsA                -0.025968       -0.057668        0.043168       -0.026391        0.003835       -0.161636       -0.027114
Xi(-1),epsG                 0.000502        0.007984       -0.021441        0.000569       -0.000364        0.067476       -0.024112


APPROXIMATED THEORETICAL MOMENTS
VARIABLE         MEAN  STD. DEV.   VARIANCE
YY             1.0012     0.0270     0.0007
CC             1.0009     0.0302     0.0009
II             1.0032     0.0482     0.0023
HH             1.0005     0.0191     0.0004
WW             1.0006     0.0081     0.0001
RR             0.9987     0.0470     0.0022
Q              1.0041     0.0670     0.0045



APPROXIMATED VARIANCE DECOMPOSITION (in percent)
        epsA    epsG
YY     97.61    2.39
CC     96.88    3.12
II     92.68    7.32
HH     97.60    2.40
WW     97.51    2.49
RR     92.57    7.43
Q      92.69    7.31



APPROXIMATED MATRIX OF CORRELATIONS
Variables        YY      CC      II      HH      WW      RR       Q
YY           1.0000  0.9910  0.9458  0.9982  0.9897 -0.6127  0.5641
CC           0.9910  1.0000  0.9186  0.9883  0.9829 -0.6561  0.6153
II           0.9458  0.9186  1.0000  0.9444  0.9353 -0.5565  0.4917
HH           0.9982  0.9883  0.9444  1.0000  0.9792 -0.6042  0.5550
WW           0.9897  0.9829  0.9353  0.9792  1.0000 -0.6239  0.5773
RR          -0.6127 -0.6561 -0.5565 -0.6042 -0.6239  1.0000 -0.9965
Q            0.5641  0.6153  0.4917  0.5550  0.5773 -0.9965  1.0000



APPROXIMATED COEFFICIENTS OF AUTOCORRELATION
Order          1       2       3       4       5
YY        0.8587  0.7512  0.6697  0.6080  0.5611
CC        0.8180  0.7140  0.6481  0.6031  0.5706
II        0.9141  0.7918  0.6778  0.5835  0.5092
HH        0.8641  0.7573  0.6750  0.6122  0.5644
WW        0.8495  0.7432  0.6657  0.6081  0.5649
RR        0.3482  0.1072  0.0215 -0.0063 -0.0132
Q         0.3048  0.0578 -0.0221 -0.0417 -0.0409
Total computing time : 0h00m05s
Note: 2 warning(s) encountered in the preprocessor
