Starting Dynare (version 5.0).
Calling Dynare with arguments: none
Starting preprocessing of the model file ...
WARNING: RBC_JR_0.mod:91.5-75: Symbol epsA declared twice.
WARNING: RBC_JR_0.mod:91.5-92.77: Symbol epsG declared twice.
Found 31 equation(s).
Evaluating expressions...done
Computing static model derivatives (order 1).
Computing dynamic model derivatives (order 2).
Processing outputs ...
done
Preprocessing completed.


STEADY-STATE RESULTS:

U      		 -2.2683
UC     		 10.6818
UH     		 -10.8943
UXi    		 -4.85534
lam    		 5.82641
mu     		 4.85534
LAMBDA 		 0.99
R      		 1.0101
RK     		 1.0101
C      		 0.560945
Xi     		 0.560945
W      		 1.86982
H      		 0.35
Y      		 0.934908
K      		 9.25559
I      		 0.186982
A      		 1
G      		 0.186982
tax    		 0.285714
X      		 1
Q      		 1
KY     		 9.9
IY     		 0.2
CY     		 0.6
RR     		 1
YY     		 1
CC     		 1
HH     		 1
WW     		 1
II     		 1
KK     		 1

EIGENVALUES:
         Modulus             Real        Imaginary

               0                0                0
       2.494e-16       -2.494e-16                0
       3.275e-16       -3.275e-16                0
          0.6928           0.6928                0
            0.75             0.75                0
            0.75             0.75                0
          0.9775           0.9775                0
           1.033            1.033                0
           1.458            1.458                0
       7.361e+15       -7.361e+15                0
       8.108e+16       -8.108e+16                0
       1.194e+18       -1.194e+18                0
       1.508e+18       -1.508e+18                0
       5.702e+18       -5.702e+18                0


There are 7 eigenvalue(s) larger than 1 in modulus 
for 7 forward-looking variable(s)

The rank condition is verified.


MODEL SUMMARY

  Number of variables:         31
  Number of stochastic shocks: 2
  Number of state variables:   7
  Number of jumpers:           7
  Number of static variables:  19


MATRIX OF COVARIANCE OF EXOGENOUS SHOCKS
Variables        epsA      epsG
epsA         1.000000  0.000000
epsG         0.000000  1.000000

POLICY AND TRANSITION FUNCTIONS
                                  YY              CC              II              HH              WW              RR               Q
Constant                    0.999989        1.000031        0.999851        0.999984        1.000005        0.999899        0.999790
(correction)               -0.000011        0.000031       -0.000149       -0.000016        0.000005       -0.000101       -0.000210
K(-1)                       0.027149        0.046450       -0.003608       -0.007520        0.034669       -0.000780       -0.004854
I(-1)                       0.284359       -0.758291        3.696669        0.406227       -0.121868        0.684931       -2.075599
A(-1)                       0.485546        0.630212        0.537093       -0.056363        0.541909       -0.521235        1.211405
G(-1)                       0.255333       -0.680889       -0.691756        0.364762       -0.109429        0.691147       -1.560244
epsA                        0.006474        0.008403        0.007161       -0.000752        0.007225       -0.006950        0.016152
epsG                        0.000637       -0.001698       -0.001725        0.000909       -0.000273        0.001723       -0.003890
K(-1),K(-1)                -0.001056       -0.001627       -0.000398        0.000495       -0.001290        0.000334       -0.000433
I(-1),K(-1)                -0.000861       -0.003193        0.005275       -0.015313       -0.000548       -0.042077        0.104430
I(-1),I(-1)                -0.482808        1.435731       -6.721232       -0.664972        0.231671        1.017915        5.554667
A(-1),K(-1)                 0.015143        0.022776        0.007385        0.003225        0.017947        0.010177       -0.015285
A(-1),I(-1)                 0.325115       -0.908111        4.349908        0.244312       -0.146204       -0.886538       -3.840925
A(-1),A(-1)                -0.156234       -0.037710       -0.668039       -0.014999       -0.110691        0.382693        0.353830
G(-1),K(-1)                -0.000438       -0.003760        0.009091       -0.013272       -0.000635       -0.034054        0.062267
G(-1),I(-1)                -0.351266        1.202933       -5.365130       -0.457356        0.194996        0.996047        5.186102
G(-1),A(-1)                 0.092337       -0.283170        1.311197       -0.065758       -0.045741       -0.813065       -1.603793
G(-1),G(-1)                -0.186945        0.618045       -0.107389       -0.247107        0.100077        0.627967        1.854641
epsA,epsA                   0.000015        0.000049       -0.000071       -0.000008        0.000028        0.000022        0.000171
epsG,epsA                   0.000003       -0.000009        0.000044       -0.000002       -0.000002       -0.000027       -0.000053
epsG,epsG                   0.000003       -0.000007       -0.000012        0.000005       -0.000001        0.000015       -0.000014
K(-1),epsA                  0.000202        0.000304        0.000098        0.000043        0.000239        0.000136       -0.000204
K(-1),epsG                 -0.000001       -0.000009        0.000023       -0.000033       -0.000002       -0.000085        0.000155
I(-1),epsA                  0.004335       -0.012108        0.057999        0.003257       -0.001949       -0.011821       -0.051212
I(-1),epsG                 -0.000876        0.002999       -0.013376       -0.001140        0.000486        0.002483        0.012929
A(-1),epsA                  0.002308        0.007397       -0.010653       -0.001151        0.004274        0.003255        0.025588
A(-1),epsG                  0.000230       -0.000706        0.003269       -0.000164       -0.000114       -0.002027       -0.003998
G(-1),epsA                  0.001231       -0.003776        0.017483       -0.000877       -0.000610       -0.010841       -0.021384
G(-1),epsG                  0.002472       -0.005997       -0.009759        0.003631       -0.000960        0.012346       -0.011556


APPROXIMATED THEORETICAL MOMENTS
VARIABLE         MEAN  STD. DEV.   VARIANCE
YY             0.9998     0.0114     0.0001
CC             0.9998     0.0117     0.0001
II             0.9994     0.0272     0.0007
HH             1.0000     0.0019     0.0000
WW             0.9998     0.0113     0.0001
RR             0.9999     0.0090     0.0001
Q              1.0003     0.0201     0.0004



APPROXIMATED VARIANCE DECOMPOSITION (in percent)
        epsA    epsG
YY     99.33    0.67
CC     96.12    3.88
II     94.52    5.48
HH     62.00   38.00
WW     99.56    0.44
RR     94.16    5.84
Q      94.52    5.48



APPROXIMATED MATRIX OF CORRELATIONS
Variables        YY      CC      II      HH      WW      RR       Q
YY           1.0000  0.9155  0.8706  0.1271  0.9866 -0.8376  0.7762
CC           0.9155  1.0000  0.7177 -0.2828  0.9689 -0.9454  0.9143
II           0.8706  0.7177  1.0000  0.3062  0.8267 -0.6538  0.5559
HH           0.1271 -0.2828  0.3062  1.0000 -0.0366  0.3339 -0.4033
WW           0.9866  0.9689  0.8267 -0.0366  1.0000 -0.8988  0.8485
RR          -0.8376 -0.9454 -0.6538  0.3339 -0.8988  1.0000 -0.9921
Q            0.7762  0.9143  0.5559 -0.4033  0.8485 -0.9921  1.0000



APPROXIMATED COEFFICIENTS OF AUTOCORRELATION
Order          1       2       3       4       5
YY        0.8191  0.6724  0.5544  0.4603  0.3855
CC        0.6757  0.4728  0.3481  0.2733  0.2298
II        0.9482  0.8467  0.7271  0.6074  0.4969
HH        0.6647  0.4400  0.2899  0.1901  0.1241
WW        0.7650  0.5978  0.4784  0.3927  0.3307
RR        0.6082  0.3586  0.2020  0.1058  0.0483
Q         0.5617  0.2908  0.1277  0.0331 -0.0185
Total computing time : 0h00m06s
Note: 2 warning(s) encountered in the preprocessor
