Starting Dynare (version 5.0).
Calling Dynare with arguments: none
Starting preprocessing of the model file ...
Found 42 equation(s).
Evaluating expressions...done
Computing static model derivatives (order 1).
Computing dynamic model derivatives (order 2).
Processing outputs ...
done
Preprocessing completed.


MODEL SUMMARY

  Number of variables:         42
  Number of stochastic shocks: 7
  Number of state variables:   17
  Number of jumpers:           17
  Number of static variables:  12


MATRIX OF COVARIANCE OF EXOGENOUS SHOCKS
Variables        epsA      epsG    epsMCS    epsMPS     epsIS   epsMRSS    epsRPS
epsA         0.000001  0.000000  0.000000  0.000000  0.000000  0.000000  0.000000
epsG         0.000000  0.000001  0.000000  0.000000  0.000000  0.000000  0.000000
epsMCS       0.000000  0.000000  0.000001  0.000000  0.000000  0.000000  0.000000
epsMPS       0.000000  0.000000  0.000000  0.000001  0.000000  0.000000  0.000000
epsIS        0.000000  0.000000  0.000000  0.000000  0.000001  0.000000  0.000000
epsMRSS      0.000000  0.000000  0.000000  0.000000  0.000000  0.000001  0.000000
epsRPS       0.000000  0.000000  0.000000  0.000000  0.000000  0.000000  0.000001

POLICY AND TRANSITION FUNCTIONS
                                   Y               C               I               H              Hd               W               R               Q              Rn              MC             PIE            PIEw               V          Deltap          Deltaw
Constant                    2.012525        1.147231        0.503025        0.951698        0.951394        1.518759        1.014204        1.000101        1.019091        0.857134        1.004796        1.007503     -345.426466        1.000163        1.000320
(correction)               -0.000083       -0.000154        0.000071       -0.000043       -0.000044       -0.000085       -0.000068        0.000101        0.000023       -0.000061        0.000067        0.000011       -0.044639        0.000003               0
K(-1)                       0.007539        0.008166       -0.000627       -0.022435       -0.022082        0.003337        0.012172       -0.009131       -0.004816       -0.020247       -0.012058       -0.009877        1.872740       -0.000486       -0.000364
I(-1)                       0.728549       -0.033578        0.762127        0.416158        0.412938        0.076784       -0.037462       -0.409821        0.083339        0.166107        0.037110        0.088145        1.993104        0.001495        0.003246
RPS(-1)                    -0.323766       -0.206831       -0.116935       -0.203752       -0.189861       -0.360324        0.156781       -0.834073       -0.100394       -0.259805       -0.155306       -0.394746       -0.776783       -0.006257       -0.014536
Rn(-1)                     -0.317708       -0.202961       -0.114747       -0.199940       -0.186309       -0.353582        1.149141       -0.818467        0.601485       -0.254944       -0.152400       -0.387360       -0.762249       -0.006140       -0.014264
W(-1)                      -0.049479       -0.025643       -0.023836       -0.032641       -0.024814        0.560665       -0.068718       -0.078638        0.026560        0.309047        0.068072       -0.223164       -0.294076        0.002742       -0.008218
MRSS(-1)                   -0.030732       -0.012846       -0.017886       -0.011948       -0.015806        0.115302       -0.033998       -0.027124        0.012570        0.060374        0.033678        0.110254       -0.558615        0.001357        0.004060
Deltaw(-1)                 -0.030973        0.027784       -0.058757        0.672096       -0.013510        0.269946       -0.087652       -0.097817        0.036807        0.148334        0.086827        0.266129       -5.306414        0.003498        0.720605
A(-1)                       0.104822        0.010586        0.094237       -0.623547       -0.615478       -0.053303        0.190605        0.216095       -0.076624       -0.615097       -0.188811       -0.224688        5.738007       -0.007607       -0.008274
Y(-1)                       0.020683        0.013213        0.007470        0.013016        0.012129        0.023019       -0.010016        0.053283       -0.039157        0.016597        0.009921        0.025218        0.049623        0.000400        0.000929
MCS(-1)                    -0.084619       -0.036558       -0.048061       -0.044148       -0.042951       -0.209962       -0.106194       -0.162869        0.040301       -0.131267        0.105195       -0.033790       -0.804761        0.004238       -0.001244
Deltap(-1)                 -0.062332        0.015055       -0.077388        0.790810        0.779894        0.236476       -0.148603       -0.128874        0.061507        0.365333        0.147205        0.304471       -6.603583        0.717585        0.011212
MPS(-1)                    -1.048824       -0.616895       -0.431929       -0.677004       -0.625116       -1.130888        0.730035       -2.477050        0.287687       -0.824098       -0.723167       -1.475306       -3.485894       -0.029134       -0.054327
G(-1)                       0.624102       -0.020665       -0.055233        0.357240        0.354188        0.063510       -0.042025       -0.179777        0.075882        0.141148        0.041630        0.083872       -3.221707        0.001677        0.003089
C(-1)                       0.622931        0.677742       -0.054811        0.356564        0.353519        0.063499       -0.041852       -0.178835        0.075697        0.140943        0.041458        0.083693       -3.189414        0.001670        0.003082
IS(-1)                      0.094323       -0.020869        0.115192        0.053496        0.053291        0.006411       -0.001099       -0.201816        0.009094        0.019462        0.001089        0.005344        3.048181        0.000044        0.000197
PIE(-1)                    -0.168639       -0.098963       -0.069676       -0.108039       -0.100078       -0.179770       -0.396943       -0.396403        0.164099       -0.131211        0.393208        0.275044       -0.540706       -0.004302       -0.008334
epsA                        0.149746        0.015122        0.134624       -0.890781       -0.879254       -0.076147        0.272292        0.308707       -0.109463       -0.878709       -0.269730       -0.320983        8.197153       -0.010867       -0.011820
epsG                        0.322990       -0.010695       -0.028585        0.184881        0.183302        0.032868       -0.021749       -0.093040        0.039271        0.073048        0.021545        0.043406       -1.667323        0.000868        0.001598
epsMCS                     -0.120885       -0.052226       -0.068659       -0.063069       -0.061358       -0.299946       -0.151705       -0.232670        0.057573       -0.187524        0.150278       -0.048271       -1.149659        0.006054       -0.001778
epsMPS                     -1.498320       -0.881279       -0.617041       -0.967149       -0.893023       -1.615555        1.042907       -3.538643        0.410981       -1.177283       -1.033095       -2.107580       -4.979848       -0.041620       -0.077609
epsIS                       0.134746       -0.029813        0.164560        0.076423        0.076131        0.009159       -0.001570       -0.288308        0.012991        0.027803        0.001555        0.007635        4.354545        0.000063        0.000281
epsMRSS                    -0.043903       -0.018351       -0.025552       -0.017069       -0.022580        0.164717       -0.048569       -0.038749        0.017958        0.086248        0.048112        0.157505       -0.798022        0.001938        0.005800
epsRPS                     -0.462523       -0.295473       -0.167050       -0.291074       -0.271230       -0.514748        0.223973       -1.191534       -0.143419       -0.371150       -0.221866       -0.563923       -1.109690       -0.008938       -0.020766
K(-1),K(-1)                 0.000022        0.000064       -0.000042        0.002790        0.002397        0.001945       -0.000116        0.001706        0.000098        0.002399        0.000260        0.001524       -0.128982        0.001255        0.000404
I(-1),K(-1)                -0.011402       -0.007953       -0.003449       -0.032044       -0.025649       -0.021868       -0.008463       -0.000708        0.001941       -0.021137        0.007493       -0.007522       -0.297539       -0.007359       -0.006480
I(-1),I(-1)                -0.228096        0.075212       -0.303308       -0.056954       -0.085142        0.019260        0.000640        0.475860       -0.029376       -0.026088        0.000736        0.015395       -5.029952        0.011818        0.028246
RPS(-1),K(-1)               0.005285        0.005156        0.000129        0.071766        0.043933        0.053244        0.013232        0.039690       -0.004065        0.048385       -0.009380        0.028439       -0.710584        0.031682        0.028829
RPS(-1),I(-1)              -0.407997       -0.031463       -0.376534       -0.619933       -0.371430       -0.260725       -0.033303        0.434856       -0.022275       -0.273142        0.021517       -0.168071        2.704076       -0.097803       -0.254106
RPS(-1),RPS(-1)             0.196088        0.241824       -0.045736        0.902151        0.355433        0.524985       -0.038246        0.950696        0.043214        0.411580        0.061893        0.447246       -9.089972        0.208964        0.571603
Rn(-1),K(-1)                0.005186        0.005060        0.000127        0.070423        0.043111        0.052248        0.024929        0.038947       -0.007298        0.047479       -0.009205        0.027906       -0.697288        0.031089        0.028289
Rn(-1),I(-1)               -0.400363       -0.030875       -0.369489       -0.608334       -0.364480       -0.255846       -0.069441        0.426719        0.035388       -0.268031        0.021115       -0.164926        2.653479       -0.095973       -0.249352
Rn(-1),RPS(-1)              0.067130        0.271637       -0.204507        1.570602        0.511257        0.676741        0.232634        1.047348       -0.082665        0.552814       -0.030931        0.490394      -18.602024        0.403968        1.107550
Rn(-1),Rn(-1)               0.188818        0.232859       -0.044040        0.868706        0.342257        0.505522        0.114140        0.915452       -0.129094        0.396322        0.059598        0.430665       -8.752985        0.201217        0.550412
W(-1),K(-1)                -0.006650       -0.003807       -0.002842       -0.003828       -0.018555       -0.036855       -0.012542       -0.016622        0.004583       -0.034483        0.010790       -0.011438       -0.032614       -0.013617        0.015285
W(-1),I(-1)                -0.067342       -0.005846       -0.061496       -0.126479        0.008299        0.160915        0.012687        0.085988       -0.006922        0.140375       -0.007539        0.058332        0.281340        0.042944       -0.138009
W(-1),RPS(-1)              -0.056567        0.011071       -0.067638        0.360676       -0.229992       -0.846309       -0.158375       -0.121357        0.058306       -0.566087        0.135841       -0.238948       -4.098761       -0.175523        0.618875
W(-1),Rn(-1)               -0.055509        0.010864       -0.066372        0.353928       -0.225689       -0.830474       -0.222844       -0.119086        0.075459       -0.555495        0.133299       -0.234477       -4.022068       -0.172239        0.607295
W(-1),W(-1)                 0.016402        0.025636       -0.009234        0.225795        0.053050       -0.056845        0.033191        0.049114       -0.012168       -0.019097       -0.028266        0.106077       -2.680311        0.038527        0.181330
MRSS(-1),K(-1)             -0.002522       -0.002115       -0.000406       -0.016487       -0.008808       -0.010700       -0.002789       -0.007338        0.000798       -0.010335        0.001954       -0.005982        0.220923       -0.006873       -0.007980
MRSS(-1),I(-1)             -0.034177        0.011025       -0.045202        0.072219        0.003117        0.067191        0.006111        0.056690       -0.003268        0.049297       -0.003566        0.045527       -0.943570        0.021253        0.070920
MRSS(-1),RPS(-1)           -0.023387       -0.027999        0.004611       -0.412442       -0.113590       -0.123204       -0.019830       -0.043016        0.002769       -0.107103        0.009231       -0.092302        3.873822       -0.089174       -0.313499
MRSS(-1),Rn(-1)            -0.022950       -0.027475        0.004525       -0.404725       -0.111464       -0.120898       -0.052820       -0.042211        0.011352       -0.105099        0.009059       -0.090575        3.801338       -0.087506       -0.307633
MRSS(-1),W(-1)              0.005185       -0.002752        0.007937       -0.117874        0.046460        0.223196        0.028836        0.040039       -0.011265        0.137402       -0.024001        0.069042        0.896701        0.038282       -0.172769
MRSS(-1),MRSS(-1)           0.015987        0.010708        0.005279        0.059076        0.019330       -0.039488        0.017526        0.020390       -0.006153       -0.016922       -0.016232       -0.039906       -0.296829        0.009055        0.041836
Deltaw(-1),K(-1)           -0.005588       -0.008133        0.002546       -0.077799       -0.023167       -0.039494       -0.001525       -0.013843       -0.000459       -0.033109       -0.000573       -0.028730        1.203139       -0.017947       -0.040694
Deltaw(-1),I(-1)           -0.050968        0.119253       -0.170221        0.676017        0.034307        0.281482       -0.014289        0.117795        0.007311        0.191846        0.020569        0.218355       -6.603162        0.055992        0.361745
Deltaw(-1),RPS(-1)         -0.053454       -0.156463        0.103009       -1.963374       -0.297377       -0.705675        0.090580        0.102840       -0.056032       -0.496295       -0.116570       -0.633319       19.359784       -0.235560       -1.607340
Deltaw(-1),Rn(-1)          -0.052454       -0.153536        0.101082       -1.926636       -0.291812       -0.692471        0.002873        0.100916       -0.029700       -0.487008       -0.114389       -0.621469       18.997538       -0.231152       -1.577265
Deltaw(-1),W(-1)            0.090107       -0.007060        0.097167       -0.715122        0.157986        0.309477        0.183603        0.209704       -0.071225        0.218768       -0.170110       -0.096240        9.705264        0.094336       -0.899048
Deltaw(-1),MRSS(-1)        -0.014845        0.024034       -0.038879        0.465477        0.050018        0.186174       -0.028160        0.002613        0.013118        0.118758        0.033716        0.169915       -4.454403        0.051421        0.448677
Deltaw(-1),Deltaw(-1)        0.010013        0.089747       -0.079734        0.858807        0.082365        0.300428       -0.068320       -0.048733        0.034157        0.193309        0.075180        0.290144       -9.689852        0.067563        0.826278
A(-1),K(-1)                 0.017867        0.014939        0.002928        0.084295        0.067600        0.080594        0.023298        0.041866       -0.007545        0.075931       -0.018547        0.034871       -1.128517        0.038229        0.017097
A(-1),I(-1)                 0.132265       -0.120182        0.252448       -0.491814       -0.345700       -0.280795       -0.030714       -0.278578        0.013034       -0.299506        0.016477       -0.180614        6.034659       -0.119293       -0.147765
A(-1),RPS(-1)               0.233015        0.186226        0.046789        1.452186        0.822874        0.980086        0.268143        0.223241       -0.077591        0.940561       -0.207250        0.492680      -12.395148        0.493678        0.650102
A(-1),Rn(-1)                0.228655        0.182742        0.045913        1.425014        0.807477        0.961747        0.450164        0.219064       -0.128773        0.922962       -0.203372        0.483462      -12.163220        0.484441        0.637938
A(-1),W(-1)                -0.030844       -0.017027       -0.013818        0.092516       -0.244610       -0.636765       -0.145615       -0.201763        0.055425       -0.647529        0.118661       -0.227749       -0.794965       -0.215263        0.348883
A(-1),MRSS(-1)             -0.018480       -0.032494        0.014015       -0.296326       -0.121473       -0.223930       -0.048393       -0.102667        0.016508       -0.206574        0.035280       -0.128720        2.892580       -0.107444       -0.181248
A(-1),Deltaw(-1)           -0.113028       -0.221111        0.108083       -1.694649       -0.372849       -0.830723       -0.037197       -0.138158       -0.003552       -0.683382        0.004214       -0.583523       16.085786       -0.280500       -0.923105
A(-1),A(-1)                 0.052093        0.130279       -0.078187        1.096842        0.905414        0.676688        0.065520        0.151000       -0.014146        1.013080       -0.029422        0.426008      -10.100076        0.303982        0.195542
Y(-1),K(-1)                -0.000338       -0.000329       -0.000008       -0.004585       -0.002807       -0.003401       -0.000845       -0.002536        0.000475       -0.003091        0.000599       -0.001817        0.045394       -0.002024       -0.001842
Y(-1),I(-1)                 0.026064        0.002010        0.024054        0.039603        0.023728        0.016656        0.002128       -0.027780       -0.002304        0.017449       -0.001375        0.010737       -0.172744        0.006248        0.016233
Y(-1),RPS(-1)              -0.004370       -0.017684        0.013314       -0.102248       -0.033283       -0.044057       -0.005129       -0.068184        0.005382       -0.035989        0.002014       -0.031925        1.211012       -0.026299       -0.072103
Y(-1),Rn(-1)               -0.004288       -0.017353        0.013065       -0.100335       -0.032661       -0.043232       -0.014861       -0.066908       -0.021616       -0.035315        0.001976       -0.031328        1.188353       -0.025807       -0.070754
Y(-1),W(-1)                 0.003614       -0.000707        0.004321       -0.023041        0.014693        0.054065        0.010117        0.007753       -0.004912        0.036163       -0.008678        0.015265        0.261841        0.011213       -0.039536
Y(-1),MRSS(-1)              0.001494        0.001789       -0.000295        0.026348        0.007256        0.007871        0.001267        0.002748       -0.000739        0.006842       -0.000590        0.005897       -0.247471        0.005697        0.020027
Y(-1),Deltaw(-1)            0.003415        0.009995       -0.006581        0.125426        0.018997        0.045081       -0.005787       -0.006570        0.001934        0.031705        0.007447        0.040458       -1.236761        0.015048        0.102682
Y(-1),A(-1)                -0.014886       -0.011897       -0.002989       -0.092770       -0.052568       -0.062611       -0.017130       -0.014261        0.008383       -0.060086        0.013240       -0.031474        0.791839       -0.031538       -0.041530
Y(-1),Y(-1)                -0.004999       -0.002718       -0.002281        0.000032       -0.001950       -0.004311        0.002652       -0.011059        0.010432       -0.002974       -0.002529       -0.005245       -0.051010        0.000741        0.002072
MCS(-1),K(-1)              -0.009022       -0.006881       -0.002141       -0.026231       -0.027934       -0.050674       -0.017426       -0.023216        0.006319       -0.033840        0.014737       -0.016933        0.313814       -0.021122        0.001755
MCS(-1),I(-1)              -0.117707        0.015158       -0.132864       -0.016527        0.003883        0.054931        0.032293        0.165616       -0.017468        0.018252       -0.024219        0.012341       -0.613035        0.065857       -0.020767
MCS(-1),RPS(-1)            -0.127694       -0.054357       -0.073338       -0.293371       -0.377970       -0.589544       -0.241459       -0.145421        0.084900       -0.435973        0.206667       -0.187322        0.929025       -0.271375        0.088140
MCS(-1),Rn(-1)             -0.125305       -0.053340       -0.071965       -0.287881       -0.370898       -0.578513       -0.341148       -0.142700        0.110994       -0.427815        0.202800       -0.183817        0.911642       -0.266297        0.086491
MCS(-1),W(-1)               0.019560        0.030010       -0.010450        0.202031        0.147907        0.115452        0.069658        0.089240       -0.025598        0.105215       -0.054749        0.073432       -1.898773        0.120390        0.056433
MCS(-1),MRSS(-1)            0.018400        0.016517        0.001883        0.053649        0.077566        0.117946        0.047066        0.065713       -0.017614        0.089165       -0.039571        0.041897       -0.454273        0.059059       -0.025002
MCS(-1),Deltaw(-1)          0.044369        0.029853        0.014516        0.039743        0.197275        0.267424        0.136315        0.206355       -0.052102        0.207744       -0.116851        0.066930       -0.047715        0.151665       -0.133126
MCS(-1),A(-1)              -0.063073       -0.069611        0.006538       -0.338492       -0.383369       -0.642866       -0.228499       -0.323708        0.085911       -0.395023        0.186813       -0.216634        2.969531       -0.332517        0.046118
MCS(-1),Y(-1)               0.008158        0.003472        0.004685        0.018741        0.024146        0.037662        0.015425        0.009290       -0.007226        0.027851       -0.013202        0.011967       -0.059349        0.017336       -0.005631
MCS(-1),MCS(-1)             0.054476        0.038177        0.016299        0.140865        0.134136        0.283753        0.106567        0.160866       -0.040069        0.201595       -0.094550        0.078829       -0.893984        0.090917        0.006970
Deltap(-1),K(-1)            0.003350       -0.007971        0.011321       -0.141543       -0.118187       -0.081359        0.009487       -0.022384       -0.005060       -0.084596       -0.012931       -0.068493        2.532326       -0.090692       -0.023950
Deltap(-1),I(-1)           -0.085182        0.140708       -0.225890        0.875937        0.675768        0.383479       -0.031567        0.150875        0.016077        0.380750        0.042144        0.309888       -8.229757        0.279216        0.202632
Deltap(-1),RPS(-1)          0.025998       -0.136033        0.162031       -2.357544       -1.495718       -1.041039        0.150642        0.021378       -0.083099       -1.065026       -0.194733       -0.945084       28.931315       -1.169275       -0.891160
Deltap(-1),Rn(-1)           0.025511       -0.133488        0.158999       -2.313432       -1.467731       -1.021560        0.002000        0.020978       -0.039295       -1.045098       -0.191089       -0.927401       28.389974       -1.147396       -0.874485
Deltap(-1),W(-1)           -0.022222       -0.003621       -0.018601        0.084140        0.537894        0.810945        0.040934        0.106665       -0.014517        0.706095       -0.020602        0.381918       -1.179358        0.508235       -0.470067
Deltap(-1),MRSS(-1)        -0.035194        0.016825       -0.052019        0.490145        0.251610        0.243347       -0.037925        0.036858        0.016863        0.231597        0.047437        0.225450       -6.278635        0.253768        0.247485
Deltap(-1),Deltaw(-1)       -0.015798        0.217618       -0.233416        2.480681        0.723552        0.971929       -0.222508       -0.090669        0.107103        0.806444        0.245857        0.931033      -28.081574        0.659227        1.256051
Deltap(-1),A(-1)           -0.022074       -0.247150        0.225077       -2.628011       -2.111473       -1.428472        0.068667       -0.178256       -0.050013       -1.541430       -0.123347       -1.105891       29.198546       -1.416963       -0.528159
Deltap(-1),Y(-1)           -0.001661        0.008690       -0.010351        0.150607        0.095551        0.066505       -0.009623       -0.001366        0.002558        0.068037        0.012440        0.060375       -1.848219        0.074697        0.056930
Deltap(-1),MCS(-1)         -0.014774        0.051227       -0.066001        0.781582        0.837680        0.693786        0.064292        0.161981       -0.021187        0.613579       -0.032863        0.423273       -7.573794        0.785357       -0.057717
Deltap(-1),Deltap(-1)       -0.065185        0.100858       -0.166042        1.437635        1.091469        0.674282       -0.161501        0.001394        0.073768        0.677483        0.181549        0.652301      -20.180402        0.922670        0.354278
MPS(-1),K(-1)               0.015406        0.019516       -0.004110        0.298548        0.193495        0.229726        0.041112        0.156274       -0.014224        0.203733       -0.023368        0.136360       -3.929616        0.148342        0.108851
MPS(-1),I(-1)              -1.547041       -0.194975       -1.352066       -2.407350       -1.484475       -1.038522       -0.341601        1.129429        0.059387       -1.074231        0.284967       -0.467497        8.204962       -0.447968       -0.943770
MPS(-1),RPS(-1)             0.337615        1.013033       -0.675418        6.448916        2.416238        2.627104        0.415044        3.900424       -0.149581        2.262317       -0.187572        1.842532      -80.151125        1.915262        4.217309
MPS(-1),Rn(-1)              0.331298        0.994078       -0.662780        6.328249        2.371027        2.577947        1.123653        3.827442        0.050831        2.219986       -0.184063        1.808055      -78.651397        1.879425        4.138398
MPS(-1),W(-1)              -0.395497       -0.073950       -0.321547        1.069862       -1.142517       -3.193364       -0.836800       -0.813864        0.325080       -2.208295        0.730936       -0.732476      -19.458180       -0.813342        2.318869
MPS(-1),MRSS(-1)           -0.131613       -0.135578        0.003965       -1.656309       -0.541529       -0.427562       -0.120543       -0.299332        0.033531       -0.414987        0.070928       -0.292685       16.102629       -0.414107       -1.169732
MPS(-1),Deltaw(-1)         -0.108338       -0.554409        0.446071       -7.470553       -1.302201       -2.687860        0.345297        0.058930       -0.185597       -1.935927       -0.467038       -2.444967       86.453677       -1.093809       -6.010073
MPS(-1),A(-1)               1.082234        0.846404        0.235830        5.998261        3.645671        4.221319        1.374258        1.694261       -0.477329        3.915023       -1.089530        1.874013      -53.685260        2.293750        2.430865
MPS(-1),Y(-1)              -0.021568       -0.064716        0.043148       -0.411976       -0.154356       -0.167827       -0.026514       -0.249171       -0.003309       -0.144524        0.011983       -0.117706        5.120293       -0.122353       -0.269414
MPS(-1),MCS(-1)            -0.623455       -0.322021       -0.301435       -1.469730       -1.777816       -2.921704       -1.151148       -1.046825        0.436444       -2.147920        0.988888       -0.924738        5.902153       -1.262560        0.321139
MPS(-1),Deltap(-1)          0.299370       -0.483170        0.782540       -9.845152       -6.608449       -4.313735        0.707500       -0.438940       -0.326552       -4.498843       -0.912750       -3.999493      139.359611       -5.444854       -3.347790
MPS(-1),MPS(-1)             0.980045        2.016205       -1.036160       13.335071        5.739173        6.515849        0.171710        8.293484       -0.210500        5.481174        0.350414        5.213457     -186.083181        4.490826        7.945981
G(-1),K(-1)                -0.005593       -0.004981       -0.000612       -0.028175       -0.022045       -0.018672       -0.005000       -0.008007        0.000951       -0.018061        0.003954       -0.008834        0.422958       -0.008434       -0.006228
G(-1),I(-1)                -0.087889        0.058136       -0.146026        0.087045        0.032495        0.076482        0.000475        0.194781       -0.021908        0.032662        0.002605        0.057011       -2.441628        0.026554        0.054775
G(-1),RPS(-1)              -0.082698       -0.047863       -0.034835       -0.431199       -0.196469       -0.226966       -0.052094        0.067616        0.014754       -0.199769        0.038734       -0.128127        3.435850       -0.109128       -0.240618
G(-1),Rn(-1)               -0.081150       -0.046967       -0.034183       -0.423131       -0.192793       -0.222719       -0.092358        0.066351        0.066602       -0.196031        0.038009       -0.125730        3.371561       -0.107086       -0.236115
G(-1),W(-1)                -0.008951       -0.005787       -0.003164       -0.080123        0.047205        0.188371        0.021582        0.042923       -0.005910        0.160750       -0.015738        0.072214        0.370957        0.047882       -0.130703
G(-1),MRSS(-1)             -0.004213        0.006149       -0.010362        0.089027        0.023298        0.066999        0.004916        0.019084       -0.000165        0.053709       -0.002079        0.046939       -0.957668        0.023919        0.067616
G(-1),Deltaw(-1)            0.037617        0.092586       -0.054969        0.675259        0.092229        0.271870       -0.018378       -0.000566        0.016996        0.200407        0.025400        0.216869       -6.231076        0.062906        0.344544
G(-1),A(-1)                -0.042170       -0.092949        0.050778       -0.559913       -0.419935       -0.332130       -0.038398       -0.093443        0.001279       -0.344202        0.022391       -0.207241        5.531563       -0.133666       -0.141904
G(-1),Y(-1)                 0.005283        0.003058        0.002225        0.027546        0.012551        0.014499        0.003328       -0.004320       -0.004336        0.012762       -0.002474        0.008185       -0.219492        0.006971        0.015371
G(-1),MCS(-1)              -0.005591        0.009363       -0.014955        0.058534        0.076741        0.115137        0.039660        0.072489       -0.011059        0.075890       -0.030570        0.044360       -0.686536        0.073742       -0.018559
G(-1),Deltap(-1)            0.017918        0.103380       -0.085461        0.906749        0.715043        0.403678       -0.049664        0.005871        0.033213        0.408674        0.061395        0.342007       -9.368948        0.313794        0.194545
G(-1),MPS(-1)              -0.394577       -0.240209       -0.154368       -1.756989       -0.883834       -0.870268       -0.333510       -0.095433        0.152215       -0.793753        0.270446       -0.367487       13.561903       -0.504516       -0.895172
G(-1),G(-1)                -0.206868        0.050565        0.032406       -0.053724       -0.078611        0.030610        0.024658        0.149741       -0.035603       -0.014826       -0.022701       -0.000713        1.720166        0.013920        0.025035
C(-1),K(-1)                -0.005580       -0.004971       -0.000608       -0.028096       -0.021980       -0.018613       -0.004996       -0.007974        0.000953       -0.018008        0.003954       -0.008796        0.419411       -0.008399       -0.006214
C(-1),I(-1)                -0.087268        0.057861       -0.145129        0.087066        0.032628        0.076292        0.000339        0.193324       -0.021770        0.032641        0.002727        0.056998       -2.434298        0.026449        0.054662
C(-1),RPS(-1)              -0.082395       -0.047896       -0.034498       -0.429957       -0.195733       -0.226235       -0.051965        0.067202        0.014736       -0.199117        0.038659       -0.127675        3.424352       -0.108675       -0.240097
C(-1),Rn(-1)               -0.080853       -0.047000       -0.033853       -0.421912       -0.192071       -0.222002       -0.092061        0.065945        0.066457       -0.195391        0.037936       -0.125286        3.360278       -0.106642       -0.235604
C(-1),W(-1)                -0.008991       -0.005840       -0.003151       -0.080089        0.046966        0.187911        0.021411        0.042617       -0.005849        0.160342       -0.015592        0.072108        0.369623        0.047688       -0.130422
C(-1),MRSS(-1)             -0.004195        0.006124       -0.010319        0.088788        0.023199        0.066854        0.004893        0.018968       -0.000159        0.053581       -0.002067        0.046841       -0.953632        0.023821        0.067471
C(-1),Deltaw(-1)            0.037721        0.092462       -0.054741        0.673839        0.091995        0.271229       -0.018317       -0.000762        0.016962        0.199938        0.025310        0.216322       -6.204257        0.062647        0.343805
C(-1),A(-1)                -0.042164       -0.092721        0.050557       -0.558526       -0.418848       -0.331063       -0.038145       -0.092721        0.001199       -0.343259        0.022204       -0.206712        5.507272       -0.133119       -0.141598
C(-1),Y(-1)                 0.005264        0.003060        0.002204        0.027467        0.012504        0.014453        0.003320       -0.004293       -0.004326        0.012720       -0.002470        0.008156       -0.218758        0.006942        0.015338
C(-1),MCS(-1)              -0.005591        0.009266       -0.014857        0.058235        0.076406        0.114513        0.039429        0.072034       -0.010975        0.075460       -0.030377        0.044162       -0.682022        0.073441       -0.018523
C(-1),Deltap(-1)            0.018184        0.103250       -0.085067        0.904352        0.713067        0.402496       -0.049425        0.005546        0.033103        0.407496        0.061108        0.340907       -9.322550        0.312500        0.194116
C(-1),MPS(-1)              -0.393419       -0.240177       -0.153242       -1.751848       -0.880607       -0.866741       -0.333086       -0.095954        0.152078       -0.790741        0.270272       -0.365188       13.501120       -0.502398       -0.893204
C(-1),G(-1)                 0.015982        0.039934       -0.023952        0.139507        0.087319        0.093356        0.000635        0.056817       -0.010016        0.061231        0.002806        0.068223       -2.107521        0.029661        0.052527
C(-1),C(-1)                 0.007993        0.019912       -0.011919        0.069588        0.043550        0.046565        0.000287        0.028211       -0.004986        0.030539        0.001426        0.034056       -1.049241        0.014770        0.026208
IS(-1),K(-1)               -0.001320       -0.002322        0.001002       -0.002660       -0.002287       -0.003328       -0.002555        0.003584        0.000954       -0.002658        0.002505        0.000256       -0.442317       -0.000124       -0.000367
IS(-1),I(-1)                0.330534       -0.020494        0.351028        0.201687        0.196412        0.031950       -0.029067       -0.205032        0.040917        0.073139        0.028874        0.050358        1.745334        0.001855        0.005211
IS(-1),RPS(-1)              0.107474        0.003339        0.104135        0.038946        0.053840       -0.000273       -0.007265        0.107395        0.013490        0.013975        0.006860        0.005782        0.559696       -0.002619       -0.014819
IS(-1),Rn(-1)               0.105463        0.003277        0.102187        0.038218        0.052833       -0.000267       -0.008208        0.105385        0.019485        0.013713        0.006732        0.005674        0.549224       -0.002570       -0.014542
IS(-1),W(-1)                0.013712       -0.002819        0.016531        0.000548        0.009108       -0.005130       -0.005147       -0.001843        0.004059        0.005907        0.005246       -0.000970        0.152241        0.001480       -0.008534
IS(-1),MRSS(-1)             0.011379       -0.000380        0.011758        0.011364        0.006966        0.006090       -0.001035       -0.003097        0.001765        0.006867        0.001098        0.005366        0.077330        0.000672        0.004396
IS(-1),Deltaw(-1)           0.042327        0.005595        0.036732        0.085704        0.025963        0.029289       -0.006364       -0.015874        0.007239        0.027199        0.006493        0.026500       -0.396831        0.001880        0.022422
IS(-1),A(-1)               -0.064590       -0.002267       -0.062323       -0.087180       -0.077797       -0.008191        0.012110        0.015756       -0.012587       -0.031342       -0.012405       -0.018710        0.158252       -0.004019       -0.009245
IS(-1),Y(-1)               -0.006866       -0.000213       -0.006652       -0.002488       -0.003439        0.000017        0.000464       -0.006861       -0.001268       -0.000893       -0.000438       -0.000369       -0.035755        0.000167        0.000947
IS(-1),MCS(-1)              0.031385       -0.003004        0.034389        0.018321        0.019680       -0.013489       -0.006556       -0.007657        0.006598       -0.003527        0.006722       -0.001913        0.335958        0.002232       -0.001357
IS(-1),Deltap(-1)           0.060196        0.008811        0.051385        0.108650        0.096044        0.026232       -0.004160       -0.024294        0.008255        0.038104        0.004440        0.022646        0.276328        0.008322        0.012428
IS(-1),MPS(-1)              0.332293       -0.019308        0.351601        0.106869        0.162491       -0.071190       -0.075868        0.221180        0.071277        0.002526        0.073587        0.022693        0.965561       -0.010516       -0.055343
IS(-1),G(-1)                0.045803        0.004127        0.041676        0.037305        0.033671        0.005365       -0.006167        0.015778        0.004995        0.010194        0.006199        0.009997       -0.006663        0.001026        0.003562
IS(-1),C(-1)                0.045435        0.004097        0.041338        0.037071        0.033446        0.005287       -0.006160        0.015714        0.004961        0.010090        0.006192        0.009937       -0.009600        0.001022        0.003553
IS(-1),IS(-1)              -0.097063        0.014784       -0.111846       -0.054569       -0.054369       -0.009595        0.001925        0.142438       -0.009878       -0.021810       -0.001906       -0.008271       -1.501467       -0.000067       -0.000203
PIE(-1),K(-1)               0.003199        0.003337       -0.000139        0.045327        0.029248        0.034984        0.001152        0.024031       -0.003101        0.031071       -0.010579        0.014895       -0.522982        0.021861        0.016658
PIE(-1),I(-1)              -0.240100       -0.024728       -0.215372       -0.369102       -0.227340       -0.150029       -0.022379        0.199721        0.013847       -0.159647        0.051214       -0.032635        1.476502       -0.066528       -0.144963
PIE(-1),RPS(-1)             0.043342        0.154971       -0.111629        0.972553        0.353838        0.396848       -0.019924        0.599934       -0.033422        0.338933       -0.101824        0.086030      -12.272573        0.282958        0.646984
PIE(-1),Rn(-1)              0.042531        0.152071       -0.109541        0.954356        0.347218        0.389423       -0.409067        0.588708        0.079923        0.332591       -0.099919        0.084420      -12.042938        0.277664        0.634878
PIE(-1),W(-1)              -0.055325       -0.007698       -0.047627        0.172480       -0.167072       -0.476310       -0.086345       -0.112449        0.050055       -0.329119        0.138813       -0.220373       -2.900076       -0.120229        0.355858
PIE(-1),MRSS(-1)           -0.018282       -0.019662        0.001380       -0.250420       -0.079337       -0.065488        0.000251       -0.041372        0.006025       -0.062581        0.026111        0.008678        2.453626       -0.061197       -0.179500
PIE(-1),Deltaw(-1)         -0.016466       -0.084770        0.068304       -1.142052       -0.192720       -0.412210        0.098287        0.023947       -0.024739       -0.295034       -0.029402       -0.243140       12.924699       -0.161672       -0.922043
PIE(-1),A(-1)               0.158431        0.124543        0.033888        0.903873        0.543166        0.619405        0.103127        0.228482       -0.077451        0.582410       -0.249942        0.168811       -8.032780        0.338921        0.372674
PIE(-1),Y(-1)              -0.002769       -0.009900        0.007131       -0.062130       -0.022604       -0.025352        0.001273       -0.038326       -0.005203       -0.021652        0.006505       -0.005496        0.784009       -0.018076       -0.041331
PIE(-1),MCS(-1)            -0.092290       -0.045761       -0.046529       -0.214947       -0.262624       -0.419184       -0.116109       -0.142288        0.068718       -0.309933        0.197354       -0.147151        0.721075       -0.186486        0.049692
PIE(-1),Deltap(-1)          0.039930       -0.075067        0.114998       -1.481869       -0.985935       -0.642697        0.177634       -0.043714       -0.040951       -0.671587       -0.060743       -0.443311       20.260661       -0.804022       -0.512905
PIE(-1),MPS(-1)             0.141956        0.538569       -0.396612        3.929359        1.607669        1.812190       -0.179835        2.190720        0.003387        1.531786       -0.387891        0.605372      -55.695820        1.321042        2.428461
PIE(-1),G(-1)              -0.057655       -0.034719       -0.022936       -0.265279       -0.131284       -0.127627       -0.025117       -0.002421        0.030523       -0.117349        0.057465       -0.015490        2.081389       -0.074631       -0.137363
PIE(-1),C(-1)              -0.057471       -0.034716       -0.022754       -0.264501       -0.130799       -0.127095       -0.025135       -0.002535        0.030478       -0.116894        0.057348       -0.015236        2.072869       -0.074319       -0.137061
PIE(-1),IS(-1)              0.057057       -0.001320        0.058377        0.019663        0.028223       -0.006914       -0.007636        0.038740        0.011032        0.003604        0.008416        0.005388        0.303748       -0.001673       -0.008518
PIE(-1),PIE(-1)             0.093499        0.091022        0.002478        0.350144        0.168124        0.227137        0.283547        0.366367       -0.071991        0.180649       -0.126994       -0.023344       -3.926540        0.099661        0.190377
epsA,epsA                   0.213273        0.276678       -0.063405        1.602180        1.219745        1.326605        0.328209        0.528669       -0.107058        1.439860       -0.252709        0.640131      -14.757290        0.612609        0.390622
epsG,epsA                  -0.031178       -0.068719        0.037542       -0.413958       -0.310468       -0.245552       -0.028389       -0.069085        0.000945       -0.254477        0.016554       -0.153218        4.089626       -0.098823       -0.104914
epsG,epsG                   0.175301        0.005904       -0.011738        0.117669        0.109875        0.031676       -0.008931       -0.026351        0.018515        0.048206        0.009309        0.030813       -0.730224        0.004348        0.007847
epsMCS,epsA                -0.128721       -0.142064        0.013343       -0.690799       -0.782385       -1.311971       -0.466325       -0.660629        0.175329       -0.806169        0.381251       -0.442110        6.060267       -0.678605        0.094118
epsMCS,epsG                -0.004134        0.006923       -0.011056        0.043276        0.056737        0.085123        0.029322        0.053593       -0.008176        0.056107       -0.022601        0.032796       -0.507574        0.054519       -0.013721
epsMCS,epsMCS               0.024829        0.040607       -0.015778        0.242429        0.229920        0.364841        0.109122        0.162105       -0.040649        0.277473       -0.085618        0.126397       -2.645643        0.189869        0.012956
epsMPS,epsA                 2.208641        1.727355        0.481286       12.241348        7.440144        8.614936        2.804608        3.457676       -0.974141        7.989843       -2.223530        3.824517     -109.561754        4.681122        4.960950
epsMPS,epsG                -0.291721       -0.177593       -0.114128       -1.298987       -0.653441       -0.643411       -0.246573       -0.070556        0.112537       -0.586842        0.199947       -0.271693       10.026660       -0.373001       -0.661824
epsMPS,epsMCS              -1.272358       -0.657185       -0.615173       -2.999449       -3.628197       -5.962661       -2.349282       -2.136377        0.890701       -4.383510        2.018138       -1.887220       12.045211       -2.576652        0.655385
epsMPS,epsMPS               0.929863        3.485218       -2.555355       26.523611       11.074725       12.143684        1.095362       14.397876       -0.136034       10.345154       -0.022794        9.134293     -383.318629        9.135222       16.160853
epsIS,epsA                 -0.131816       -0.004626       -0.127190       -0.177917       -0.158769       -0.016716        0.024714        0.032156       -0.025688       -0.063963       -0.025317       -0.038184        0.322964       -0.008203       -0.018867
epsIS,epsG                  0.033863        0.003051        0.030812        0.027580        0.024894        0.003966       -0.004560        0.011665        0.003693        0.007536        0.004583        0.007391       -0.004926        0.000758        0.002633
epsIS,epsMCS                0.064051       -0.006131        0.070182        0.037389        0.040164       -0.027528       -0.013379       -0.015626        0.013464       -0.007197        0.013718       -0.003904        0.685628        0.004555       -0.002770
epsIS,epsMPS                0.678149       -0.039403        0.717552        0.218101        0.331615       -0.145286       -0.154832        0.451387        0.145463        0.005155        0.150177        0.046312        1.970532       -0.021461       -0.112945
epsIS,epsIS                -0.101839        0.008875       -0.110715       -0.056778       -0.056578       -0.013039        0.002808        0.084755       -0.010879       -0.024651       -0.002779       -0.011426        0.046171       -0.000091       -0.000213
epsMRSS,epsA               -0.037713       -0.066315        0.028602       -0.604746       -0.247904       -0.456999       -0.098762       -0.209525        0.033689       -0.421579        0.072001       -0.262693        5.903225       -0.219273       -0.369894
epsMRSS,epsG               -0.003114        0.004546       -0.007661        0.065820        0.017225        0.049534        0.003635        0.014109       -0.000122        0.039708       -0.001537        0.034703       -0.708029        0.017684        0.049990
epsMRSS,epsMCS              0.037550        0.033708        0.003842        0.109487        0.158298        0.240705        0.096052        0.134107       -0.035947        0.181969       -0.080756        0.085503       -0.927088        0.120529       -0.051024
epsMRSS,epsMPS             -0.268597       -0.276690        0.008093       -3.380222       -1.105162       -0.872575       -0.246005       -0.610882        0.068430       -0.846911        0.144751       -0.597317       32.862509       -0.845115       -2.387209
epsMRSS,epsIS               0.023222       -0.000775        0.023997        0.023191        0.014215        0.012428       -0.002111       -0.006319        0.003602        0.014015        0.002240        0.010951        0.157816        0.001371        0.008971
epsMRSS,epsMRSS             0.001268        0.008745       -0.007477        0.108372        0.023319        0.037066        0.001075        0.013935        0.000270        0.027071        0.001239        0.031062       -1.175790        0.019864        0.089523
epsRPS,epsA                 0.475541        0.380054        0.095487        2.963645        1.679335        2.000175        0.547232        0.455593       -0.158350        1.919512       -0.422959        1.005470      -25.296221        1.007507        1.326739
epsRPS,epsG                -0.061140       -0.035386       -0.025754       -0.318796       -0.145254       -0.167802       -0.038514        0.049990        0.010908       -0.147695        0.028637       -0.094728        2.540211       -0.080681       -0.177895
epsRPS,epsMCS              -0.260601       -0.110932       -0.149668       -0.598716       -0.771368       -1.203150       -0.492774       -0.296778        0.173265       -0.889740        0.421769       -0.382290        1.895970       -0.553826        0.179878
epsRPS,epsMPS               0.689010        2.067414       -1.378404       13.161054        4.931097        5.361436        0.847029        7.960049       -0.305267        4.616974       -0.382801        3.760268     -163.573725        3.908698        8.606753
epsRPS,epsIS                0.219335        0.006815        0.212521        0.079483        0.109878       -0.000556       -0.014827        0.219173        0.027532        0.028520        0.014001        0.011800        1.142237       -0.005344       -0.030242
epsRPS,epsMRSS             -0.047729       -0.057140        0.009411       -0.841718       -0.231816       -0.251436       -0.040468       -0.087788        0.005651       -0.218578        0.018840       -0.188371        7.905759       -0.181989       -0.639794
epsRPS,epsRPS               0.069806        0.282466       -0.212660        1.633214        0.531638        0.703720        0.081927        1.089101       -0.014250        0.574852       -0.032164        0.509944      -19.343600        0.420072        1.151703
K(-1),epsA                  0.025525        0.021341        0.004183        0.120422        0.096571        0.115135        0.033283        0.059809       -0.010778        0.108473       -0.026496        0.049816       -1.612168        0.054613        0.024425
K(-1),epsG                 -0.002894       -0.002578       -0.000317       -0.014581       -0.011409       -0.009663       -0.002588       -0.004144        0.000492       -0.009347        0.002046       -0.004572        0.218893       -0.004365       -0.003223
K(-1),epsMCS               -0.012889       -0.009830       -0.003059       -0.037472       -0.039906       -0.072391       -0.024894       -0.033166        0.009027       -0.048342        0.021053       -0.024190        0.448305       -0.030174        0.002506
K(-1),epsMPS                0.022008        0.027880       -0.005872        0.426497        0.276421        0.328180        0.058732        0.223249       -0.020321        0.291047       -0.033383        0.194801       -5.613737        0.211918        0.155501
K(-1),epsIS                -0.001885       -0.003317        0.001432       -0.003801       -0.003267       -0.004754       -0.003650        0.005121        0.001363       -0.003797        0.003579        0.000366       -0.631882       -0.000177       -0.000524
K(-1),epsMRSS              -0.003602       -0.003022       -0.000580       -0.023553       -0.012583       -0.015285       -0.003984       -0.010483        0.001139       -0.014765        0.002791       -0.008545        0.315604       -0.009819       -0.011400
K(-1),epsRPS                0.007550        0.007366        0.000184        0.102523        0.062762        0.076063        0.018903        0.056700       -0.005808        0.069121       -0.013400        0.040626       -1.015120        0.045260        0.041184
I(-1),epsA                  0.188951       -0.171689        0.360640       -0.702591       -0.493858       -0.401136       -0.043877       -0.397969        0.018620       -0.427866        0.023539       -0.258020        8.620941       -0.170419       -0.211092
I(-1),epsG                 -0.045485        0.030087       -0.075572        0.045048        0.016817        0.039582        0.000246        0.100805       -0.011338        0.016903        0.001348        0.029505       -1.263611        0.013742        0.028347
I(-1),epsMCS               -0.168152        0.021654       -0.189806       -0.023610        0.005548        0.078473        0.046133        0.236594       -0.024954        0.026075       -0.034598        0.017630       -0.875764        0.094082       -0.029667
I(-1),epsMPS               -2.210059       -0.278536       -1.931523       -3.439072       -2.120679       -1.483603       -0.488001        1.613470        0.084838       -1.534615        0.407095       -0.667854       11.721375       -0.639954       -1.348243
I(-1),epsIS                 0.472192       -0.029277        0.501469        0.288124        0.280589        0.045642       -0.041524       -0.292902        0.058453        0.104485        0.041248        0.071941        2.493335        0.002650        0.007444
I(-1),epsMRSS              -0.048824        0.015749       -0.064574        0.103171        0.004453        0.095988        0.008730        0.080985       -0.004669        0.070424       -0.005094        0.065038       -1.347958        0.030361        0.101315
I(-1),epsRPS               -0.582853       -0.044948       -0.537906       -0.885619       -0.530614       -0.372464       -0.047576        0.621222       -0.031821       -0.390202        0.030739       -0.240101        3.862966       -0.139719       -0.363009
RPS(-1),epsA                0.332879        0.266038        0.066841        2.074552        1.175535        1.400123        0.383062        0.318915       -0.110845        1.343658       -0.296071        0.703829      -17.707355        0.705255        0.928717
RPS(-1),epsG               -0.042798       -0.024770       -0.018028       -0.223157       -0.101678       -0.117461       -0.026960        0.034993        0.007636       -0.103386        0.020046       -0.066310        1.778148       -0.056477       -0.124526
RPS(-1),epsMCS             -0.182421       -0.077653       -0.104768       -0.419101       -0.539958       -0.842205       -0.344942       -0.207745        0.121285       -0.622818        0.295238       -0.267603        1.327179       -0.387678        0.125915
RPS(-1),epsMPS              0.482307        1.447190       -0.964883        9.212738        3.451768        3.753005        0.592920        5.572035       -0.213687        3.231882       -0.267961        2.632188     -114.501607        2.736089        6.024727
RPS(-1),epsIS               0.153535        0.004770        0.148764        0.055638        0.076915       -0.000389       -0.010379        0.153421        0.019272        0.019964        0.009800        0.008260        0.799566       -0.003741       -0.021170
RPS(-1),epsMRSS            -0.033410       -0.039998        0.006587       -0.589203       -0.162271       -0.176005       -0.028328       -0.061452        0.003956       -0.153005        0.013188       -0.131860        5.534031       -0.127392       -0.447856
RPS(-1),epsRPS              0.097728        0.395452       -0.297724        2.286500        0.744294        0.985208        0.114698        1.524742       -0.019951        0.804793       -0.045029        0.713922      -27.081040        0.588101        1.612384
Rn(-1),epsA                 0.326650        0.261060        0.065590        2.035734        1.153539        1.373925        0.643092        0.312948       -0.183961        1.318517       -0.290531        0.690660      -17.376028        0.692059        0.911340
Rn(-1),epsG                -0.041998       -0.024307       -0.017691       -0.218982       -0.099776       -0.115263       -0.047798        0.034339        0.034468       -0.101452        0.019671       -0.065069        1.744877       -0.055420       -0.122196
Rn(-1),epsMCS              -0.179007       -0.076200       -0.102808       -0.411259       -0.529854       -0.826446       -0.487354       -0.203858        0.158563       -0.611164        0.289714       -0.262596        1.302346       -0.380424        0.123559
Rn(-1),epsMPS               0.473282        1.420111       -0.946829        9.040356        3.387181        3.682782        1.605219        5.467775        0.072615        3.171409       -0.262947        2.582936     -112.359139        2.684893        5.911997
Rn(-1),epsIS                0.150662        0.004681        0.145981        0.054597        0.075476       -0.000382       -0.011726        0.150550        0.027835        0.019591        0.009617        0.008106        0.784605       -0.003671       -0.020774
Rn(-1),epsMRSS             -0.032785       -0.039249        0.006464       -0.578178       -0.159235       -0.172712       -0.075458       -0.060302        0.016217       -0.150142        0.012941       -0.129392        5.430483       -0.125008       -0.439476
Rn(-1),epsRPS               0.095900        0.388053       -0.292153        2.243717        0.730367        0.966773        0.332334        1.496212       -0.118092        0.789734       -0.044187        0.700563      -26.574320        0.577097        1.582215
W(-1),epsA                 -0.044064       -0.024324       -0.019740        0.132165       -0.349443       -0.909665       -0.208022       -0.288233        0.079178       -0.925041        0.169515       -0.325356       -1.135665       -0.307518        0.498405
W(-1),epsG                 -0.004633       -0.002995       -0.001637       -0.041466        0.024430        0.097487        0.011169        0.022214       -0.003059        0.083193       -0.008145        0.037373        0.191981        0.024780       -0.067643
W(-1),epsMCS                0.027943        0.042871       -0.014928        0.288615        0.211296        0.164931        0.099512        0.127486       -0.036569        0.150308       -0.078213        0.104903       -2.712532        0.171985        0.080618
W(-1),epsMPS               -0.564996       -0.105643       -0.459352        1.528374       -1.632168       -4.561949       -1.195428       -1.162662        0.464400       -3.154707        1.044194       -1.046394      -27.797401       -1.161917        3.312670
W(-1),epsIS                 0.019589       -0.004027        0.023616        0.000783        0.013011       -0.007329       -0.007352       -0.002632        0.005798        0.008438        0.007494       -0.001386        0.217487        0.002115       -0.012191
W(-1),epsMRSS               0.007407       -0.003931        0.011338       -0.168392        0.066372        0.318851        0.041194        0.057199       -0.016092        0.196289       -0.034287        0.098632        1.281001        0.054689       -0.246812
W(-1),epsRPS               -0.080810        0.015815       -0.096625        0.515252       -0.328561       -1.209013       -0.226250       -0.173367        0.083294       -0.808696        0.194058       -0.341355       -5.855372       -0.250747        0.884108
MRSS(-1),epsA              -0.026399       -0.046420        0.020021       -0.423322       -0.173533       -0.319900       -0.069134       -0.146668        0.023583       -0.295106        0.050401       -0.183885        4.132257       -0.153491       -0.258925
MRSS(-1),epsG              -0.002180        0.003183       -0.005363        0.046074        0.012057        0.034674        0.002544        0.009876       -0.000085        0.027796       -0.001076        0.024292       -0.495620        0.012379        0.034993
MRSS(-1),epsMCS             0.026285        0.023595        0.002690        0.076641        0.110809        0.168494        0.067237        0.093875       -0.025163        0.127378       -0.056529        0.059852       -0.648962        0.084370       -0.035717
MRSS(-1),epsMPS            -0.188018       -0.193683        0.005665       -2.366155       -0.773613       -0.610803       -0.172204       -0.427617        0.047901       -0.592838        0.101326       -0.418122       23.003756       -0.591581       -1.671046
MRSS(-1),epsIS              0.016255       -0.000542        0.016798        0.016234        0.009951        0.008700       -0.001478       -0.004424        0.002521        0.009810        0.001568        0.007665        0.110471        0.000960        0.006280
MRSS(-1),epsMRSS            0.001775        0.012244       -0.010468        0.151720        0.032647        0.051893        0.001504        0.019510        0.000378        0.037899        0.001735        0.043487       -1.646105        0.027810        0.125332
MRSS(-1),epsRPS            -0.033410       -0.039998        0.006587       -0.589203       -0.162271       -0.176005       -0.028328       -0.061452        0.003956       -0.153005        0.013188       -0.131860        5.534031       -0.127392       -0.447856
Deltaw(-1),epsA            -0.161468       -0.315873        0.154404       -2.420928       -0.532641       -1.186747       -0.053139       -0.197369       -0.005074       -0.976260        0.006019       -0.833604       22.979694       -0.400714       -1.318722
Deltaw(-1),epsG             0.019468        0.047916       -0.028448        0.349465        0.047731        0.140700       -0.009511       -0.000293        0.008796        0.103716        0.013145        0.112236       -3.224755        0.032556        0.178311
Deltaw(-1),epsMCS           0.063384        0.042647        0.020737        0.056776        0.281822        0.382034        0.194736        0.294792       -0.074431        0.296777       -0.166930        0.095614       -0.068164        0.216664       -0.190181
Deltaw(-1),epsMPS          -0.154769       -0.792013        0.637244      -10.672219       -1.860287       -3.839800        0.493282        0.084186       -0.265139       -2.765609       -0.667198       -3.492810      123.505253       -1.562584       -8.585819
Deltaw(-1),epsIS            0.060467        0.007993        0.052474        0.122434        0.037091        0.041841       -0.009092       -0.022678        0.010341        0.038856        0.009275        0.037858       -0.566901        0.002686        0.032031
Deltaw(-1),epsMRSS         -0.021207        0.034334       -0.055541        0.664968        0.071454        0.265963       -0.040229        0.003733        0.018741        0.169654        0.048166        0.242736       -6.363433        0.073459        0.640968
Deltaw(-1),epsRPS          -0.076363       -0.223519        0.147156       -2.804819       -0.424824       -1.008107        0.129400        0.146915       -0.080045       -0.708992       -0.166529       -0.904741       27.656835       -0.336514       -2.296200
A(-1),epsA                  0.298582        0.387349       -0.088767        2.243052        1.707644        1.857247        0.459493        0.740137       -0.149881        2.015804       -0.353793        0.896183      -20.660207        0.857653        0.546871
A(-1),epsG                 -0.021824       -0.048103        0.026279       -0.289771       -0.217328       -0.171887       -0.019872       -0.048359        0.000662       -0.178134        0.011588       -0.107253        2.862738       -0.069176       -0.073440
A(-1),epsMCS               -0.090105       -0.099445        0.009340       -0.483560       -0.547670       -0.918380       -0.326428       -0.462440        0.122730       -0.564318        0.266875       -0.309477        4.242187       -0.475024        0.065883
A(-1),epsMPS                1.546049        1.209148        0.336900        8.568944        5.208101        6.030455        1.963225        2.420373       -0.681899        5.592890       -1.556471        2.677162      -76.693228        3.276786        3.472665
A(-1),epsIS                -0.092271       -0.003239       -0.089033       -0.124542       -0.111138       -0.011701        0.017300        0.022509       -0.017981       -0.044774       -0.017722       -0.026729        0.226075       -0.005742       -0.013207
A(-1),epsMRSS              -0.026399       -0.046420        0.020021       -0.423322       -0.173533       -0.319900       -0.069134       -0.146668        0.023583       -0.295106        0.050401       -0.183885        4.132257       -0.153491       -0.258925
A(-1),epsRPS                0.332879        0.266038        0.066841        2.074552        1.175535        1.400123        0.383062        0.318915       -0.110845        1.343658       -0.296071        0.703829      -17.707355        0.705255        0.928717
Y(-1),epsA                 -0.021265       -0.016995       -0.004270       -0.132529       -0.075097       -0.089444       -0.024471       -0.020373        0.011976       -0.085837        0.018914       -0.044963        1.131199       -0.045054       -0.059329
Y(-1),epsG                  0.002734        0.001582        0.001152        0.014256        0.006495        0.007504        0.001722       -0.002235       -0.002244        0.006605       -0.001281        0.004236       -0.113593        0.003608        0.007955
Y(-1),epsMCS                0.011654        0.004961        0.006693        0.026773        0.034494        0.053803        0.022036        0.013271       -0.010323        0.039787       -0.018861        0.017095       -0.084784        0.024766       -0.008044
Y(-1),epsMPS               -0.030811       -0.092451        0.061640       -0.588537       -0.220509       -0.239753       -0.037877       -0.355958       -0.004727       -0.206462        0.017118       -0.168152        7.314705       -0.174790       -0.384878
Y(-1),epsIS                -0.009808       -0.000305       -0.009504       -0.003554       -0.004914        0.000025        0.000663       -0.009801       -0.001812       -0.001275       -0.000626       -0.000528       -0.051079        0.000239        0.001352
Y(-1),epsMRSS               0.002134        0.002555       -0.000421        0.037640        0.010366        0.011244        0.001810        0.003926       -0.001056        0.009774       -0.000842        0.008424       -0.353530        0.008138        0.028610
Y(-1),epsRPS               -0.006243       -0.025263        0.019019       -0.146068       -0.047548       -0.062938       -0.007327       -0.097405        0.007688       -0.051413        0.002877       -0.045607        1.730018       -0.037570       -0.103004
MCS(-1),epsA               -0.090105       -0.099445        0.009340       -0.483560       -0.547670       -0.918380       -0.326428       -0.462440        0.122730       -0.564318        0.266875       -0.309477        4.242187       -0.475024        0.065883
MCS(-1),epsG               -0.002894        0.004846       -0.007739        0.030293        0.039716        0.059586        0.020525        0.037515       -0.005723        0.039275       -0.015821        0.022957       -0.355302        0.038164       -0.009605
MCS(-1),epsMCS              0.034761        0.056850       -0.022089        0.339401        0.321888        0.510778        0.152771        0.226947       -0.056909        0.388462       -0.119865        0.176956       -3.703900        0.265817        0.018138
MCS(-1),epsMPS             -0.890651       -0.460030       -0.430621       -2.099614       -2.539738       -4.173863       -1.644498       -1.495464        0.623491       -3.068457        1.412697       -1.321054        8.431647       -1.803656        0.458770
MCS(-1),epsIS               0.044836       -0.004292        0.049127        0.026172        0.028115       -0.019270       -0.009365       -0.010938        0.009425       -0.005038        0.009603       -0.002733        0.479939        0.003188       -0.001939
MCS(-1),epsMRSS             0.026285        0.023595        0.002690        0.076641        0.110809        0.168494        0.067237        0.093875       -0.025163        0.127378       -0.056529        0.059852       -0.648962        0.084370       -0.035717
MCS(-1),epsRPS             -0.182421       -0.077653       -0.104768       -0.419101       -0.539958       -0.842205       -0.344942       -0.207745        0.121285       -0.622818        0.295238       -0.267603        1.327179       -0.387678        0.125915
Deltap(-1),epsA            -0.031534       -0.353072        0.321538       -3.754302       -3.016390       -2.040674        0.098096       -0.254651       -0.071447       -2.202043       -0.176210       -1.579844       41.712209       -2.024233       -0.754513
Deltap(-1),epsG             0.009273        0.053502       -0.044229        0.469268        0.370055        0.208915       -0.025702        0.003038        0.017189        0.211500        0.031774        0.176998       -4.848691        0.162397        0.100683
Deltap(-1),epsMCS          -0.021106        0.073181       -0.094287        1.116545        1.196686        0.991123        0.091846        0.231401       -0.030267        0.876541       -0.046947        0.604675      -10.819706        1.121938       -0.082453
Deltap(-1),epsMPS           0.427672       -0.690243        1.117914      -14.064502       -9.440642       -6.162479        1.010715       -0.627057       -0.466503       -6.426918       -1.303928       -5.713561      199.085159       -7.778364       -4.782558
Deltap(-1),epsIS            0.085995        0.012587        0.073408        0.155214        0.137206        0.037475       -0.005943       -0.034706        0.011793        0.054434        0.006343        0.032351        0.394754        0.011888        0.017754
Deltap(-1),epsMRSS         -0.050278        0.024036       -0.074313        0.700208        0.359442        0.347639       -0.054179        0.052654        0.024091        0.330853        0.067767        0.322072       -8.969478        0.362525        0.353550
Deltap(-1),epsRPS           0.037140       -0.194333        0.231473       -3.367920       -2.136740       -1.487199        0.215202        0.030540       -0.118712       -1.521466       -0.278190       -1.350121       41.330450       -1.670392       -1.273085
MPS(-1),epsA                1.546049        1.209148        0.336900        8.568944        5.208101        6.030455        1.963225        2.420373       -0.681899        5.592890       -1.556471        2.677162      -76.693228        3.276786        3.472665
MPS(-1),epsG               -0.204205       -0.124315       -0.079890       -0.909291       -0.457409       -0.450388       -0.172601       -0.049389        0.078776       -0.410789        0.139963       -0.190185        7.018662       -0.261101       -0.463276
MPS(-1),epsMCS             -0.890651       -0.460030       -0.430621       -2.099614       -2.539738       -4.173863       -1.644498       -1.495464        0.623491       -3.068457        1.412697       -1.321054        8.431647       -1.803656        0.458770
MPS(-1),epsMPS              1.301809        4.879306       -3.577497       37.133055       15.504615       17.001157        1.533506       20.157027       -0.190447       14.483215       -0.031912       12.788011     -536.646081       12.789311       22.625194
MPS(-1),epsIS               0.474704       -0.027582        0.502287        0.152670        0.232130       -0.101700       -0.108382        0.315971        0.101824        0.003609        0.105124        0.032418        1.379373       -0.015023       -0.079062
MPS(-1),epsMRSS            -0.188018       -0.193683        0.005665       -2.366155       -0.773613       -0.610803       -0.172204       -0.427617        0.047901       -0.592838        0.101326       -0.418122       23.003756       -0.591581       -1.671046
MPS(-1),epsRPS              0.482307        1.447190       -0.964883        9.212738        3.451768        3.753005        0.592920        5.572035       -0.213687        3.231882       -0.267961        2.632188     -114.501607        2.736089        6.024727
G(-1),epsA                 -0.060243       -0.132784        0.072540       -0.799876       -0.599907       -0.474471       -0.054855       -0.133490        0.001827       -0.491717        0.031987       -0.296058        7.902233       -0.190952       -0.202721
G(-1),epsG                  0.677454        0.022816       -0.045362        0.454735        0.424616        0.122411       -0.034514       -0.101834        0.071552        0.186294        0.035974        0.119079       -2.821971        0.016804        0.030324
G(-1),epsMCS               -0.007987        0.013376       -0.021364        0.083620        0.109630        0.164481        0.056657        0.103556       -0.015799        0.108414       -0.043671        0.063371       -0.980766        0.105346       -0.026513
G(-1),epsMPS               -0.563682       -0.343156       -0.220526       -2.509984       -1.262620       -1.243239       -0.476443       -0.136332        0.217451       -1.133933        0.386351       -0.524982       19.374147       -0.720737       -1.278817
G(-1),epsIS                 0.065433        0.005895        0.059537        0.053292        0.048101        0.007664       -0.008810        0.022540        0.007135        0.014562        0.008856        0.014281       -0.009519        0.001465        0.005088
G(-1),epsMRSS              -0.006018        0.008785       -0.014803        0.127181        0.033283        0.095713        0.007023        0.027262       -0.000236        0.076727       -0.002970        0.067055       -1.368098        0.034170        0.096594
G(-1),epsRPS               -0.118139       -0.068376       -0.049764       -0.615999       -0.280670       -0.324237       -0.074420        0.096595        0.021077       -0.285385        0.055335       -0.183039        4.908357       -0.155897       -0.343739
C(-1),epsA                 -0.060234       -0.132459        0.072225       -0.797894       -0.598355       -0.472947       -0.054493       -0.132459        0.001713       -0.490369        0.031721       -0.295304        7.867531       -0.190170       -0.202283
C(-1),epsG                  0.008271        0.020667       -0.012396        0.072199        0.045190        0.048314        0.000329        0.029404       -0.005183        0.031689        0.001452        0.035308       -1.090701        0.015350        0.027184
C(-1),epsMCS               -0.007987        0.013237       -0.021224        0.083192        0.109152        0.163589        0.056328        0.102906       -0.015678        0.107800       -0.043396        0.063089       -0.974317        0.104916       -0.026462
C(-1),epsMPS               -0.562028       -0.343111       -0.218917       -2.502640       -1.258010       -1.238201       -0.475837       -0.137077        0.217254       -1.129631        0.386103       -0.521698       19.287315       -0.717712       -1.276005
C(-1),epsIS                 0.064907        0.005853        0.059054        0.052959        0.047780        0.007553       -0.008800        0.022449        0.007087        0.014414        0.008845        0.014196       -0.013714        0.001460        0.005076
C(-1),epsMRSS              -0.005993        0.008748       -0.014741        0.126840        0.033142        0.095506        0.006989        0.027097       -0.000228        0.076544       -0.002953        0.066916       -1.362331        0.034030        0.096388
C(-1),epsRPS               -0.117706       -0.068423       -0.049284       -0.614224       -0.279619       -0.323192       -0.074236        0.096003        0.021052       -0.284453        0.055228       -0.182393        4.891932       -0.155250       -0.342996
IS(-1),epsA                -0.092271       -0.003239       -0.089033       -0.124542       -0.111138       -0.011701        0.017300        0.022509       -0.017981       -0.044774       -0.017722       -0.026729        0.226075       -0.005742       -0.013207
IS(-1),epsG                 0.023704        0.002136        0.021569        0.019306        0.017425        0.002776       -0.003192        0.008166        0.002585        0.005275        0.003208        0.005174       -0.003448        0.000531        0.001843
IS(-1),epsMCS               0.044836       -0.004292        0.049127        0.026172        0.028115       -0.019270       -0.009365       -0.010938        0.009425       -0.005038        0.009603       -0.002733        0.479939        0.003188       -0.001939
IS(-1),epsMPS               0.474704       -0.027582        0.502287        0.152670        0.232130       -0.101700       -0.108382        0.315971        0.101824        0.003609        0.105124        0.032418        1.379373       -0.015023       -0.079062
IS(-1),epsIS               -0.142575        0.012425       -0.155001       -0.079489       -0.079210       -0.018254        0.003931        0.118657       -0.015231       -0.034511       -0.003891       -0.015997        0.064640       -0.000128       -0.000298
IS(-1),epsMRSS              0.016255       -0.000542        0.016798        0.016234        0.009951        0.008700       -0.001478       -0.004424        0.002521        0.009810        0.001568        0.007665        0.110471        0.000960        0.006280
IS(-1),epsRPS               0.153535        0.004770        0.148764        0.055638        0.076915       -0.000389       -0.010379        0.153421        0.019272        0.019964        0.009800        0.008260        0.799566       -0.003741       -0.021170
PIE(-1),epsA                0.226330        0.177919        0.048411        1.291247        0.775951        0.884864        0.147325        0.326403       -0.110645        0.832015       -0.357061        0.241158      -11.475400        0.484173        0.532391
PIE(-1),epsG               -0.029838       -0.017968       -0.011870       -0.137289       -0.067943       -0.066051       -0.012999       -0.001253        0.015796       -0.060731        0.029740       -0.008017        1.077177       -0.038624       -0.071089
PIE(-1),epsMCS             -0.131843       -0.065373       -0.066470       -0.307068       -0.375178       -0.598834       -0.165870       -0.203269        0.098169       -0.442762        0.281934       -0.210216        1.030106       -0.266409        0.070988
PIE(-1),epsMPS              0.202795        0.769384       -0.566589        5.613369        2.296670        2.588843       -0.256907        3.129600        0.004839        2.188266       -0.554130        0.864817      -79.565456        1.887203        3.469230
PIE(-1),epsIS               0.081510       -0.001885        0.083395        0.028091        0.040318       -0.009878       -0.010908        0.055342        0.015760        0.005149        0.012023        0.007697        0.433926       -0.002391       -0.012169
PIE(-1),epsMRSS            -0.026117       -0.028089        0.001972       -0.357743       -0.113338       -0.093554        0.000359       -0.059102        0.008608       -0.089402        0.037302        0.012398        3.505180       -0.087425       -0.256428
PIE(-1),epsRPS              0.061917        0.221387       -0.159470        1.389362        0.505483        0.566926       -0.028463        0.857048       -0.047745        0.484190       -0.145463        0.122900      -17.532248        0.404226        0.924263


THEORETICAL MOMENTS BASED ON PRUNED STATE SPACE
VARIABLE         MEAN  STD. DEV.   VARIANCE
Y              2.0127     0.0041     0.0000
C              1.1472     0.0024     0.0000
I              0.5032     0.0018     0.0000
H              0.9517     0.0026     0.0000
Hd             0.9513     0.0025     0.0000
W              1.5190     0.0045     0.0000
R              1.0143     0.0030     0.0000
Q              1.0000     0.0045     0.0000
Rn             1.0190     0.0011     0.0000
MC             0.8571     0.0033     0.0000
PIE            1.0047     0.0028     0.0000
PIEw           1.0075     0.0033     0.0000
V           -345.4089     0.0456     0.0021
Deltap         1.0002     0.0002     0.0000
Deltaw         1.0004     0.0002     0.0000



MATRIX OF CORRELATIONS BASED ON PRUNED STATE SPACE
Variables         Y       C       I       H      Hd       W       R       Q      Rn      MC     PIE    PIEw       V  Deltap  Deltaw
Y            1.0000  0.9640  0.9333  0.8085  0.8003  0.9576 -0.8573  0.5967 -0.0423  0.8362  0.8461  0.8139  0.4192  0.7189  0.8249
C            0.9640  1.0000  0.8335  0.8117  0.8027  0.9655 -0.8598  0.5979  0.0027  0.8580  0.8672  0.8205  0.4291  0.7536  0.8363
I            0.9333  0.8335  1.0000  0.7082  0.7002  0.8580 -0.7780  0.5499 -0.1181  0.7234  0.7374  0.7278  0.3855  0.6038  0.7319
H            0.8085  0.8117  0.7082  1.0000  0.9994  0.8701 -0.8847  0.5344  0.1432  0.9825  0.9321  0.8885 -0.0051  0.8015  0.8957
Hd           0.8003  0.8027  0.7002  0.9994  1.0000  0.8612 -0.8762  0.5245  0.1460  0.9800  0.9235  0.8799 -0.0061  0.7861  0.8798
W            0.9576  0.9655  0.8580  0.8701  0.8612  1.0000 -0.8849  0.5913  0.0522  0.9256  0.9085  0.8541  0.2953  0.8013  0.8881
R           -0.8573 -0.8598 -0.7780 -0.8847 -0.8762 -0.8849  1.0000 -0.6374  0.1491 -0.8913 -0.9271 -0.9034 -0.0623 -0.7427 -0.8952
Q            0.5967  0.5979  0.5499  0.5344  0.5245  0.5913 -0.6374  1.0000 -0.4656  0.5496  0.5572  0.8228  0.0717  0.3456  0.6029
Rn          -0.0423  0.0027 -0.1181  0.1432  0.1460  0.0522  0.1491 -0.4656  1.0000  0.1453  0.1788 -0.0983 -0.1982  0.3381  0.0910
MC           0.8362  0.8580  0.7234  0.9825  0.9800  0.9256 -0.8913  0.5496  0.1453  1.0000  0.9417  0.8888  0.0453  0.8144  0.9039
PIE          0.8461  0.8672  0.7374  0.9321  0.9235  0.9085 -0.9271  0.5572  0.1788  0.9417  1.0000  0.9174  0.0152  0.8762  0.9381
PIEw         0.8139  0.8205  0.7278  0.8885  0.8799  0.8541 -0.9034  0.8228 -0.0983  0.8888  0.9174  1.0000  0.0264  0.7342  0.8993
V            0.4192  0.4291  0.3855 -0.0051 -0.0061  0.2953 -0.0623  0.0717 -0.1982  0.0453  0.0152  0.0264  1.0000  0.0349  0.0086
Deltap       0.7189  0.7536  0.6038  0.8015  0.7861  0.8013 -0.7427  0.3456  0.3381  0.8144  0.8762  0.7342  0.0349  1.0000  0.9087
Deltaw       0.8249  0.8363  0.7319  0.8957  0.8798  0.8881 -0.8952  0.6029  0.0910  0.9039  0.9381  0.8993  0.0086  0.9087  1.0000



COEFFICIENTS OF AUTOCORRELATION BASED ON PRUNED STATE SPACE
Order          1       2       3       4       5
Y         0.8925  0.7083  0.5229  0.3712  0.2622
C         0.9015  0.7292  0.5558  0.4150  0.3151
I         0.9004  0.7223  0.5373  0.3794  0.2590
H         0.8221  0.5946  0.3865  0.2259  0.1161
Hd        0.8156  0.5867  0.3795  0.2204  0.1122
W         0.8970  0.7123  0.5221  0.3632  0.2464
R         0.8547  0.5673  0.3023  0.1146  0.0055
Q         0.5101  0.1814 -0.0022 -0.0819 -0.0993
Rn        0.8415  0.5915  0.3610  0.1908  0.0837
MC        0.8524  0.6389  0.4338  0.2698  0.1541
PIE       0.8927  0.7024  0.5050  0.3371  0.2101
PIEw      0.7403  0.4994  0.3127  0.1832  0.1008
V         0.9662  0.9414  0.9215  0.9035  0.8854
Deltap    0.9336  0.7998  0.6458  0.4993  0.3736
Deltaw    0.8722  0.6593  0.4505  0.2827  0.1633
