Starting Dynare (version 5.0).
Calling Dynare with arguments: none
Starting preprocessing of the model file ...
Found 43 equation(s).
Evaluating expressions...done
Computing static model derivatives (order 1).
Computing dynamic model derivatives (order 2).
Processing outputs ...
done
Preprocessing completed.


MODEL SUMMARY

  Number of variables:         43
  Number of stochastic shocks: 7
  Number of state variables:   17
  Number of jumpers:           19
  Number of static variables:  11


MATRIX OF COVARIANCE OF EXOGENOUS SHOCKS
Variables        epsA      epsG    epsMCS    epsMPS     epsIS   epsMRSS    epsRPS
epsA         0.000001  0.000000  0.000000  0.000000  0.000000  0.000000  0.000000
epsG         0.000000  0.000001  0.000000  0.000000  0.000000  0.000000  0.000000
epsMCS       0.000000  0.000000  0.000001  0.000000  0.000000  0.000000  0.000000
epsMPS       0.000000  0.000000  0.000000  0.000001  0.000000  0.000000  0.000000
epsIS        0.000000  0.000000  0.000000  0.000000  0.000001  0.000000  0.000000
epsMRSS      0.000000  0.000000  0.000000  0.000000  0.000000  0.000001  0.000000
epsRPS       0.000000  0.000000  0.000000  0.000000  0.000000  0.000000  0.000001

POLICY AND TRANSITION FUNCTIONS
                                   Y               C               I               H              Hd               W               R               Q              Rn              MC             PIE            PIEw               u               V          Deltap          Deltaw
Constant                    2.012796        1.147463        0.503094        0.951576        0.951576        1.518491        1.014191        1.000108        1.019092        0.857026        1.004808        1.007338        0.999875     -345.368783        1.000164        1.000000
(correction)               -0.000138       -0.000108        0.000058       -0.000016       -0.000016       -0.000353       -0.000080        0.000108        0.000024       -0.000169        0.000079       -0.000155       -0.000125       -0.038359        0.000003               0
K(-1)                      -0.021392        0.008020        0.001718       -0.017689       -0.017689       -0.021044        0.007149        0.002823       -0.005182       -0.020327       -0.007082       -0.021060       -0.043729        1.695112       -0.000285               0
I(-1)                       0.991598       -0.054750        0.759772        0.374021        0.374021        0.625892       -0.065739       -0.457890        0.120083        0.350544        0.065120        0.480471        0.402566        1.539021        0.002624               0
RPS(-1)                    -0.772928       -0.141426       -0.076204       -0.083320       -0.083320       -2.236565        0.278695       -0.593726       -0.196440       -1.066369       -0.276073       -1.760409       -0.780051       -0.650235       -0.011122               0
Rn(-1)                     -0.758466       -0.138780       -0.074779       -0.081761       -0.081761       -2.194716        1.268773       -0.582617        0.507236       -1.046416       -0.270907       -1.727470       -0.765455       -0.638069       -0.010914               0
W(-1)                              0               0               0               0               0               0               0               0               0               0               0       -0.663329               0               0               0               0
MRSS(-1)                    0.095888       -0.031134       -0.029611       -0.045488       -0.045488        0.740986       -0.077505       -0.092726        0.043780        0.342430        0.076776        0.568504        0.220030       -0.560842        0.003093               0
A(-1)                      -0.364305        0.044905        0.114160       -0.538927       -0.538927       -1.373125        0.259403        0.345556       -0.150481       -1.129214       -0.256962       -1.168502       -0.735201        5.502921       -0.010352               0
Y(-1)                       0.049369        0.009033        0.004867        0.005322        0.005322        0.142855       -0.017801        0.037923       -0.033016        0.068112        0.017633        0.112442        0.049824        0.041532        0.000710               0
MCS(-1)                    -0.125413       -0.028466       -0.040139       -0.027977       -0.027977       -0.197753       -0.119390       -0.113520        0.042551       -0.097349        0.118266       -0.012583       -0.079800       -0.864728        0.004765               0
Deltap(-1)                  0.536808       -0.033384       -0.108754        0.674484        0.674484        1.820631       -0.220941       -0.328475        0.148811        0.958225        0.218862        1.427141        0.953745       -6.252695        0.720472               0
MPS(-1)                    -2.127790       -0.403724       -0.272961       -0.293996       -0.293996       -5.722866        1.066142       -1.687729        0.037416       -2.740607       -1.056112       -4.855157       -2.038430       -2.741719       -0.042548               0
G(-1)                       0.862414       -0.034625       -0.063540        0.318012        0.318012        0.604356       -0.061188       -0.240717        0.106254        0.332071        0.060612        0.461666        0.366047       -3.030711        0.002442               0
C(-1)                       0.861061        0.663792       -0.063077        0.317396        0.317396        0.604342       -0.061060       -0.239594        0.106073        0.331972        0.060486        0.461529        0.365719       -3.000438        0.002437               0
IS(-1)                      0.110874       -0.026011        0.118998        0.051024        0.051024       -0.005110       -0.004769       -0.195610        0.012260        0.005176        0.004724        0.001348        0.025128        2.609382        0.000190               0
PIE(-1)                    -0.324838       -0.063944       -0.043975       -0.047844       -0.047844       -0.849268       -0.343662       -0.266739        0.125778       -0.407330        0.340429       -0.221978       -0.304716       -0.423338       -0.006429               0
epsA                       -0.520436        0.064150        0.163086       -0.769896       -0.769896       -1.961607        0.370576        0.493651       -0.214973       -1.613163       -0.367089       -1.669289       -1.050287        7.861316       -0.014789               0
epsG                        0.446396       -0.017922       -0.032889        0.164607        0.164607        0.312822       -0.031672       -0.124598        0.054998        0.171884        0.031374        0.238964        0.189470       -1.568731        0.001264               0
epsMCS                     -0.179161       -0.040666       -0.057342       -0.039966       -0.039966       -0.282504       -0.170556       -0.162171        0.060787       -0.139071        0.168952       -0.017976       -0.113999       -1.235325        0.006807               0
epsMPS                     -3.039700       -0.576749       -0.389945       -0.419995       -0.419995       -8.175523        1.523060       -2.411042        0.053452       -3.915153       -1.508731       -6.935938       -2.912043       -3.916741       -0.060782               0
epsIS                       0.158392       -0.037159        0.169997        0.072891        0.072891       -0.007300       -0.006813       -0.279443        0.017514        0.007394        0.006749        0.001925        0.035896        3.727688        0.000272               0
epsMRSS                     0.136982       -0.044478       -0.042302       -0.064983       -0.064983        1.058551       -0.110721       -0.132465        0.062543        0.489185        0.109679        0.812148        0.314328       -0.801203        0.004419               0
epsRPS                     -1.104183       -0.202037       -0.108864       -0.119028       -0.119028       -3.195092        0.398135       -0.848180       -0.280629       -1.523384       -0.394389       -2.514870       -1.114359       -0.928908       -0.015889               0
K(-1),K(-1)                 0.001028       -0.000018       -0.000033        0.000953        0.000953        0.002691       -0.000026        0.000278        0.000119        0.001772        0.000075        0.001959        0.002965       -0.050313        0.000432               0
I(-1),K(-1)                -0.023790       -0.005040        0.004593       -0.015202       -0.015202       -0.055439       -0.004904       -0.004064        0.000190       -0.031578        0.003940       -0.036654       -0.037334       -0.005883       -0.007737               0
I(-1),I(-1)                -0.142884        0.084091       -0.322301       -0.063073       -0.063073        0.261436        0.012144        0.497399       -0.032730        0.113806       -0.007809        0.192496        0.052878       -3.708912        0.035986               0
RPS(-1),K(-1)               0.073902        0.001441       -0.000040        0.041052        0.041052        0.200436        0.019456        0.009342       -0.000923        0.111012       -0.015381        0.131824        0.110649       -0.321682        0.032852               0
RPS(-1),I(-1)              -1.231354       -0.006324       -0.241068       -0.550030       -0.550030       -2.386951       -0.112651        0.368229       -0.057894       -1.203493        0.075805       -1.717554       -1.068193        2.345699       -0.304734               0
RPS(-1),RPS(-1)             2.093937        0.163794       -0.039371        0.844644        0.844644        6.860288        0.176097        0.568209        0.133918        3.245194       -0.098583        4.859418        2.462424       -6.621154        0.648450               0
Rn(-1),K(-1)                0.072520        0.001414       -0.000039        0.040284        0.040284        0.196686        0.026107        0.009167       -0.004465        0.108935       -0.015093        0.129358        0.108579       -0.315663        0.032237               0
Rn(-1),I(-1)               -1.208314       -0.006205       -0.236557       -0.539738       -0.539738       -2.342288       -0.175052        0.361339        0.025674       -1.180974        0.074386       -1.685417       -1.048205        2.301808       -0.299032               0
Rn(-1),RPS(-1)              3.351048        0.182678       -0.152048        1.575918        1.575918       11.269130        0.892563        0.532537       -0.064876        5.322530       -0.464383        7.809514        4.067242      -13.632595        1.261720               0
Rn(-1),Rn(-1)               2.016310        0.157721       -0.037912        0.813331        0.813331        6.605960        0.437931        0.547144       -0.106493        3.124887       -0.094928        4.679268        2.371136       -6.375692        0.624411               0
W(-1),K(-1)                        0               0               0               0               0               0               0               0               0               0               0        0.013866               0               0               0               0
W(-1),I(-1)                        0               0               0               0               0               0               0               0               0               0               0       -0.316340               0               0               0               0
W(-1),RPS(-1)                      0               0               0               0               0               0               0               0               0               0               0        1.159045               0               0               0               0
W(-1),Rn(-1)                       0               0               0               0               0               0               0               0               0               0               0        1.137358               0               0               0               0
W(-1),W(-1)                        0               0               0               0               0               0               0               0               0               0               0        0.436732               0               0               0               0
MRSS(-1),K(-1)             -0.021693       -0.001530        0.000581       -0.011019       -0.011019       -0.058163       -0.005350       -0.003154        0.000065       -0.032455        0.004218       -0.038883       -0.031623        0.112422       -0.009138               0
MRSS(-1),I(-1)              0.179485        0.012048       -0.086230        0.075030        0.075030        0.701360        0.025466        0.088624        0.007967        0.340465       -0.015275        0.513497        0.267760       -1.046349        0.084980               0
MRSS(-1),RPS(-1)           -0.889340       -0.027302        0.005013       -0.477421       -0.477421       -2.979876       -0.188146        0.005495       -0.010689       -1.387615        0.144184       -2.080478       -1.046350        3.269588       -0.357067               0
MRSS(-1),Rn(-1)            -0.872700       -0.026791        0.004919       -0.468487       -0.468487       -2.924119       -0.260680        0.005393        0.019583       -1.361651        0.141486       -2.041549       -1.026772        3.208410       -0.350386               0
MRSS(-1),W(-1)                     0               0               0               0               0               0               0               0               0               0               0       -0.374300               0               0               0               0
MRSS(-1),MRSS(-1)           0.073289        0.022000        0.008244        0.090653        0.090653        0.074408        0.060490        0.054318       -0.018600        0.031595       -0.054055        0.032713        0.036260       -0.280367        0.048280               0
A(-1),K(-1)                 0.076495        0.006899       -0.002729        0.049853        0.049853        0.191611        0.016524        0.008401        0.000739        0.114030       -0.012747        0.124310        0.109896       -0.590595        0.030641               0
A(-1),I(-1)                -0.680445       -0.105749        0.337983       -0.516759       -0.516759       -2.175583       -0.063279       -0.290196       -0.042377       -1.265700        0.029374       -1.578887       -0.986113        6.458742       -0.285299               0
A(-1),RPS(-1)               3.021341        0.125928       -0.018092        1.668203        1.668203        8.382900        0.619235       -0.069986        0.043838        4.643292       -0.472197        5.716823        3.519231      -11.863563        1.195498               0
A(-1),Rn(-1)                2.964808        0.123572       -0.017753        1.636989        1.636989        8.226046        0.862198       -0.068677       -0.060348        4.556410       -0.463361        5.609854        3.453382      -11.641581        1.173128               0
A(-1),W(-1)                        0               0               0               0               0               0               0               0               0               0               0        0.769336               0               0               0               0
A(-1),MRSS(-1)             -0.792424       -0.031523        0.040866       -0.416332       -0.416332       -2.402751       -0.150821       -0.072809       -0.017866       -1.333416        0.110131       -1.678687       -0.964510        3.152336       -0.333320               0
A(-1),A(-1)                 1.591490        0.076401       -0.141679        1.172425        1.172425        4.420738        0.104327       -0.087367        0.120962        2.887144       -0.037627        3.127620        2.057074       -9.901493        0.563709               0
Y(-1),K(-1)                -0.004720       -0.000092        0.000003       -0.002622       -0.002622       -0.012802       -0.001243       -0.000597        0.000291       -0.007091        0.000982       -0.008420       -0.007067        0.020547       -0.002098               0
Y(-1),I(-1)                 0.078650        0.000404        0.015398        0.035132        0.035132        0.152461        0.007195       -0.023520       -0.001671        0.076870       -0.004842        0.109705        0.068228       -0.149826        0.019464               0
Y(-1),RPS(-1)              -0.218122       -0.011891        0.009897       -0.102577       -0.102577       -0.733514       -0.040296       -0.034663        0.004223       -0.346446        0.030227       -0.508326       -0.264739        0.887353       -0.082126               0
Y(-1),Rn(-1)               -0.214040       -0.011668        0.009712       -0.100658       -0.100658       -0.719789       -0.057010       -0.034015       -0.018535       -0.339964        0.029661       -0.498814       -0.259785        0.870750       -0.080589               0
Y(-1),W(-1)                        0               0               0               0               0               0               0               0               0               0               0       -0.074031               0               0               0               0
Y(-1),MRSS(-1)              0.056805        0.001744       -0.000320        0.030494        0.030494        0.190333        0.012017       -0.000351       -0.001275        0.088631       -0.009209        0.132886        0.066833       -0.208837        0.022807               0
Y(-1),A(-1)                -0.192981       -0.008043        0.001156       -0.106553       -0.106553       -0.535438       -0.039552        0.004470        0.003928       -0.296579        0.030160       -0.365149       -0.224783        0.757757       -0.076360               0
Y(-1),Y(-1)                -0.005297       -0.001864       -0.001525        0.001954        0.001954       -0.012059        0.005709       -0.008313        0.008804       -0.005854       -0.005345       -0.011696       -0.003921       -0.038655        0.002446               0
MCS(-1),K(-1)              -0.020082       -0.002194        0.000884       -0.013819       -0.013819       -0.062341       -0.008775       -0.004885        0.001419       -0.030492        0.007026       -0.035027       -0.025469        0.173069       -0.014056               0
MCS(-1),I(-1)               0.003006        0.021179       -0.113907        0.073809        0.073809        0.386838        0.057835        0.136269       -0.011733        0.193495       -0.041961        0.254892        0.166608       -1.477252        0.130162               0
MCS(-1),RPS(-1)            -0.768379       -0.052264       -0.002399       -0.548149       -0.548149       -2.253711       -0.326978       -0.086857        0.050393       -1.160025        0.258909       -1.373918       -1.064835        4.591155       -0.548549               0
MCS(-1),Rn(-1)             -0.754002       -0.051287       -0.002354       -0.537892       -0.537892       -2.211541       -0.438015       -0.085232        0.078679       -1.138319        0.254064       -1.348210       -1.044910        4.505249       -0.538285               0
MCS(-1),W(-1)                      0               0               0               0               0               0               0               0               0               0               0        0.008285               0               0               0               0
MCS(-1),MRSS(-1)            0.190807        0.018714       -0.013773        0.146586        0.146586        0.571488        0.082532        0.049904       -0.013430        0.297479       -0.063681        0.363060        0.278653       -1.478582        0.152886               0
MCS(-1),A(-1)              -0.628150       -0.055046        0.044792       -0.468313       -0.468313       -2.041554       -0.279855       -0.183149        0.047132       -0.990055        0.216728       -1.210562       -0.926654        4.440359       -0.511555               0
MCS(-1),Y(-1)               0.049078        0.003338        0.000153        0.035012        0.035012        0.143950        0.020885        0.005548       -0.005121        0.074094       -0.016537        0.087756        0.068014       -0.293249        0.035037               0
MCS(-1),MCS(-1)             0.237000        0.026608        0.008989        0.133741        0.133741        0.640147        0.124493        0.090809       -0.030980        0.320949       -0.109400        0.299486        0.279737       -0.776849        0.115323               0
Deltap(-1),K(-1)           -0.093340       -0.001914        0.012043       -0.080889       -0.080889       -0.263657        0.002544        0.014074       -0.010597       -0.145244       -0.005605       -0.192065       -0.156112        1.246397       -0.061873               0
Deltap(-1),I(-1)            1.107110        0.092342       -0.381163        0.939717        0.939717        3.297564       -0.085749        0.048924        0.139569        1.692553        0.113313        2.469705        1.576980       -9.582516        0.571446               0
Deltap(-1),RPS(-1)         -3.847566        0.029353        0.324308       -2.862675       -2.862675      -11.613546        0.035511        0.965733       -0.404022       -5.818257       -0.155452       -8.514484       -5.157677       28.388649       -2.409511               0
Deltap(-1),Rn(-1)          -3.775574        0.028804        0.318240       -2.809111       -2.809111      -11.396242       -0.181960        0.947662       -0.294244       -5.709390       -0.152543       -8.355167       -5.061171       27.857462       -2.364427               0
Deltap(-1),W(-1)                   0               0               0               0               0               0               0               0               0               0               0       -0.939623               0               0               0               0
Deltap(-1),MRSS(-1)         1.044412       -0.009280       -0.114303        0.741055        0.741055        3.363050       -0.018580       -0.161469        0.115271        1.663996        0.051853        2.482155        1.430880       -7.059725        0.670430               0
Deltap(-1),A(-1)           -3.698122       -0.083726        0.426424       -2.997370       -2.997370      -10.454380        0.113528        0.646879       -0.426996       -5.802018       -0.224410       -7.666991       -4.975120       28.857190       -2.245934               0
Deltap(-1),Y(-1)            0.245754       -0.001875       -0.020714        0.182847        0.182847        0.741788       -0.002268       -0.061684        0.019152        0.371627        0.009929        0.543843        0.329434       -1.813258        0.153902               0
Deltap(-1),MCS(-1)          0.819362       -0.006084       -0.155509        0.898265        0.898265        2.945867        0.026992       -0.152466        0.083482        1.527588        0.024787        2.092514        1.454099      -10.470970        1.030522               0
Deltap(-1),Deltap(-1)        2.066508        0.004401       -0.289781        1.770021        1.770021        5.920311       -0.228835       -0.559759        0.307000        3.038866        0.274357        4.465294        2.848985      -19.024839        1.506242               0
MPS(-1),K(-1)               0.240901        0.004332       -0.003355        0.147597        0.147597        0.675334        0.065627        0.034394       -0.006573        0.367001       -0.050122        0.439138        0.360036       -1.617614        0.126026               0
MPS(-1),I(-1)              -4.246423       -0.087615       -0.839734       -1.941662       -1.941662       -8.621228       -0.676280        0.887355       -0.012514       -4.343585        0.533016       -5.866671       -3.841845        7.465300       -1.155965               0
MPS(-1),RPS(-1)            11.215125        0.697285       -0.485327        5.816264        5.816264       36.476949        2.656245        2.214253       -0.128181       17.488536       -2.050872       24.742212       13.866547      -55.814872        4.909038               0
MPS(-1),Rn(-1)             11.005276        0.684238       -0.476246        5.707434        5.707434       35.794420        3.652736        2.172821       -0.100081       17.161303       -2.012498       24.279255       13.607087      -54.770506        4.817184               0
MPS(-1),W(-1)                      0               0               0               0               0               0               0               0               0               0               0        3.196613               0               0               0               0
MPS(-1),MRSS(-1)           -3.090918       -0.135887        0.002937       -1.705748       -1.705748       -9.944235       -0.828546       -0.201224        0.066953       -4.720946        0.659347       -6.741866       -3.706671       12.775550       -1.361613               0
MPS(-1),A(-1)              10.462297        0.554615       -0.021908        5.948874        5.948874       29.210893        2.720264        0.495738       -0.193848       15.797262       -2.154464       19.144315       12.449872      -46.878756        4.559336               0
MPS(-1),Y(-1)              -0.716340       -0.044537        0.030999       -0.371500       -0.371500       -2.329879       -0.169661       -0.141430        0.006514       -1.117039        0.130995       -1.580351       -0.885693        3.565044       -0.313553               0
MPS(-1),MCS(-1)            -3.188319       -0.240611       -0.019514       -2.150938       -2.150938       -9.291328       -1.336801       -0.554624        0.246606       -4.739429        1.075596       -5.393607       -4.276028       18.773781       -2.095037               0
MPS(-1),Deltap(-1)        -12.484615        0.232315        1.433580      -10.119779      -10.119779      -39.611575        0.034519        3.137928       -1.201120      -19.971019       -0.494305      -28.867511      -17.933694      128.612609       -9.213508               0
MPS(-1),MPS(-1)            19.084031        1.249233       -0.827502       10.693953       10.693953       60.798455        4.039182        4.573490       -0.292287       29.534341       -2.891059       41.420615       24.138145     -124.941986        9.431294               0
G(-1),K(-1)                -0.023419       -0.002901        0.001064       -0.014597       -0.014597       -0.050533       -0.003799       -0.002518       -0.000317       -0.029033        0.002909       -0.034271       -0.034449        0.216481       -0.007232               0
G(-1),I(-1)                 0.108655        0.054867       -0.178573        0.057004        0.057004        0.453830        0.006070        0.231655       -0.017244        0.222198        0.001844        0.353916        0.179049       -2.328861        0.067650               0
G(-1),RPS(-1)              -0.890903       -0.024897       -0.018969       -0.413422       -0.413422       -2.154232       -0.132138        0.122051       -0.019349       -1.066211        0.097585       -1.530763       -0.904334        2.487623       -0.282549               0
G(-1),Rn(-1)               -0.874233       -0.024432       -0.018614       -0.405687       -0.405687       -2.113924       -0.189708        0.119767        0.053999       -1.046261        0.095759       -1.502120       -0.887412        2.441076       -0.277263               0
G(-1),W(-1)                        0               0               0               0               0               0               0               0               0               0               0       -0.303959               0               0               0               0
G(-1),MRSS(-1)              0.232260        0.002708       -0.020442        0.098559        0.098559        0.690717        0.020895        0.012841        0.014653        0.336120       -0.011436        0.506990        0.270636       -0.807491        0.079209               0
G(-1),A(-1)                -0.874169       -0.063170        0.086324       -0.567697       -0.567697       -2.121769       -0.050026       -0.007474       -0.065584       -1.237465        0.018552       -1.546302       -0.991390        4.910458       -0.265903               0
G(-1),Y(-1)                 0.056904        0.001590        0.001212        0.026406        0.026406        0.137597        0.008440       -0.007796       -0.003515        0.068102       -0.006233        0.097774        0.057762       -0.158891        0.018047               0
G(-1),MCS(-1)               0.092333        0.007262       -0.025324        0.105195        0.105195        0.387022        0.049980        0.033954       -0.001594        0.198778       -0.035241        0.260660        0.184286       -1.145035        0.121305               0
G(-1),Deltap(-1)            1.251436        0.052577       -0.139508        0.947327        0.947327        3.162208       -0.088045       -0.193530        0.154431        1.627313        0.113623        2.371700        1.530947       -8.062594        0.532215               0
G(-1),MPS(-1)              -3.113556       -0.151532       -0.095086       -1.479481       -1.479481       -7.773071       -0.704778        0.084611        0.092816       -3.856943        0.570723       -5.234205       -3.281151        8.773137       -1.072936               0
G(-1),G(-1)                -0.147144        0.050207        0.032176       -0.055155       -0.055155        0.143223        0.023425        0.177891       -0.034461        0.059057       -0.019548        0.099586        0.017661        1.775935        0.030661               0
C(-1),K(-1)                -0.023392       -0.002894        0.001060       -0.014571       -0.014571       -0.050481       -0.003794       -0.002507       -0.000316       -0.029004        0.002906       -0.034237       -0.034410        0.214865       -0.007216               0
C(-1),I(-1)                 0.109260        0.054575       -0.177535        0.057219        0.057219        0.453302        0.005916        0.230001       -0.017083        0.221979        0.001980        0.353650        0.178984       -2.319620        0.067514               0
C(-1),RPS(-1)              -0.889553       -0.024956       -0.018732       -0.412702       -0.412702       -2.151831       -0.131842        0.121549       -0.019356       -1.064869        0.097361       -1.529205       -0.902944        2.481824       -0.281961               0
C(-1),Rn(-1)               -0.872909       -0.024489       -0.018382       -0.404980       -0.404980       -2.111568       -0.189293        0.119275        0.053868       -1.044944        0.095540       -1.500592       -0.886049        2.435386       -0.276685               0
C(-1),W(-1)                        0               0               0               0               0               0               0               0               0               0               0       -0.303869               0               0               0               0
C(-1),MRSS(-1)              0.232004        0.002681       -0.020352        0.098430        0.098430        0.690040        0.020807        0.012691        0.014663        0.335741       -0.011367        0.506547        0.270260       -0.804978        0.079046               0
C(-1),A(-1)                -0.873274       -0.063037        0.085951       -0.566850       -0.566850       -2.119178       -0.049782       -0.007023       -0.065594       -1.236046        0.018374       -1.544645       -0.990038        4.893087       -0.265354               0
C(-1),Y(-1)                 0.056818        0.001594        0.001196        0.026360        0.026360        0.137443        0.008421       -0.007764       -0.003506        0.068016       -0.006219        0.097674        0.057673       -0.158521        0.018010               0
C(-1),MCS(-1)               0.092136        0.007224       -0.025197        0.104990        0.104990        0.386008        0.049841        0.033768       -0.001571        0.198278       -0.035133        0.260111        0.183860       -1.141069        0.121054               0
C(-1),Deltap(-1)            1.250278        0.052561       -0.138941        0.945865        0.945865        3.158437       -0.087901       -0.193447        0.154254        1.625281        0.113426        2.368847        1.528860       -8.031178        0.531107               0
C(-1),MPS(-1)              -3.109005       -0.151694       -0.094355       -1.476787       -1.476787       -7.764085       -0.703912        0.083289        0.092763       -3.852047        0.570131       -5.228350       -3.276226        8.743608       -1.070675               0
C(-1),G(-1)                 0.242104        0.029465       -0.035192        0.110687        0.110687        0.477328       -0.002652        0.052283        0.002369        0.240909        0.009925        0.374895        0.214269       -1.668512        0.063166               0
C(-1),C(-1)                 0.120952        0.014684       -0.017513        0.055274        0.055274        0.238396       -0.001366        0.025930        0.001209        0.120316        0.004995        0.187277        0.107005       -0.831186        0.031519               0
IS(-1),K(-1)               -0.003932       -0.001183       -0.000650       -0.002273       -0.002273       -0.004297       -0.000438        0.001794       -0.000130       -0.002378        0.000367       -0.002523       -0.003233       -0.133368       -0.000558               0
IS(-1),I(-1)                0.464328       -0.030312        0.363299        0.188256        0.188256        0.228426       -0.037413       -0.223286        0.055835        0.135755        0.037673        0.191031        0.174385        2.325347        0.006785               0
IS(-1),RPS(-1)              0.061531        0.003385        0.071164        0.014577        0.014577        0.040656       -0.011660        0.067775        0.011803        0.012005        0.008954        0.029903        0.001313        0.380971       -0.021968               0
IS(-1),Rn(-1)               0.060380        0.003322        0.069833        0.014304        0.014304        0.039895       -0.016122        0.066507        0.020003        0.011781        0.008787        0.029343        0.001288        0.373842       -0.021557               0
IS(-1),W(-1)                       0               0               0               0               0               0               0               0               0               0               0       -0.000887               0               0               0               0
IS(-1),MRSS(-1)             0.044658       -0.001059        0.021636        0.016905        0.016905        0.035803       -0.001461        0.001513        0.004940        0.022990        0.002169        0.027976        0.028300       -0.035768        0.006297               0
IS(-1),A(-1)               -0.173075        0.000288       -0.081262       -0.098539       -0.098539       -0.165003        0.010457        0.003393       -0.021033       -0.097104       -0.012775       -0.125677       -0.110905        0.804203       -0.021298               0
IS(-1),Y(-1)               -0.003930       -0.000216       -0.004545       -0.000931       -0.000931       -0.002597        0.000745       -0.004329       -0.001302       -0.000767       -0.000572       -0.001910       -0.000084       -0.024334        0.001403               0
IS(-1),MCS(-1)              0.047836       -0.001318        0.029324        0.024703        0.024703        0.055643       -0.000979       -0.002845        0.006197        0.029215        0.002082        0.037982        0.029862       -0.063357        0.009649               0
IS(-1),Deltap(-1)           0.187416       -0.003336        0.069607        0.128092        0.128092        0.218499       -0.023553       -0.027426        0.027293        0.125304        0.025389        0.175336        0.146212       -1.150469        0.042148               0
IS(-1),MPS(-1)              0.174712       -0.001130        0.238402        0.033273        0.033273       -0.014782       -0.052559        0.143002        0.048548       -0.025299        0.042132        0.018157       -0.036659        1.175207       -0.083721               0
IS(-1),G(-1)                0.090174        0.003243        0.050797        0.037244        0.037244        0.064046       -0.005889        0.021781        0.007959        0.036146        0.006403        0.050585        0.041561       -0.238896        0.005160               0
IS(-1),C(-1)                0.089615        0.003234        0.050422        0.037022        0.037022        0.063657       -0.005846        0.021744        0.007893        0.035934        0.006360        0.050284        0.041325       -0.238240        0.005148               0
IS(-1),IS(-1)              -0.121397        0.019957       -0.115366       -0.051184       -0.051184       -0.028926        0.006078        0.145596       -0.014010       -0.021431       -0.005998       -0.025218       -0.036822       -0.882726       -0.000051               0
PIE(-1),K(-1)               0.036772        0.000764       -0.000264        0.022483        0.022483        0.102050        0.006636        0.005387       -0.001699        0.055415       -0.011373        0.055530        0.054392       -0.221952        0.019031               0
PIE(-1),I(-1)              -0.643578       -0.009702       -0.133929       -0.295223       -0.295223       -1.296884       -0.061597        0.153250        0.008677       -0.653894        0.105147       -0.650665       -0.579630        1.234159       -0.174972               0
PIE(-1),RPS(-1)             1.663975        0.103209       -0.078934        0.874294        0.874294        5.414604        0.253812        0.330302       -0.041429        2.598354       -0.438505        2.804067        2.065664       -8.522521        0.742075               0
PIE(-1),Rn(-1)              1.632840        0.101278       -0.077457        0.857935        0.857935        5.313290       -0.088169        0.324121        0.045744        2.549736       -0.430300        2.751599        2.027012       -8.363054        0.728190               0
PIE(-1),W(-1)                      0               0               0               0               0               0               0               0               0               0               0        0.146150               0               0               0               0
PIE(-1),MRSS(-1)           -0.461205       -0.019003        0.000936       -0.256171       -0.256171       -1.485412       -0.083549       -0.024701        0.014433       -0.705886        0.134790       -0.726664       -0.555449        1.940286       -0.205853               0
PIE(-1),A(-1)               1.563254        0.079672       -0.005061        0.896502        0.896502        4.371371        0.271325        0.054087       -0.043888        2.364007       -0.442903        2.290996        1.867135       -7.134523        0.689308               0
PIE(-1),Y(-1)              -0.106282       -0.006592        0.005042       -0.055843       -0.055843       -0.345845       -0.016212       -0.021097       -0.002977       -0.165964        0.028008       -0.179103       -0.131939        0.544356       -0.047398               0
PIE(-1),MCS(-1)            -0.480228       -0.035372       -0.002777       -0.324795       -0.324795       -1.402930       -0.138571       -0.078235        0.040587       -0.715466        0.217411       -0.823351       -0.645324        2.827052       -0.316705               0
PIE(-1),Deltap(-1)         -1.871391        0.037746        0.214399       -1.529738       -1.529738       -5.926373        0.120170        0.502567       -0.164759       -2.990739        0.029273       -3.615300       -2.692402       18.913731       -1.392298               0
PIE(-1),MPS(-1)             5.417999        0.324753       -0.295969        3.185396        3.185396       17.362356        0.849016        1.151085       -0.080137        8.447614       -1.556705        9.261879        6.949322      -37.416323        2.843664               0
PIE(-1),G(-1)              -0.464608       -0.021111       -0.013981       -0.222233       -0.222233       -1.163911       -0.071581        0.021929        0.025196       -0.577697        0.111982       -0.557919       -0.491820        1.366483       -0.162291               0
PIE(-1),C(-1)              -0.463908       -0.021137       -0.013863       -0.221824       -0.221824       -1.162514       -0.071518        0.021712        0.025169       -0.576939        0.111834       -0.557074       -0.491064        1.362211       -0.161949               0
PIE(-1),IS(-1)              0.030304        0.000257        0.038879        0.006734        0.006734       -0.003156       -0.004104        0.023078        0.008491       -0.003911        0.007267        0.001397       -0.004750        0.232431       -0.012708               0
PIE(-1),PIE(-1)             0.567085        0.056410       -0.001569        0.263694        0.263694        1.722254        0.319320        0.220220       -0.061000        0.835517       -0.200970        0.750022        0.673147       -2.604148        0.218082               0
epsA,epsA                   2.876199        0.201742       -0.172652        1.842779        1.842779        7.620767        0.477609        0.174307        0.093309        4.739872       -0.338996        5.190549        3.447905      -14.591903        1.139864               0
epsG,epsA                  -0.646400       -0.046711        0.063832       -0.419781       -0.419781       -1.568932       -0.036992       -0.005526       -0.048496       -0.915037        0.013718       -1.143406       -0.733079        3.631014       -0.196621               0
epsG,epsG                   0.279431        0.000650       -0.014871        0.102799        0.102799        0.261817       -0.016346       -0.041338        0.030052        0.138597        0.017172        0.197370        0.140068       -0.644711        0.009118               0
epsMCS,epsA                -1.281939       -0.112339        0.091412       -0.955742       -0.955742       -4.166436       -0.571133       -0.373773        0.096188       -2.020521        0.442302       -2.470534       -1.891130        9.061957       -1.043991               0
epsMCS,epsG                 0.068275        0.005370       -0.018725        0.077786        0.077786        0.286181        0.036957        0.025107       -0.001179        0.146986       -0.026058        0.192744        0.136269       -0.846690        0.089699               0
epsMCS,epsMCS               0.355702        0.025254       -0.022615        0.244392        0.244392        1.104635        0.132241        0.069489       -0.019806        0.555661       -0.102586        0.598356        0.489464       -2.467780        0.240215               0
epsMPS,epsA                21.351626        1.131867       -0.044711       12.140560       12.140560       59.614067        5.551560        1.011710       -0.395609       32.239311       -4.396866       39.070031       25.407902      -95.670931        9.304768               0
epsMPS,epsG                -2.302304       -0.112050       -0.070311       -1.093995       -1.093995       -5.747760       -0.521144        0.062565        0.068633       -2.851998        0.422018       -3.870408       -2.426231        6.487254       -0.793377               0
epsMPS,epsMCS              -6.506774       -0.491043       -0.039824       -4.389670       -4.389670      -18.961893       -2.728166       -1.131886        0.503278       -9.672304        2.195093      -11.007361       -8.726588       38.313839       -4.275587               0
epsMPS,epsMPS              36.775787        2.137492       -1.967311       21.524398       21.524398      118.238821        9.331129        7.611480       -0.558324       57.477627       -6.977785       79.577625       47.181490     -257.781318       19.204122               0
epsIS,epsA                 -0.353214        0.000588       -0.165840       -0.201099       -0.201099       -0.336740        0.021340        0.006925       -0.042924       -0.198171       -0.026071       -0.256483       -0.226337        1.641231       -0.043465               0
epsIS,epsG                  0.066679        0.002398        0.037562        0.027540        0.027540        0.047358       -0.004354        0.016106        0.005885        0.026728        0.004735        0.037405        0.030732       -0.176651        0.003816               0
epsIS,epsMCS                0.097625       -0.002690        0.059845        0.050415        0.050415        0.113557       -0.001998       -0.005806        0.012647        0.059623        0.004249        0.077513        0.060942       -0.129299        0.019692               0
epsIS,epsMPS                0.356556       -0.002306        0.486534        0.067905        0.067905       -0.030168       -0.107262        0.291842        0.099077       -0.051630        0.085985        0.037054       -0.074815        2.398381       -0.170858               0
epsIS,epsIS                -0.134612        0.014188       -0.114015       -0.052392       -0.052392       -0.064248        0.007537        0.097533       -0.016081       -0.038455       -0.007421       -0.050091       -0.049507        0.861153        0.000091               0
epsMRSS,epsA               -1.617192       -0.064333        0.083400       -0.849658       -0.849658       -4.903573       -0.307797       -0.148590       -0.036462       -2.721256        0.224757       -3.425891       -1.968388        6.433339       -0.680246               0
epsMRSS,epsG                0.171744        0.002002       -0.015116        0.072879        0.072879        0.510747        0.015451        0.009495        0.010835        0.248542       -0.008456        0.374892        0.200121       -0.597096        0.058571               0
epsMRSS,epsMCS              0.389401        0.038191       -0.028109        0.299156        0.299156        1.166302        0.168433        0.101845       -0.027409        0.607100       -0.129962        0.740940        0.568679       -3.017515        0.312013               0
epsMRSS,epsMPS             -6.307996       -0.277320        0.005993       -3.481118       -3.481118      -20.294358       -1.690911       -0.410662        0.136640       -9.634584        1.345607      -13.758910       -7.564634       26.072551       -2.778802               0
epsMRSS,epsIS               0.091139       -0.002162        0.044155        0.034500        0.034500        0.073067       -0.002981        0.003088        0.010082        0.046918        0.004426        0.057094        0.057755       -0.072997        0.012851               0
epsMRSS,epsMRSS             0.247414        0.013128       -0.013391        0.138590        0.138590        0.907961        0.044363        0.016236        0.006715        0.413899       -0.031973        0.646866        0.298521       -1.144465        0.101687               0
epsRPS,epsA                 6.166001        0.256996       -0.036922        3.404496        3.404496       17.107959        1.263746       -0.142829        0.089465        9.476106       -0.963667       11.666985        7.182105      -24.211354        2.439791               0
epsRPS,epsG                -0.658774       -0.018410       -0.014027       -0.305703       -0.305703       -1.592937       -0.097708        0.090250       -0.014307       -0.788405        0.072159       -1.131915       -0.668705        1.839461       -0.208930               0
epsRPS,epsMCS              -1.568121       -0.106662       -0.004897       -1.118671       -1.118671       -4.599410       -0.667301       -0.177259        0.102843       -2.367398        0.528385       -2.803914       -2.173132        9.369704       -1.119488               0
epsRPS,epsMPS              22.888009        1.423031       -0.990464       11.869926       11.869926       74.442753        5.420908        4.518883       -0.261593       35.690889       -4.185453       50.494311       28.299076     -113.907903       10.018445               0
epsRPS,epsIS                0.125574        0.006909        0.145234        0.029749        0.029749        0.082972       -0.023796        0.138316        0.024087        0.024501        0.018274        0.061026        0.002679        0.777491       -0.044832               0
epsRPS,epsMRSS             -1.814980       -0.055718        0.010231       -0.974328       -0.974328       -6.081379       -0.383971        0.011215       -0.021815       -2.831867        0.294253       -4.245873       -2.135409        6.672630       -0.728708               0
epsRPS,epsRPS               3.484639        0.189960       -0.158110        1.638743        1.638743       11.718378        0.643763        0.553767        0.072852        5.534714       -0.482896        8.120843        4.229384      -14.176064        1.312019               0
K(-1),epsA                  0.109278        0.009855       -0.003899        0.071218        0.071218        0.273731        0.023606        0.012001        0.001055        0.162900       -0.018210        0.177585        0.156994       -0.843708        0.043773               0
K(-1),epsG                 -0.012122       -0.001501        0.000551       -0.007555       -0.007555       -0.026157       -0.001966       -0.001304       -0.000164       -0.015028        0.001506       -0.017739       -0.017831        0.112053       -0.003743               0
K(-1),epsMCS               -0.028689       -0.003134        0.001263       -0.019741       -0.019741       -0.089059       -0.012536       -0.006979        0.002027       -0.043561        0.010036       -0.050038       -0.036385        0.247242       -0.020080               0
K(-1),epsMPS                0.344144        0.006188       -0.004792        0.210852        0.210852        0.964763        0.093753        0.049134       -0.009390        0.524287       -0.071603        0.627340        0.514337       -2.310876        0.180036               0
K(-1),epsIS                -0.005617       -0.001689       -0.000928       -0.003248       -0.003248       -0.006138       -0.000626        0.002563       -0.000186       -0.003397        0.000525       -0.003605       -0.004618       -0.190526       -0.000797               0
K(-1),epsMRSS              -0.030990       -0.002186        0.000831       -0.015741       -0.015741       -0.083091       -0.007643       -0.004506        0.000094       -0.046365        0.006025       -0.055547       -0.045176        0.160602       -0.013055               0
K(-1),epsRPS                0.105575        0.002059       -0.000057        0.058646        0.058646        0.286338        0.027794        0.013346       -0.001319        0.158588       -0.021973        0.188321        0.158071       -0.459546        0.046931               0
I(-1),epsA                 -0.972064       -0.151070        0.482833       -0.738226       -0.738226       -3.107975       -0.090398       -0.414566       -0.060538       -1.808143        0.041963       -2.255553       -1.408733        9.226774       -0.407570               0
I(-1),epsG                  0.056241        0.028400       -0.092431        0.029506        0.029506        0.234908        0.003142        0.119908       -0.008925        0.115012        0.000954        0.183191        0.092678       -1.205446        0.035016               0
I(-1),epsMCS                0.004294        0.030255       -0.162725        0.105442        0.105442        0.552625        0.082622        0.194670       -0.016761        0.276421       -0.059944        0.364132        0.238011       -2.110360        0.185946               0
I(-1),epsMPS               -6.066319       -0.125164       -1.199620       -2.773802       -2.773802      -12.316040       -0.966114        1.267650       -0.017877       -6.205121        0.761451       -8.380958       -5.488350       10.664714       -1.651378               0
I(-1),epsIS                 0.663326       -0.043303        0.518999        0.268938        0.268938        0.326322       -0.053447       -0.318980        0.079765        0.193936        0.053819        0.272901        0.249121        3.321924        0.009692               0
I(-1),epsMRSS               0.256407        0.017212       -0.123186        0.107186        0.107186        1.001943        0.036381        0.126606        0.011382        0.486378       -0.021821        0.733568        0.382515       -1.494784        0.121400               0
I(-1),epsRPS               -1.759077       -0.009034       -0.344383       -0.785757       -0.785757       -3.409930       -0.160930        0.526041       -0.082706       -1.719276        0.108292       -2.453649       -1.525989        3.350998       -0.435334               0
RPS(-1),epsA                4.316201        0.179898       -0.025845        2.383147        2.383147       11.975572        0.884622       -0.099981        0.062625        6.633274       -0.674567        8.166890        5.027473      -16.947948        1.707854               0
RPS(-1),epsG               -0.461142       -0.012887       -0.009819       -0.213992       -0.213992       -1.115056       -0.068396        0.063175       -0.010015       -0.551883        0.050511       -0.792341       -0.468094        1.287623       -0.146251               0
RPS(-1),epsMCS             -1.097684       -0.074663       -0.003428       -0.783070       -0.783070       -3.219587       -0.467111       -0.124081        0.071990       -1.657179        0.369870       -1.962740       -1.521192        6.558793       -0.783642               0
RPS(-1),epsMPS             16.021607        0.996122       -0.693325        8.308948        8.308948       52.109927        3.794635        3.163218       -0.183115       24.983622       -2.929817       35.346018       19.809353      -79.735532        7.012912               0
RPS(-1),epsIS               0.087902        0.004836        0.101663        0.020824        0.020824        0.058080       -0.016657        0.096821        0.016861        0.017150        0.012792        0.042718        0.001875        0.544244       -0.031383               0
RPS(-1),epsMRSS            -1.270486       -0.039003        0.007162       -0.682029       -0.682029       -4.256966       -0.268780        0.007850       -0.015271       -1.982307        0.205977       -2.972111       -1.494786        4.670841       -0.510096               0
RPS(-1),epsRPS              4.878494        0.265944       -0.221354        2.294240        2.294240       16.405730        0.901268        0.775273        0.101993        7.748600       -0.676054       11.369181        5.921137      -19.846489        1.836826               0
Rn(-1),epsA                 4.235439        0.176531       -0.025362        2.338555        2.338555       11.751494        1.231711       -0.098110       -0.086212        6.509157       -0.661945        8.014077        4.933403      -16.630830        1.675898               0
Rn(-1),epsG                -0.452513       -0.012646       -0.009635       -0.209988       -0.209988       -1.094192       -0.098195        0.061993        0.027951       -0.541557        0.049566       -0.777515       -0.459335        1.263530       -0.143514               0
Rn(-1),epsMCS              -1.077145       -0.073266       -0.003363       -0.768418       -0.768418       -3.159344       -0.625736       -0.121760        0.112398       -1.626171        0.362949       -1.926014       -1.492729        6.436069       -0.768979               0
Rn(-1),epsMPS              15.721822        0.977483       -0.680352        8.153477        8.153477       51.134885        5.218195        3.104030       -0.142973       24.516148       -2.874997       34.684649       19.438696      -78.243580        6.881691               0
Rn(-1),epsIS                0.086257        0.004746        0.099761        0.020435        0.020435        0.056993       -0.023031        0.095009        0.028576        0.016829        0.012552        0.041919        0.001840        0.534061       -0.030796               0
Rn(-1),epsMRSS             -1.246714       -0.038273        0.007028       -0.669268       -0.669268       -4.177312       -0.372400        0.007704        0.027976       -1.945215        0.202123       -2.916499       -1.466817        4.583443       -0.500551               0
Rn(-1),epsRPS               4.787211        0.260968       -0.217212        2.251312        2.251312       16.098758        1.275090        0.760767       -0.092680        7.603614       -0.663404       11.156449        5.810345      -19.475136        1.802457               0
W(-1),epsA                         0               0               0               0               0               0               0               0               0               0               0        1.099052               0               0               0               0
W(-1),epsG                         0               0               0               0               0               0               0               0               0               0               0       -0.157332               0               0               0               0
W(-1),epsMCS                       0               0               0               0               0               0               0               0               0               0               0        0.011835               0               0               0               0
W(-1),epsMPS                       0               0               0               0               0               0               0               0               0               0               0        4.566589               0               0               0               0
W(-1),epsIS                        0               0               0               0               0               0               0               0               0               0               0       -0.001268               0               0               0               0
W(-1),epsMRSS                      0               0               0               0               0               0               0               0               0               0               0       -0.534714               0               0               0               0
W(-1),epsRPS                       0               0               0               0               0               0               0               0               0               0               0        1.655779               0               0               0               0
MRSS(-1),epsA              -1.132034       -0.045033        0.058380       -0.594761       -0.594761       -3.432501       -0.215458       -0.104013       -0.025523       -1.904879        0.157330       -2.398124       -1.377872        4.503337       -0.476172               0
MRSS(-1),epsG               0.120221        0.001402       -0.010581        0.051015        0.051015        0.357523        0.010816        0.006647        0.007584        0.173980       -0.005919        0.262424        0.140085       -0.417967        0.041000               0
MRSS(-1),epsMCS             0.272581        0.026734       -0.019676        0.209409        0.209409        0.816411        0.117903        0.071291       -0.019186        0.424970       -0.090973        0.518658        0.398075       -2.112260        0.218409               0
MRSS(-1),epsMPS            -4.415597       -0.194124        0.004195       -2.436782       -2.436782      -14.206050       -1.183637       -0.287463        0.095648       -6.744209        0.941925       -9.631237       -5.295244       18.250786       -1.945162               0
MRSS(-1),epsIS              0.063797       -0.001513        0.030908        0.024150        0.024150        0.051147       -0.002086        0.002161        0.007057        0.032842        0.003098        0.039966        0.040428       -0.051098        0.008996               0
MRSS(-1),epsMRSS            0.346380        0.018380       -0.018748        0.194025        0.194025        1.271146        0.062109        0.022730        0.009401        0.579458       -0.044762        0.905613        0.417929       -1.602252        0.142362               0
MRSS(-1),epsRPS            -1.270486       -0.039003        0.007162       -0.682029       -0.682029       -4.256966       -0.268780        0.007850       -0.015271       -1.982307        0.205977       -2.972111       -1.494786        4.670841       -0.510096               0
A(-1),epsA                  4.026678        0.282439       -0.241712        2.579890        2.579890       10.669074        0.668653        0.244030        0.130633        6.635821       -0.474594        7.266768        4.827068      -20.428665        1.595809               0
A(-1),epsG                 -0.452480       -0.032697        0.044682       -0.293847       -0.293847       -1.098252       -0.025894       -0.003869       -0.033947       -0.640526        0.009603       -0.800384       -0.513155        2.541710       -0.137634               0
A(-1),epsMCS               -0.897357       -0.078637        0.063988       -0.669019       -0.669019       -2.916505       -0.399793       -0.261641        0.067331       -1.414365        0.309612       -1.729374       -1.323791        6.343370       -0.730793               0
A(-1),epsMPS               14.946139        0.792307       -0.031298        8.498392        8.498392       41.729847        3.886092        0.708197       -0.276926       22.567518       -3.077806       27.349022       17.785531      -66.969651        6.513337               0
A(-1),epsIS                -0.247250        0.000412       -0.116088       -0.140770       -0.140770       -0.235718        0.014938        0.004848       -0.030047       -0.138720       -0.018250       -0.179538       -0.158436        1.148862       -0.030425               0
A(-1),epsMRSS              -1.132034       -0.045033        0.058380       -0.594761       -0.594761       -3.432501       -0.215458       -0.104013       -0.025523       -1.904879        0.157330       -2.398124       -1.377872        4.503337       -0.476172               0
A(-1),epsRPS                4.316201        0.179898       -0.025845        2.383147        2.383147       11.975572        0.884622       -0.099981        0.062625        6.633274       -0.674567        8.166890        5.027473      -16.947948        1.707854               0
Y(-1),epsA                 -0.275687       -0.011491        0.001651       -0.152218       -0.152218       -0.764911       -0.056503        0.006386        0.005612       -0.423685        0.043086       -0.521641       -0.321118        1.082510       -0.109085               0
Y(-1),epsG                  0.029454        0.000823        0.000627        0.013668        0.013668        0.071222        0.004369       -0.004035       -0.001819        0.035250       -0.003226        0.050609        0.029898       -0.082244        0.009341               0
Y(-1),epsMCS                0.070112        0.004769        0.000219        0.050017        0.050017        0.205644        0.029836        0.007925       -0.007316        0.105848       -0.023625        0.125365        0.097163       -0.418927        0.050053               0
Y(-1),epsMPS               -1.023342       -0.063625        0.044284       -0.530714       -0.530714       -3.328399       -0.242373       -0.202043        0.009306       -1.595770        0.187135       -2.257644       -1.265276        5.092919       -0.447933               0
Y(-1),epsIS                -0.005615       -0.000309       -0.006494       -0.001330       -0.001330       -0.003710        0.001064       -0.006184       -0.001860       -0.001095       -0.000817       -0.002729       -0.000120       -0.034762        0.002004               0
Y(-1),epsMRSS               0.081149        0.002491       -0.000457        0.043563        0.043563        0.271904        0.017168       -0.000501       -0.001821        0.126615       -0.013156        0.189837        0.095476       -0.298339        0.032581               0
Y(-1),epsRPS               -0.311602       -0.016987        0.014138       -0.146539       -0.146539       -1.047877       -0.057566       -0.049519        0.006033       -0.494924        0.043181       -0.726180       -0.378199        1.267648       -0.117323               0
MCS(-1),epsA               -0.897357       -0.078637        0.063988       -0.669019       -0.669019       -2.916505       -0.399793       -0.261641        0.067331       -1.414365        0.309612       -1.729374       -1.323791        6.343370       -0.730793               0
MCS(-1),epsG                0.047792        0.003759       -0.013108        0.054450        0.054450        0.200327        0.025870        0.017575       -0.000825        0.102890       -0.018241        0.134921        0.095388       -0.592683        0.062789               0
MCS(-1),epsMCS              0.497982        0.035356       -0.031661        0.342149        0.342149        1.546488        0.185137        0.097284       -0.027728        0.777925       -0.143621        0.837698        0.685249       -3.454893        0.336300               0
MCS(-1),epsMPS             -4.554742       -0.343730       -0.027877       -3.072769       -3.072769      -13.273325       -1.909716       -0.792320        0.352294       -6.770613        1.536565       -7.705153       -6.108612       26.819687       -2.992911               0
MCS(-1),epsIS               0.068337       -0.001883        0.041891        0.035291        0.035291        0.079490       -0.001399       -0.004064        0.008853        0.041736        0.002974        0.054259        0.042659       -0.090509        0.013785               0
MCS(-1),epsMRSS             0.272581        0.026734       -0.019676        0.209409        0.209409        0.816411        0.117903        0.071291       -0.019186        0.424970       -0.090973        0.518658        0.398075       -2.112260        0.218409               0
MCS(-1),epsRPS             -1.097684       -0.074663       -0.003428       -0.783070       -0.783070       -3.219587       -0.467111       -0.124081        0.071990       -1.657179        0.369870       -1.962740       -1.521192        6.558793       -0.783642               0
Deltap(-1),epsA            -5.283031       -0.119608        0.609177       -4.281957       -4.281957      -14.934829        0.162183        0.924113       -0.609995       -8.288597       -0.320585      -10.952844       -7.107315       41.224557       -3.208477               0
Deltap(-1),epsG             0.647758        0.027214       -0.072211        0.490347        0.490347        1.636796       -0.045573       -0.100173        0.079935        0.842316        0.058813        1.227619        0.792436       -4.173293        0.275481               0
Deltap(-1),epsMCS           1.170517       -0.008692       -0.222156        1.283236        1.283236        4.208381        0.038559       -0.217809        0.119260        2.182268        0.035410        2.989305        2.077284      -14.958528        1.472175               0
Deltap(-1),epsMPS         -17.835165        0.331878        2.047971      -14.456827      -14.456827      -56.587964        0.049313        4.482755       -1.715886      -28.530027       -0.706150      -41.239302      -25.619563      183.732299      -13.162155               0
Deltap(-1),epsIS            0.267737       -0.004766        0.099439        0.182988        0.182988        0.312142       -0.033647       -0.039180        0.038990        0.179005        0.036271        0.250480        0.208875       -1.643527        0.060211               0
Deltap(-1),epsMRSS          1.492017       -0.013257       -0.163289        1.058651        1.058651        4.804358       -0.026543       -0.230671        0.164672        2.377137        0.074076        3.545936        2.044114      -10.085321        0.957757               0
Deltap(-1),epsRPS          -5.496523        0.041933        0.463297       -4.089536       -4.089536      -16.590780        0.050730        1.379618       -0.577175       -8.311796       -0.222075      -12.163548       -7.368111       40.555213       -3.442159               0
MPS(-1),epsA               14.946139        0.792307       -0.031298        8.498392        8.498392       41.729847        3.886092        0.708197       -0.276926       22.567518       -3.077806       27.349022       17.785531      -66.969651        6.513337               0
MPS(-1),epsG               -1.611613       -0.078435       -0.049218       -0.765797       -0.765797       -4.023432       -0.364801        0.043796        0.048043       -1.996399        0.295413       -2.709285       -1.698362        4.541078       -0.555364               0
MPS(-1),epsMCS             -4.554742       -0.343730       -0.027877       -3.072769       -3.072769      -13.273325       -1.909716       -0.792320        0.352294       -6.770613        1.536565       -7.705153       -6.108612       26.819687       -2.992911               0
MPS(-1),epsMPS             51.486102        2.992489       -2.754236       30.134157       30.134157      165.534349       13.063580       10.656072       -0.781654       80.468678       -9.768899      111.408676       66.054087     -360.893845       26.885771               0
MPS(-1),epsIS               0.249589       -0.001614        0.340574        0.047533        0.047533       -0.021117       -0.075084        0.204289        0.069354       -0.036141        0.060189        0.025938       -0.052370        1.678866       -0.119601               0
MPS(-1),epsMRSS            -4.415597       -0.194124        0.004195       -2.436782       -2.436782      -14.206050       -1.183637       -0.287463        0.095648       -6.744209        0.941925       -9.631237       -5.295244       18.250786       -1.945162               0
MPS(-1),epsRPS             16.021607        0.996122       -0.693325        8.308948        8.308948       52.109927        3.794635        3.163218       -0.183115       24.983622       -2.929817       35.346018       19.809353      -79.735532        7.012912               0
G(-1),epsA                 -1.248813       -0.090243        0.123319       -0.810996       -0.810996       -3.031098       -0.071466       -0.010677       -0.093692       -1.767807        0.026503       -2.209003       -1.416271        7.014940       -0.379861               0
G(-1),epsG                  1.079693        0.002512       -0.057462        0.397205        0.397205        1.011634       -0.063161       -0.159725        0.116116        0.535523        0.066352        0.762617        0.541208       -2.491098        0.035230               0
G(-1),epsMCS                0.131904        0.010375       -0.036177        0.150279        0.150279        0.552888        0.071400        0.048506       -0.002277        0.283969       -0.050344        0.372371        0.263265       -1.635764        0.173293               0
G(-1),epsMPS               -4.447938       -0.216474       -0.135837       -2.113544       -2.113544      -11.104388       -1.006825        0.120873        0.132595       -5.509919        0.815319       -7.477435       -4.687359       12.533052       -1.532765               0
G(-1),epsIS                 0.128820        0.004633        0.072568        0.053205        0.053205        0.091494       -0.008412        0.031115        0.011370        0.051637        0.009147        0.072264        0.059372       -0.341280        0.007372               0
G(-1),epsMRSS               0.331800        0.003868       -0.029202        0.140799        0.140799        0.986739        0.029851        0.018344        0.020933        0.480171       -0.016337        0.724272        0.386623       -1.153559        0.113156               0
G(-1),epsRPS               -1.272719       -0.035568       -0.027099       -0.590603       -0.590603       -3.077475       -0.188768        0.174358       -0.027641       -1.523159        0.139407       -2.186804       -1.291905        3.553747       -0.403642               0
C(-1),epsA                 -1.247535       -0.090052        0.122787       -0.809785       -0.809785       -3.027397       -0.071117       -0.010033       -0.093706       -1.765780        0.026249       -2.206635       -1.414340        6.990125       -0.379077               0
C(-1),epsG                  0.125316        0.015252       -0.018216        0.057293        0.057293        0.247071       -0.001373        0.027062        0.001226        0.124697        0.005137        0.194050        0.110908       -0.863641        0.032696               0
C(-1),epsMCS                0.131623        0.010320       -0.035996        0.149986        0.149986        0.551440        0.071202        0.048241       -0.002245        0.283254       -0.050190        0.371587        0.262657       -1.630098        0.172934               0
C(-1),epsMPS               -4.441436       -0.216706       -0.134793       -2.109696       -2.109696      -11.091550       -1.005589        0.118984        0.132519       -5.502925        0.814473       -7.469071       -4.680323       12.490869       -1.529536               0
C(-1),epsIS                 0.128022        0.004620        0.072031        0.052888        0.052888        0.090939       -0.008351        0.031063        0.011276        0.051335        0.009085        0.071834        0.059036       -0.340343        0.007355               0
C(-1),epsMRSS               0.331435        0.003830       -0.029074        0.140614        0.140614        0.985771        0.029724        0.018130        0.020948        0.479630       -0.016239        0.723639        0.386086       -1.149968        0.112923               0
C(-1),epsRPS               -1.270790       -0.035651       -0.026761       -0.589574       -0.589574       -3.074045       -0.188345        0.173642       -0.027652       -1.521241        0.139088       -2.184579       -1.289920        3.545463       -0.402802               0
IS(-1),epsA                -0.247250        0.000412       -0.116088       -0.140770       -0.140770       -0.235718        0.014938        0.004848       -0.030047       -0.138720       -0.018250       -0.179538       -0.158436        1.148862       -0.030425               0
IS(-1),epsG                 0.046675        0.001679        0.026293        0.019278        0.019278        0.033151       -0.003048        0.011274        0.004120        0.018710        0.003314        0.026183        0.021512       -0.123655        0.002671               0
IS(-1),epsMCS               0.068337       -0.001883        0.041891        0.035291        0.035291        0.079490       -0.001399       -0.004064        0.008853        0.041736        0.002974        0.054259        0.042659       -0.090509        0.013785               0
IS(-1),epsMPS               0.249589       -0.001614        0.340574        0.047533        0.047533       -0.021117       -0.075084        0.204289        0.069354       -0.036141        0.060189        0.025938       -0.052370        1.678866       -0.119601               0
IS(-1),epsIS               -0.188457        0.019863       -0.159622       -0.073349       -0.073349       -0.089947        0.010552        0.136547       -0.022514       -0.053837       -0.010389       -0.070127       -0.069310        1.205614        0.000127               0
IS(-1),epsMRSS              0.063797       -0.001513        0.030908        0.024150        0.024150        0.051147       -0.002086        0.002161        0.007057        0.032842        0.003098        0.039966        0.040428       -0.051098        0.008996               0
IS(-1),epsRPS               0.087902        0.004836        0.101663        0.020824        0.020824        0.058080       -0.016657        0.096821        0.016861        0.017150        0.012792        0.042718        0.001875        0.544244       -0.031383               0
PIE(-1),epsA                2.233220        0.113817       -0.007231        1.280718        1.280718        6.244816        0.387607        0.077267       -0.062697        3.377152       -0.632719        3.272852        2.667336      -10.192176        0.984725               0
PIE(-1),epsG               -0.240487       -0.010927       -0.007237       -0.115031       -0.115031       -0.602454       -0.037051        0.011351        0.013042       -0.299023        0.057963       -0.288786       -0.254572        0.707307       -0.084004               0
PIE(-1),epsMCS             -0.686040       -0.050531       -0.003968       -0.463993       -0.463993       -2.004186       -0.197959       -0.111764        0.057982       -1.022095        0.310587       -1.176216       -0.921891        4.038645       -0.452436               0
PIE(-1),epsMPS              7.739999        0.463933       -0.422812        4.550565        4.550565       24.803366        1.212880        1.644407       -0.114481       12.068020       -2.223865       13.231256        9.927603      -53.451890        4.062377               0
PIE(-1),epsIS               0.043292        0.000367        0.055541        0.009620        0.009620       -0.004508       -0.005863        0.032968        0.012131       -0.005587        0.010382        0.001995       -0.006785        0.332045       -0.018154               0
PIE(-1),epsMRSS            -0.658864       -0.027147        0.001337       -0.365959       -0.365959       -2.122017       -0.119355       -0.035288        0.020619       -1.008408        0.192557       -1.038092       -0.793499        2.771838       -0.294076               0
PIE(-1),epsRPS              2.377107        0.147442       -0.112763        1.248991        1.248991        7.735149        0.362588        0.471860       -0.059184        3.711934       -0.626436        4.005810        2.950948      -12.175029        1.060107               0


THEORETICAL MOMENTS BASED ON PRUNED STATE SPACE
VARIABLE         MEAN  STD. DEV.   VARIANCE
Y              2.0128     0.0055     0.0000
C              1.1474     0.0016     0.0000
I              0.5033     0.0014     0.0000
H              0.9516     0.0015     0.0000
Hd             0.9516     0.0015     0.0000
W              1.5187     0.0118     0.0001
R              1.0143     0.0029     0.0000
Q              1.0000     0.0030     0.0000
Rn             1.0191     0.0012     0.0000
MC             0.8570     0.0059     0.0000
PIE            1.0048     0.0031     0.0000
PIEw           1.0076     0.0077     0.0001
u              0.9997     0.0045     0.0000
V           -345.3531     0.0440     0.0019
Deltap         1.0003     0.0002     0.0000
Deltaw         1.0000     0.0000     0.0000



MATRIX OF CORRELATIONS BASED ON PRUNED STATE SPACE
Variables         Y       C       I       H      Hd       W       R       Q      Rn      MC     PIE    PIEw       u       V  Deltap  Deltaw
Y            1.0000  0.8825  0.7613  0.7517  0.7517  0.9421 -0.8976  0.7005  0.3930  0.9096  0.9044  0.5859  0.9200  0.2443  0.7390     NaN
C            0.8825  1.0000  0.7363  0.5760  0.5760  0.7642 -0.7639  0.5801  0.3588  0.7053  0.7895  0.3596  0.6930  0.4949  0.6874     NaN
I            0.7613  0.7363  1.0000  0.4154  0.4154  0.5602 -0.5663  0.3851  0.1593  0.4803  0.5429  0.2567  0.5019  0.5397  0.4574     NaN
H            0.7517  0.5760  0.4154  1.0000  1.0000  0.7193 -0.7130  0.2411  0.6263  0.7946  0.8168  0.3490  0.7957 -0.0844  0.7350     NaN
Hd           0.7517  0.5760  0.4154  1.0000  1.0000  0.7193 -0.7130  0.2411  0.6263  0.7946  0.8168  0.3490  0.7957 -0.0844  0.7350     NaN
W            0.9421  0.7642  0.5602  0.7193  0.7193  1.0000 -0.9072  0.8054  0.3511  0.9869  0.8948  0.7444  0.9800  0.1151  0.6923     NaN
R           -0.8976 -0.7639 -0.5663 -0.7130 -0.7130 -0.9072  1.0000 -0.7030 -0.2364 -0.8942 -0.9222 -0.5499 -0.9064 -0.0605 -0.7061     NaN
Q            0.7005  0.5801  0.3851  0.2411  0.2411  0.8054 -0.7030  1.0000 -0.0633  0.7381  0.5914  0.7801  0.7483  0.0768  0.3701     NaN
Rn           0.3930  0.3588  0.1593  0.6263  0.6263  0.3511 -0.2364 -0.0633  1.0000  0.4061  0.5696  0.0192  0.4127 -0.1146  0.6172     NaN
MC           0.9096  0.7053  0.4803  0.7946  0.7946  0.9869 -0.8942  0.7381  0.4061  1.0000  0.8991  0.7320  0.9887  0.0325  0.6991     NaN
PIE          0.9044  0.7895  0.5429  0.8168  0.8168  0.8948 -0.9222  0.5914  0.5696  0.8991  1.0000  0.4888  0.9129  0.0245  0.8474     NaN
PIEw         0.5859  0.3596  0.2567  0.3490  0.3490  0.7444 -0.5499  0.7801  0.0192  0.7320  0.4888  1.0000  0.7077  0.0498  0.3121     NaN
u            0.9200  0.6930  0.5019  0.7957  0.7957  0.9800 -0.9064  0.7483  0.4127  0.9887  0.9129  0.7077  1.0000 -0.0582  0.7180     NaN
V            0.2443  0.4949  0.5397 -0.0844 -0.0844  0.1151 -0.0605  0.0768 -0.1146  0.0325  0.0245  0.0498 -0.0582  1.0000  0.0273     NaN
Deltap       0.7390  0.6874  0.4574  0.7350  0.7350  0.6923 -0.7061  0.3701  0.6172  0.6991  0.8474  0.3121  0.7180  0.0273  1.0000     NaN
Deltaw          NaN     NaN     NaN     NaN     NaN     NaN     NaN     NaN     NaN     NaN     NaN     NaN     NaN     NaN     NaN     NaN



COEFFICIENTS OF AUTOCORRELATION BASED ON PRUNED STATE SPACE
Order          1       2       3       4       5
Y         0.7756  0.5487  0.3699  0.2449  0.1633
C         0.9001  0.7400  0.5878  0.4680  0.3825
I         0.9266  0.7972  0.6600  0.5364  0.4329
H         0.7636  0.5332  0.3494  0.2183  0.1316
Hd        0.7636  0.5332  0.3494  0.2183  0.1316
W         0.6269  0.3582  0.1931  0.1020  0.0556
R         0.7774  0.4576  0.2103  0.0651 -0.0035
Q         0.4620  0.1566  0.0118 -0.0418 -0.0514
Rn        0.9086  0.7366  0.5516  0.3908  0.2666
MC        0.6257  0.3578  0.1927  0.1008  0.0532
PIE       0.8386  0.6090  0.4097  0.2644  0.1676
PIEw     -0.0306 -0.0237 -0.0049  0.0085  0.0144
u         0.6609  0.3990  0.2271  0.1247  0.0676
V         0.9711  0.9505  0.9343  0.9199  0.9056
Deltap    0.9020  0.7423  0.5821  0.4444  0.3341

EIGENVALUES:
         Modulus             Real        Imaginary

               0                0                0
       3.976e-17       -3.976e-17                0
       1.221e-16        1.221e-16                0
       3.472e-16        3.472e-16                0
          0.5265            0.489           0.1952
          0.5265            0.489          -0.1952
           0.555            0.555                0
             0.7              0.7                0
             0.7              0.7                0
             0.7              0.7                0
             0.7              0.7                0
             0.7              0.7                0
             0.7              0.7                0
             0.7              0.7                0
          0.7126           0.7126                0
          0.7943           0.7943                0
          0.9753           0.9753                0
           1.011            1.011                0
           1.043            1.043                0
           1.103            1.103                0
           1.324            1.281           0.3369
           1.324            1.281          -0.3369
           1.439            1.439                0
           4.048           -4.048                0
       1.181e+16        1.181e+16                0
       5.308e+16       -5.308e+16                0
       7.232e+16        7.232e+16                0
       1.971e+17        1.971e+17                0
       3.592e+17       -3.592e+17                0
        7.02e+17         7.02e+17                0
       5.091e+18       -5.091e+18                0
       4.112e+19       -4.112e+19                0
       6.441e+19        6.441e+19                0
        4.48e+20         4.48e+20                0
       5.614e+21       -5.614e+21                0
       2.028e+35       -2.028e+35                0


There are 19 eigenvalue(s) larger than 1 in modulus 
for 19 forward-looking variable(s)

The rank condition is verified.


STEADY-STATE RESULTS:

V      		 -345.33
U      		 -3.92252
C      		 1.14757
H      		 0.951592
K      		 18.1769
S      		 0
X      		 1.00275
I      		 0.503035
IS     		 1
Sdash  		 0
lambda 		 5.66062
Wh     		 1.01256
rK     		 0.0392715
adash  		 0.0392715
RPS    		 1
LAMBDA 		 0.985929
R      		 1.01427
Q      		 1
u      		 1
au     		 0
Rn     		 1.01907
PIE    		 1.00473
PIEw   		 1.00749
W      		 1.51884
Jw     		 1.44532
Hd     		 0.951592
MRSS   		 1
JJw    		 0.951592
WO     		 1
Deltaw 		 1
YW     		 2.01326
A      		 1
PWP    		 0.857195
MC     		 0.857195
Jp     		 6.79103
Y      		 2.01293
MCS    		 1
JJp    		 6.75286
PO     		 1.00565
Deltap 		 1.00016
MPS    		 1
G      		 0.362328
RK     		 1.01427
Total computing time : 0h00m34s
